#
# A fatal error has been detected by the Java Runtime Environment:
#
#  SIGILL (0x4) at pc=0x00007fff890772ea, pid=9179, tid=1811
#
# JRE version: Java(TM) SE Runtime Environment (7.0_79-b15) (build 1.7.0_79-b15)
# Java VM: Java HotSpot(TM) 64-Bit Server VM (24.79-b02 mixed mode bsd-amd64 compressed oops)
# Problematic frame:
# C  [libobjc.A.dylib+0x122ea]  _ZL10_objc_trapv+0x0
#
# Failed to write core dump. Core dumps have been disabled. To enable core dumping, try "ulimit -c unlimited" before starting Java again
#
# If you would like to submit a bug report, please visit:
#   http://bugreport.java.com/bugreport/crash.jsp
# The crash happened outside the Java Virtual Machine in native code.
# See problematic frame for where to report the bug.
#

---------------  T H R E A D  ---------------

Current thread (0x00007fb21d008800):  JavaThread "AppKit Thread" daemon [_thread_in_native, id=1811, stack(0x00007fff56784000,0x00007fff56804000)]

siginfo:si_signo=SIGILL: si_errno=0, si_code=1 (ILL_ILLOPC), si_addr=0x00007fff890772ea

Registers:
RAX=0x0000000000000000, RBX=0x00007fb21b55c140, RCX=0x0000000000000000, RDX=0x00007fff7440a1e0
RSP=0x00007fff567fe968, RBP=0x00007fff567fea50, RSI=0x0000010000000100, RDI=0x0000000000000103
R8 =0x00007fff567fe910, R9 =0x00000000fffffffc, R10=0x0000000000000000, R11=0x0000000000000d40
R12=0x00007fff7363f070, R13=0x00007fff74413e80, R14=0x00007fff744158a8, R15=0x00007fb21b63c378
RIP=0x00007fff890772ea, EFLAGS=0x0000000000010206, ERR=0x0000000000000000
  TRAPNO=0x0000000000000006

Top of Stack: (sp=0x00007fff567fe968)
0x00007fff567fe968:   00007fff8907742a 0000000000000000
0x00007fff567fe978:   00007fb21b55c140 00007fff91ea2bda
0x00007fff567fe988:   00007fff91ea2bda 000000000000005f
0x00007fff567fe998:   00007fb21b55c140 00007fff567fe9d0
0x00007fff567fe9a8:   00007fff89087225 00007fff567fea10
0x00007fff567fe9b8:   00007fff8907ada1 00007fff74415890
0x00007fff567fe9c8:   00007fff7363f070 00007fff567fea30
0x00007fff567fe9d8:   00007fb21b63c378 00007fff567fea10
0x00007fff567fe9e8:   00007fff91ea2bda 00007fff91ea2bda
0x00007fff567fe9f8:   0000000000000000 00007fff758470c0
0x00007fff567fea08:   00007fb21b63c378 00007fff567fea50
0x00007fff567fea18:   00007fff8907c5ad 00007fb21b4a8020
0x00007fff567fea28:   00007fb21b4a7ef0 0000003000000018
0x00007fff567fea38:   00007fff567fea60 00007fff567fe970
0x00007fff567fea48:   00007fb21b63c378 00007fff567feac0
0x00007fff567fea58:   00007fff8906ec87 0000000000000000
0x00007fff567fea68:   00007fb21b7421a0 00007fff74413e80
0x00007fff567fea78:   00007fb21b63c2f8 00007fff567feae0
0x00007fff567fea88:   00007fff8906eb21 71003fa3ca40a844
0x00007fff567fea98:   00007fff74413e80 0000000000000000
0x00007fff567feaa8:   00007fff74413e80 00007fb21b63c378
0x00007fff567feab8:   00007fff74415880 00007fff567feb20
0x00007fff567feac8:   00007fff8906eac7 000000000000000b
0x00007fff567fead8:   00007fb21b55c140 0000000000001a00
0x00007fff567feae8:   00007fb21b63c378 000000000000000b
0x00007fff567feaf8:   00007fb21b745240 0000000000000000
0x00007fff567feb08:   00007fb21b422170 00007fb21b63bc90
0x00007fff567feb18:   00007fb21b55c140 00007fff567feb60
0x00007fff567feb28:   00007fff8c5b913c 00007fb21b745240
0x00007fff567feb38:   0000000000000000 00007fb21b55c140
0x00007fff567feb48:   00007fff890660c0 00007fb21b745240
0x00007fff567feb58:   00007fff7585ebe8 00007fff567feb90 

Instructions: (pc=0x00007fff890772ea)
0x00007fff890772ca:   c0 44 89 f2 e8 1f 08 01 00 48 8b 7d e0 e8 30 cc
0x00007fff890772da:   ff ff 48 8b 7d e0 e8 d3 15 ff ff e8 00 00 00 00
0x00007fff890772ea:   0f 0b 55 48 89 e5 48 81 ec d0 00 00 00 84 c0 74
0x00007fff890772fa:   26 0f 29 85 60 ff ff ff 0f 29 8d 70 ff ff ff 0f 

Register to memory mapping:

RAX=0x0000000000000000 is an unknown value
RBX=0x00007fb21b55c140 is an unknown value
RCX=0x0000000000000000 is an unknown value
RDX=0x00007fff7440a1e0: _ZZL14_objc_crashlogPKcE13crashlog_lock+0x20 in /usr/lib/libobjc.A.dylib at 0x00007fff89065000
RSP=0x00007fff567fe968 is pointing into the stack for thread: 0x00007fb21d008800
RBP=0x00007fff567fea50 is pointing into the stack for thread: 0x00007fb21d008800
RSI=0x0000010000000100 is an unknown value
RDI=0x0000000000000103 is an unknown value
R8 =0x00007fff567fe910 is pointing into the stack for thread: 0x00007fb21d008800
R9 =0x00000000fffffffc is an unknown value
R10=0x0000000000000000 is an unknown value
R11=0x0000000000000d40 is an unknown value
R12=0x00007fff7363f070: __stack_chk_guard+0 in /usr/lib/system/libsystem_c.dylib at 0x00007fff839f2000
R13=0x00007fff74413e80: _ZN12_GLOBAL__N_19SideTable9table_bufE+0 in /usr/lib/libobjc.A.dylib at 0x00007fff89065000
R14=0x00007fff744158a8: _ZN12_GLOBAL__N_19SideTable9table_bufE+0x1a28 in /usr/lib/libobjc.A.dylib at 0x00007fff89065000
R15=0x00007fb21b63c378 is an unknown value


Stack: [0x00007fff56784000,0x00007fff56804000],  sp=0x00007fff567fe968,  free space=490k
Native frames: (J=compiled Java code, j=interpreted, Vv=VM code, C=native code)
C  [libobjc.A.dylib+0x122ea]  _ZL10_objc_trapv+0x0
C  [libobjc.A.dylib+0x9c87]  class_getMethodImplementation+0x0
C  [libobjc.A.dylib+0x9ac7]  objc_storeWeak+0xe9
C  [Foundation+0x1613c]  -[NSConcreteMapTable setObject:forKey:]+0x6e
C  [AppKit+0x31e04e]  -[NSView(NSOpenGLContextAssociation) _setOpenGLContext:]+0xf2
C  [AppKit+0x31dc64]  -[NSOpenGLContext setView:]+0x5b
C  [liblwjgl.dylib+0xa586]  -[MacOSXOpenGLView lockFocus]+0x76
C  [AppKit+0xe2055]  -[NSView _recursiveDisplayRectIfNeededIgnoringOpacity:isVisibleRect:rectIsVisibleRectForView:topView:]+0x740
C  [AppKit+0xe30b0]  -[NSView _recursiveDisplayRectIfNeededIgnoringOpacity:isVisibleRect:rectIsVisibleRectForView:topView:]+0x179b
C  [AppKit+0xe1403]  -[NSThemeFrame _recursiveDisplayRectIfNeededIgnoringOpacity:isVisibleRect:rectIsVisibleRectForView:topView:]+0x14d
C  [AppKit+0xdd79b]  -[NSView _displayRectIgnoringOpacity:isVisibleRect:rectIsVisibleRectForView:]+0xac9
C  [AppKit+0x952be]  -[NSView displayIfNeeded]+0x754
C  [AppKit+0x94b19]  -[NSWindow displayIfNeeded]+0xec
C  [AppKit+0x94782]  _handleWindowNeedsDisplayOrLayoutOrUpdateConstraints+0x3a8
C  [AppKit+0x7ca191]  __83-[NSWindow _postWindowNeedsDisplayOrLayoutOrUpdateConstraintsUnlessPostingDisabled]_block_invoke1540+0x2e
C  [CoreFoundation+0x80127]  __CFRUNLOOP_IS_CALLING_OUT_TO_AN_OBSERVER_CALLBACK_FUNCTION__+0x17
C  [CoreFoundation+0x80080]  __CFRunLoopDoObservers+0x170
C  [CoreFoundation+0x72188]  __CFRunLoopRun+0x368
C  [CoreFoundation+0x71bd8]  CFRunLoopRunSpecific+0x128
C  [HIToolbox+0x3256f]  RunCurrentEventLoopInMode+0xeb
C  [HIToolbox+0x321ee]  ReceiveNextEventCommon+0xb3
C  [HIToolbox+0x3212b]  _BlockUntilNextEventMatchingListInModeWithFilter+0x47
C  [AppKit+0x919bb]  _DPSNextEvent+0x3d2
C  [AppKit+0x90f68]  -[NSApplication nextEventMatchingMask:untilDate:inMode:dequeue:]+0x15a
C  [libosxapp.dylib+0x24e3]  -[NSApplicationAWT nextEventMatchingMask:untilDate:inMode:dequeue:]+0x7c
C  [AppKit+0x86bf3]  -[NSApplication run]+0x252
C  [libosxapp.dylib+0x2346]  +[NSApplicationAWT runAWTLoopWithApp:]+0x9c
C  [liblwawt.dylib+0xe17d]  -[AWTStarter starter:]+0x369
C  [Foundation+0x92d00]  __NSThreadPerformPerform+0x125
C  [CoreFoundation+0x80a01]  __CFRUNLOOP_IS_CALLING_OUT_TO_A_SOURCE0_PERFORM_FUNCTION__+0x11
C  [CoreFoundation+0x72b8d]  __CFRunLoopDoSources0+0x10d
C  [CoreFoundation+0x721bf]  __CFRunLoopRun+0x39f
C  [CoreFoundation+0x71bd8]  CFRunLoopRunSpecific+0x128
C  [java+0x73b0]  CreateExecutionEnvironment+0x367
C  [java+0x1b5c]  JLI_Launch+0x7a0
C  [java+0x770d]  main+0x65
C  [java+0x13b4]  start+0x34


---------------  P R O C E S S  ---------------

Java Threads: ( => current thread )
  0x00007fb21d09a800 JavaThread "AWT-Shutdown" [_thread_blocked, id=27675, stack(0x000000011b559000,0x000000011b659000)]
=>0x00007fb21d008800 JavaThread "AppKit Thread" daemon [_thread_in_native, id=1811, stack(0x00007fff56784000,0x00007fff56804000)]
  0x00007fb21c011800 JavaThread "Service Thread" daemon [_thread_blocked, id=17667, stack(0x0000000115d65000,0x0000000115e65000)]
  0x00007fb21c011000 JavaThread "C2 CompilerThread1" daemon [_thread_blocked, id=17155, stack(0x0000000115c62000,0x0000000115d62000)]
  0x00007fb21c00f000 JavaThread "C2 CompilerThread0" daemon [_thread_blocked, id=16643, stack(0x0000000115b5f000,0x0000000115c5f000)]
  0x00007fb21c009800 JavaThread "Signal Dispatcher" daemon [_thread_blocked, id=13331, stack(0x0000000115a5c000,0x0000000115b5c000)]
  0x00007fb21d005800 JavaThread "Finalizer" daemon [_thread_blocked, id=11523, stack(0x0000000114039000,0x0000000114139000)]
  0x00007fb21d005000 JavaThread "Reference Handler" daemon [_thread_blocked, id=11011, stack(0x0000000113f36000,0x0000000114036000)]
  0x00007fb21c803000 JavaThread "main" [_thread_in_native, id=4867, stack(0x000000010a864000,0x000000010a964000)]

Other Threads:
  0x00007fb21d002000 VMThread [stack: 0x0000000113e33000,0x0000000113f33000] [id=10499]
  0x00007fb21c00a800 WatcherThread [stack: 0x0000000115e68000,0x0000000115f68000] [id=18179]

VM state:not at safepoint (normal execution)

VM Mutex/Monitor currently owned by a thread: None

Heap
 PSYoungGen      total 38912K, used 15084K [0x00000007d5500000, 0x00000007d8000000, 0x0000000800000000)
  eden space 33792K, 44% used [0x00000007d5500000,0x00000007d63bb2f0,0x00000007d7600000)
  from space 5120K, 0% used [0x00000007d7b00000,0x00000007d7b00000,0x00000007d8000000)
  to   space 5120K, 0% used [0x00000007d7600000,0x00000007d7600000,0x00000007d7b00000)
 ParOldGen       total 87040K, used 0K [0x0000000780000000, 0x0000000785500000, 0x00000007d5500000)
  object space 87040K, 0% used [0x0000000780000000,0x0000000780000000,0x0000000785500000)
 PSPermGen       total 21504K, used 6404K [0x000000077ae00000, 0x000000077c300000, 0x0000000780000000)
  object space 21504K, 29% used [0x000000077ae00000,0x000000077b4413d8,0x000000077c300000)

Card table byte_map: [0x000000010da26000,0x000000010de50000] byte_map_base: 0x0000000109e4f000

Polling page: 0x000000010954e000

Code Cache  [0x000000010a966000, 0x000000010abd6000, 0x000000010d966000)
 total_blobs=414 nmethods=76 adapters=292 free_code_cache=48576Kb largest_free_block=49717824

Compilation events (10 events):
Event: 3.337 Thread 0x00007fb21c00f000   70             java.nio.Buffer::position (43 bytes)
Event: 3.338 Thread 0x00007fb21c00f000 nmethod 70 0x000000010a9f6690 code [0x000000010a9f67c0, 0x000000010a9f6858]
Event: 3.347 Thread 0x00007fb21c011000   71             org.newdawn.slick.opengl.renderer.ImmediateModeOGLRenderer::glBegin (5 bytes)
Event: 3.347 Thread 0x00007fb21c00f000   72             org.lwjgl.opengl.GL11::glBegin (19 bytes)
Event: 3.350 Thread 0x00007fb21c00f000 nmethod 72 0x000000010a9f5f50 code [0x000000010a9f60a0, 0x000000010a9f61a8]
Event: 3.350 Thread 0x00007fb21c011000 nmethod 71 0x000000010a9f5b10 code [0x000000010a9f5c60, 0x000000010a9f5d88]
Event: 3.350 Thread 0x00007fb21c00f000   74             org.newdawn.slick.opengl.renderer.ImmediateModeOGLRenderer::glEnd (4 bytes)
Event: 3.350 Thread 0x00007fb21c011000   75             org.lwjgl.opengl.GL11::glEnd (18 bytes)
Event: 3.351 Thread 0x00007fb21c00f000 nmethod 74 0x000000010a9f5650 code [0x000000010a9f57a0, 0x000000010a9f58a8]
Event: 3.352 Thread 0x00007fb21c011000 nmethod 75 0x000000010a9f3610 code [0x000000010a9f3760, 0x000000010a9f3848]

GC Heap History (0 events):
No events

Deoptimization events (5 events):
Event: 0.546 Thread 0x00007fb21c803000 Uncommon trap: reason=unloaded action=reinterpret pc=0x000000010a9e3e88 method=java.io.BufferedReader.readLine(Z)Ljava/lang/String; @ 268
Event: 1.013 Thread 0x00007fb21c803000 Uncommon trap: reason=class_check action=maybe_recompile pc=0x000000010a9ebd2c method=java.util.HashMap.put(Ljava/lang/Object;Ljava/lang/Object;)Ljava/lang/Object; @ 137
Event: 1.016 Thread 0x00007fb21c803000 Uncommon trap: reason=class_check action=maybe_recompile pc=0x000000010a9ebd2c method=java.util.HashMap.put(Ljava/lang/Object;Ljava/lang/Object;)Ljava/lang/Object; @ 137
Event: 1.016 Thread 0x00007fb21c803000 Uncommon trap: reason=class_check action=maybe_recompile pc=0x000000010a9ebd2c method=java.util.HashMap.put(Ljava/lang/Object;Ljava/lang/Object;)Ljava/lang/Object; @ 137
Event: 1.018 Thread 0x00007fb21c803000 Uncommon trap: reason=class_check action=maybe_recompile pc=0x000000010a9ebd2c method=java.util.HashMap.put(Ljava/lang/Object;Ljava/lang/Object;)Ljava/lang/Object; @ 137

Internal exceptions (10 events):
Event: 1.015 Thread 0x00007fb21c803000 Threw 0x00000007d6156190 at /HUDSON/workspace/7u-2-build-macosx-x86_64/jdk7u79/2331/hotspot/src/share/vm/prims/jvm.cpp:1304
Event: 1.016 Thread 0x00007fb21c803000 Threw 0x00000007d61617a0 at /HUDSON/workspace/7u-2-build-macosx-x86_64/jdk7u79/2331/hotspot/src/share/vm/prims/jvm.cpp:1304
Event: 1.018 Thread 0x00007fb21c803000 Threw 0x00000007d6167668 at /HUDSON/workspace/7u-2-build-macosx-x86_64/jdk7u79/2331/hotspot/src/share/vm/prims/jvm.cpp:1304
Event: 1.019 Thread 0x00007fb21c803000 Threw 0x00000007d616bb78 at /HUDSON/workspace/7u-2-build-macosx-x86_64/jdk7u79/2331/hotspot/src/share/vm/prims/jvm.cpp:1304
Event: 1.020 Thread 0x00007fb21c803000 Threw 0x00000007d6173fb8 at /HUDSON/workspace/7u-2-build-macosx-x86_64/jdk7u79/2331/hotspot/src/share/vm/prims/jvm.cpp:1304
Event: 1.020 Thread 0x00007fb21c803000 Threw 0x00000007d6178830 at /HUDSON/workspace/7u-2-build-macosx-x86_64/jdk7u79/2331/hotspot/src/share/vm/prims/jvm.cpp:1304
Event: 1.021 Thread 0x00007fb21c803000 Threw 0x00000007d6183930 at /HUDSON/workspace/7u-2-build-macosx-x86_64/jdk7u79/2331/hotspot/src/share/vm/prims/jvm.cpp:1304
Event: 1.022 Thread 0x00007fb21c803000 Threw 0x00000007d6188bd0 at /HUDSON/workspace/7u-2-build-macosx-x86_64/jdk7u79/2331/hotspot/src/share/vm/prims/jvm.cpp:1304
Event: 1.022 Thread 0x00007fb21c803000 Threw 0x00000007d618da28 at /HUDSON/workspace/7u-2-build-macosx-x86_64/jdk7u79/2331/hotspot/src/share/vm/prims/jvm.cpp:1304
Event: 1.022 Thread 0x00007fb21c803000 Threw 0x00000007d6192788 at /HUDSON/workspace/7u-2-build-macosx-x86_64/jdk7u79/2331/hotspot/src/share/vm/prims/jvm.cpp:1304

Events (10 events):
Event: 2.015 loading class 0x00007fb21d014ae0 done
Event: 2.015 loading class 0x00007fb21c0f61b0 done
Event: 2.015 loading class 0x00007fb21b87ac80
Event: 2.015 loading class 0x00007fb21b87ac80 done
Event: 2.015 loading class 0x00007fb21b87ad50
Event: 2.015 loading class 0x00007fb21b87adc0
Event: 2.015 loading class 0x00007fb21b87adc0 done
Event: 2.015 loading class 0x00007fb21b87ad50 done
Event: 2.016 Thread 0x00007fb21d09a800 Thread exited: 0x00007fb21d09a800
Event: 2.413 Thread 0x00007fb21d09a800 Thread added: 0x00007fb21d09a800


Dynamic libraries:
0x000000000358e000 	/System/Library/Frameworks/Cocoa.framework/Versions/A/Cocoa
0x000000000358e000 	/System/Library/Frameworks/Security.framework/Versions/A/Security
0x000000000358e000 	/System/Library/Frameworks/ApplicationServices.framework/Versions/A/ApplicationServices
0x000000000358e000 	/usr/lib/libz.1.dylib
0x000000000358e000 	/usr/lib/libSystem.B.dylib
0x000000000358e000 	/usr/lib/libobjc.A.dylib
0x000000000358e000 	/System/Library/Frameworks/CoreFoundation.framework/Versions/A/CoreFoundation
0x000000000358e000 	/System/Library/Frameworks/Foundation.framework/Versions/C/Foundation
0x000000000358e000 	/System/Library/Frameworks/AppKit.framework/Versions/C/AppKit
0x000000000358e000 	/System/Library/Frameworks/CoreData.framework/Versions/A/CoreData
0x000000000358e000 	/System/Library/PrivateFrameworks/RemoteViewServices.framework/Versions/A/RemoteViewServices
0x000000000358e000 	/System/Library/PrivateFrameworks/UIFoundation.framework/Versions/A/UIFoundation
0x000000000358e000 	/System/Library/Frameworks/IOSurface.framework/Versions/A/IOSurface
0x000000000358e000 	/System/Library/Frameworks/AudioToolbox.framework/Versions/A/AudioToolbox
0x000000000358e000 	/System/Library/Frameworks/AudioUnit.framework/Versions/A/AudioUnit
0x000000000358e000 	/System/Library/PrivateFrameworks/DataDetectorsCore.framework/Versions/A/DataDetectorsCore
0x000000000358e000 	/System/Library/PrivateFrameworks/DesktopServicesPriv.framework/Versions/A/DesktopServicesPriv
0x000000000358e000 	/System/Library/Frameworks/Carbon.framework/Versions/A/Frameworks/HIToolbox.framework/Versions/A/HIToolbox
0x000000000358e000 	/System/Library/Frameworks/QuartzCore.framework/Versions/A/QuartzCore
0x000000000358e000 	/System/Library/Frameworks/Carbon.framework/Versions/A/Frameworks/SpeechRecognition.framework/Versions/A/SpeechRecognition
0x000000000358e000 	/usr/lib/libauto.dylib
0x000000000358e000 	/usr/lib/libicucore.A.dylib
0x000000000358e000 	/usr/lib/libxml2.2.dylib
0x000000000358e000 	/System/Library/PrivateFrameworks/CoreUI.framework/Versions/A/CoreUI
0x000000000358e000 	/System/Library/Frameworks/CoreAudio.framework/Versions/A/CoreAudio
0x000000000358e000 	/System/Library/Frameworks/DiskArbitration.framework/Versions/A/DiskArbitration
0x000000000358e000 	/usr/lib/liblangid.dylib
0x000000000358e000 	/System/Library/PrivateFrameworks/MultitouchSupport.framework/Versions/A/MultitouchSupport
0x000000000358e000 	/System/Library/Frameworks/IOKit.framework/Versions/A/IOKit
0x000000000358e000 	/usr/lib/libDiagnosticMessagesClient.dylib
0x000000000358e000 	/System/Library/Frameworks/CoreServices.framework/Versions/A/CoreServices
0x000000000358e000 	/System/Library/PrivateFrameworks/PerformanceAnalysis.framework/Versions/A/PerformanceAnalysis
0x000000000358e000 	/System/Library/PrivateFrameworks/GenerationalStorage.framework/Versions/A/GenerationalStorage
0x000000000358e000 	/System/Library/Frameworks/OpenGL.framework/Versions/A/OpenGL
0x000000000358e000 	/System/Library/PrivateFrameworks/Sharing.framework/Versions/A/Sharing
0x000000000358e000 	/System/Library/Frameworks/CoreGraphics.framework/Versions/A/CoreGraphics
0x000000000358e000 	/System/Library/Frameworks/CoreText.framework/Versions/A/CoreText
0x000000000358e000 	/System/Library/Frameworks/ImageIO.framework/Versions/A/ImageIO
0x000000000358e000 	/usr/lib/libextension.dylib
0x000000000358e000 	/System/Library/PrivateFrameworks/Backup.framework/Versions/A/Backup
0x000000000358e000 	/usr/lib/libarchive.2.dylib
0x000000000358e000 	/System/Library/Frameworks/CFNetwork.framework/Versions/A/CFNetwork
0x000000000358e000 	/System/Library/Frameworks/SystemConfiguration.framework/Versions/A/SystemConfiguration
0x000000000358e000 	/usr/lib/libCRFSuite.dylib
0x000000000358e000 	/usr/lib/libc++.1.dylib
0x000000000358e000 	/usr/lib/libc++abi.dylib
0x000000000358e000 	/usr/lib/system/libcache.dylib
0x000000000358e000 	/usr/lib/system/libcommonCrypto.dylib
0x000000000358e000 	/usr/lib/system/libcompiler_rt.dylib
0x000000000358e000 	/usr/lib/system/libcopyfile.dylib
0x000000000358e000 	/usr/lib/system/libcorecrypto.dylib
0x000000000358e000 	/usr/lib/system/libdispatch.dylib
0x000000000358e000 	/usr/lib/system/libdyld.dylib
0x000000000358e000 	/usr/lib/system/libkeymgr.dylib
0x000000000358e000 	/usr/lib/system/liblaunch.dylib
0x000000000358e000 	/usr/lib/system/libmacho.dylib
0x000000000358e000 	/usr/lib/system/libquarantine.dylib
0x000000000358e000 	/usr/lib/system/libremovefile.dylib
0x000000000358e000 	/usr/lib/system/libsystem_asl.dylib
0x000000000358e000 	/usr/lib/system/libsystem_blocks.dylib
0x000000000358e000 	/usr/lib/system/libsystem_c.dylib
0x000000000358e000 	/usr/lib/system/libsystem_configuration.dylib
0x000000000358e000 	/usr/lib/system/libsystem_coreservices.dylib
0x000000000358e000 	/usr/lib/system/libsystem_coretls.dylib
0x000000000358e000 	/usr/lib/system/libsystem_dnssd.dylib
0x000000000358e000 	/usr/lib/system/libsystem_info.dylib
0x000000000358e000 	/usr/lib/system/libsystem_kernel.dylib
0x000000000358e000 	/usr/lib/system/libsystem_m.dylib
0x000000000358e000 	/usr/lib/system/libsystem_malloc.dylib
0x000000000358e000 	/usr/lib/system/libsystem_network.dylib
0x000000000358e000 	/usr/lib/system/libsystem_networkextension.dylib
0x000000000358e000 	/usr/lib/system/libsystem_notify.dylib
0x000000000358e000 	/usr/lib/system/libsystem_platform.dylib
0x000000000358e000 	/usr/lib/system/libsystem_pthread.dylib
0x000000000358e000 	/usr/lib/system/libsystem_sandbox.dylib
0x000000000358e000 	/usr/lib/system/libsystem_secinit.dylib
0x000000000358e000 	/usr/lib/system/libsystem_stats.dylib
0x000000000358e000 	/usr/lib/system/libsystem_trace.dylib
0x000000000358e000 	/usr/lib/system/libunc.dylib
0x000000000358e000 	/usr/lib/system/libunwind.dylib
0x000000000358e000 	/usr/lib/system/libxpc.dylib
0x000000000358e000 	/usr/lib/libbz2.1.0.dylib
0x000000000358e000 	/usr/lib/liblzma.5.dylib
0x000000000358e000 	/usr/lib/libbsm.0.dylib
0x000000000358e000 	/usr/lib/libsqlite3.dylib
0x000000000358e000 	/usr/lib/system/libkxld.dylib
0x000000000358e000 	/usr/lib/libxar.1.dylib
0x000000000358e000 	/usr/lib/libpam.2.dylib
0x000000000358e000 	/usr/lib/libOpenScriptingUtil.dylib
0x000000000358e000 	/System/Library/Frameworks/CoreServices.framework/Versions/A/Frameworks/FSEvents.framework/Versions/A/FSEvents
0x000000000358e000 	/System/Library/Frameworks/CoreServices.framework/Versions/A/Frameworks/CarbonCore.framework/Versions/A/CarbonCore
0x000000000358e000 	/System/Library/Frameworks/CoreServices.framework/Versions/A/Frameworks/Metadata.framework/Versions/A/Metadata
0x000000000358e000 	/System/Library/Frameworks/CoreServices.framework/Versions/A/Frameworks/OSServices.framework/Versions/A/OSServices
0x000000000358e000 	/System/Library/Frameworks/CoreServices.framework/Versions/A/Frameworks/SearchKit.framework/Versions/A/SearchKit
0x000000000358e000 	/System/Library/Frameworks/CoreServices.framework/Versions/A/Frameworks/AE.framework/Versions/A/AE
0x000000000358e000 	/System/Library/Frameworks/CoreServices.framework/Versions/A/Frameworks/LaunchServices.framework/Versions/A/LaunchServices
0x000000000358e000 	/System/Library/Frameworks/CoreServices.framework/Versions/A/Frameworks/DictionaryServices.framework/Versions/A/DictionaryServices
0x000000000358e000 	/System/Library/Frameworks/NetFS.framework/Versions/A/NetFS
0x000000000358e000 	/System/Library/PrivateFrameworks/NetAuth.framework/Versions/A/NetAuth
0x000000000358e000 	/System/Library/PrivateFrameworks/login.framework/Versions/A/Frameworks/loginsupport.framework/Versions/A/loginsupport
0x000000000358e000 	/System/Library/PrivateFrameworks/TCC.framework/Versions/A/TCC
0x000000000358e000 	/usr/lib/libmecabra.dylib
0x000000000358e000 	/System/Library/Frameworks/ApplicationServices.framework/Versions/A/Frameworks/ATS.framework/Versions/A/ATS
0x000000000358e000 	/System/Library/Frameworks/ApplicationServices.framework/Versions/A/Frameworks/ColorSync.framework/Versions/A/ColorSync
0x000000000358e000 	/System/Library/Frameworks/ApplicationServices.framework/Versions/A/Frameworks/HIServices.framework/Versions/A/HIServices
0x000000000358e000 	/System/Library/Frameworks/ApplicationServices.framework/Versions/A/Frameworks/LangAnalysis.framework/Versions/A/LangAnalysis
0x000000000358e000 	/System/Library/Frameworks/ApplicationServices.framework/Versions/A/Frameworks/PrintCore.framework/Versions/A/PrintCore
0x000000000358e000 	/System/Library/Frameworks/ApplicationServices.framework/Versions/A/Frameworks/QD.framework/Versions/A/QD
0x000000000358e000 	/System/Library/Frameworks/ApplicationServices.framework/Versions/A/Frameworks/SpeechSynthesis.framework/Versions/A/SpeechSynthesis
0x000000000358e000 	/System/Library/Frameworks/Accelerate.framework/Versions/A/Accelerate
0x000000000358e000 	/System/Library/Frameworks/Accelerate.framework/Versions/A/Frameworks/vImage.framework/Versions/A/vImage
0x000000000358e000 	/System/Library/Frameworks/Accelerate.framework/Versions/A/Frameworks/vecLib.framework/Versions/A/vecLib
0x000000000358e000 	/System/Library/Frameworks/Accelerate.framework/Versions/A/Frameworks/vecLib.framework/Versions/A/libvDSP.dylib
0x000000000358e000 	/System/Library/Frameworks/Accelerate.framework/Versions/A/Frameworks/vecLib.framework/Versions/A/libvMisc.dylib
0x000000000358e000 	/System/Library/Frameworks/Accelerate.framework/Versions/A/Frameworks/vecLib.framework/Versions/A/libLAPACK.dylib
0x000000000358e000 	/System/Library/Frameworks/Accelerate.framework/Versions/A/Frameworks/vecLib.framework/Versions/A/libBLAS.dylib
0x000000000358e000 	/System/Library/Frameworks/Accelerate.framework/Versions/A/Frameworks/vecLib.framework/Versions/A/libLinearAlgebra.dylib
0x000000000358e000 	/System/Library/Frameworks/ApplicationServices.framework/Versions/A/Frameworks/ATS.framework/Versions/A/Resources/libFontParser.dylib
0x000000000358e000 	/System/Library/Frameworks/ApplicationServices.framework/Versions/A/Frameworks/ATS.framework/Versions/A/Resources/libFontRegistry.dylib
0x000000000358e000 	/System/Library/PrivateFrameworks/AppleVPA.framework/Versions/A/AppleVPA
0x000000000358e000 	/System/Library/PrivateFrameworks/AppleJPEG.framework/Versions/A/AppleJPEG
0x000000000358e000 	/System/Library/Frameworks/ImageIO.framework/Versions/A/Resources/libJPEG.dylib
0x000000000358e000 	/System/Library/Frameworks/ImageIO.framework/Versions/A/Resources/libTIFF.dylib
0x000000000358e000 	/System/Library/Frameworks/ImageIO.framework/Versions/A/Resources/libPng.dylib
0x000000000358e000 	/System/Library/Frameworks/ImageIO.framework/Versions/A/Resources/libGIF.dylib
0x000000000358e000 	/System/Library/Frameworks/ImageIO.framework/Versions/A/Resources/libJP2.dylib
0x000000000358e000 	/System/Library/Frameworks/ImageIO.framework/Versions/A/Resources/libRadiance.dylib
0x000000000358e000 	/System/Library/Frameworks/CoreVideo.framework/Versions/A/CoreVideo
0x000000000358e000 	/System/Library/Frameworks/OpenGL.framework/Versions/A/Libraries/libGLU.dylib
0x000000000358e000 	/System/Library/Frameworks/OpenGL.framework/Versions/A/Libraries/libGFXShared.dylib
0x000000000358e000 	/System/Library/Frameworks/OpenGL.framework/Versions/A/Libraries/libGL.dylib
0x000000000358e000 	/System/Library/Frameworks/OpenGL.framework/Versions/A/Libraries/libGLImage.dylib
0x000000000358e000 	/System/Library/Frameworks/OpenGL.framework/Versions/A/Libraries/libCVMSPluginSupport.dylib
0x000000000358e000 	/System/Library/Frameworks/OpenGL.framework/Versions/A/Libraries/libCoreVMClient.dylib
0x000000000358e000 	/usr/lib/libcups.2.dylib
0x000000000358e000 	/System/Library/Frameworks/Kerberos.framework/Versions/A/Kerberos
0x000000000358e000 	/System/Library/Frameworks/GSS.framework/Versions/A/GSS
0x000000000358e000 	/usr/lib/libresolv.9.dylib
0x000000000358e000 	/usr/lib/libiconv.2.dylib
0x000000000358e000 	/System/Library/PrivateFrameworks/Heimdal.framework/Versions/A/Heimdal
0x000000000358e000 	/usr/lib/libheimdal-asn1.dylib
0x000000000358e000 	/System/Library/Frameworks/OpenDirectory.framework/Versions/A/OpenDirectory
0x000000000358e000 	/System/Library/PrivateFrameworks/CommonAuth.framework/Versions/A/CommonAuth
0x000000000358e000 	/System/Library/Frameworks/OpenDirectory.framework/Versions/A/Frameworks/CFOpenDirectory.framework/Versions/A/CFOpenDirectory
0x000000000358e000 	/System/Library/Frameworks/SecurityFoundation.framework/Versions/A/SecurityFoundation
0x000000000358e000 	/System/Library/PrivateFrameworks/LanguageModeling.framework/Versions/A/LanguageModeling
0x000000000358e000 	/usr/lib/libcmph.dylib
0x000000000358e000 	/System/Library/Frameworks/ServiceManagement.framework/Versions/A/ServiceManagement
0x000000000358e000 	/usr/lib/libxslt.1.dylib
0x000000000358e000 	/System/Library/Frameworks/Carbon.framework/Versions/A/Frameworks/Ink.framework/Versions/A/Ink
0x000000000358e000 	/System/Library/Frameworks/QuartzCore.framework/Versions/A/Frameworks/CoreImage.framework/Versions/A/CoreImage
0x000000000358e000 	/System/Library/PrivateFrameworks/CrashReporterSupport.framework/Versions/A/CrashReporterSupport
0x000000000358e000 	/System/Library/Frameworks/OpenCL.framework/Versions/A/OpenCL
0x000000000358e000 	/System/Library/PrivateFrameworks/FaceCore.framework/Versions/A/FaceCore
0x000000000358e000 	/System/Library/PrivateFrameworks/Ubiquity.framework/Versions/A/Ubiquity
0x000000000358e000 	/System/Library/PrivateFrameworks/IconServices.framework/Versions/A/IconServices
0x000000000358e000 	/System/Library/PrivateFrameworks/ChunkingLibrary.framework/Versions/A/ChunkingLibrary
0x000000000358e000 	/System/Library/PrivateFrameworks/Apple80211.framework/Versions/A/Apple80211
0x000000000358e000 	/System/Library/Frameworks/CoreWLAN.framework/Versions/A/CoreWLAN
0x000000000358e000 	/System/Library/Frameworks/IOBluetooth.framework/Versions/A/IOBluetooth
0x000000000358e000 	/System/Library/PrivateFrameworks/CoreWiFi.framework/Versions/A/CoreWiFi
0x000000000358e000 	/System/Library/Frameworks/CoreBluetooth.framework/Versions/A/CoreBluetooth
0x000000000358e000 	/System/Library/PrivateFrameworks/DebugSymbols.framework/Versions/A/DebugSymbols
0x000000000358e000 	/System/Library/PrivateFrameworks/CoreSymbolication.framework/Versions/A/CoreSymbolication
0x000000000358e000 	/System/Library/PrivateFrameworks/Symbolication.framework/Versions/A/Symbolication
0x000000000358e000 	/System/Library/PrivateFrameworks/SpeechRecognitionCore.framework/Versions/A/SpeechRecognitionCore
0x0000000109e00000 	/Library/Java/JavaVirtualMachines/jdk1.7.0_79.jdk/Contents/Home/jre/lib/server/libjvm.dylib
0x000000000358e000 	/usr/lib/libstdc++.6.dylib
0x0000000109511000 	/Library/Java/JavaVirtualMachines/jdk1.7.0_79.jdk/Contents/Home/jre/lib/libverify.dylib
0x000000010951e000 	/Library/Java/JavaVirtualMachines/jdk1.7.0_79.jdk/Contents/Home/jre/lib/libjava.dylib
0x0000000109558000 	/Library/Java/JavaVirtualMachines/jdk1.7.0_79.jdk/Contents/Home/jre/lib/libzip.dylib
0x000000011413b000 	/System/Library/Frameworks/JavaVM.framework/Frameworks/JavaRuntimeSupport.framework/JavaRuntimeSupport
0x0000000114153000 	/System/Library/Frameworks/JavaVM.framework/Versions/A/Frameworks/JavaNativeFoundation.framework/Versions/A/JavaNativeFoundation
0x0000000114168000 	/System/Library/Frameworks/JavaVM.framework/Versions/A/JavaVM
0x000000000358e000 	/System/Library/Frameworks/Carbon.framework/Versions/A/Carbon
0x0000000114175000 	/System/Library/PrivateFrameworks/JavaLaunching.framework/Versions/A/JavaLaunching
0x000000000358e000 	/System/Library/Frameworks/Carbon.framework/Versions/A/Frameworks/CommonPanels.framework/Versions/A/CommonPanels
0x000000000358e000 	/System/Library/Frameworks/Carbon.framework/Versions/A/Frameworks/Help.framework/Versions/A/Help
0x000000000358e000 	/System/Library/Frameworks/Carbon.framework/Versions/A/Frameworks/ImageCapture.framework/Versions/A/ImageCapture
0x000000000358e000 	/System/Library/Frameworks/Carbon.framework/Versions/A/Frameworks/OpenScripting.framework/Versions/A/OpenScripting
0x000000000358e000 	/System/Library/Frameworks/Carbon.framework/Versions/A/Frameworks/Print.framework/Versions/A/Print
0x000000000358e000 	/System/Library/Frameworks/Carbon.framework/Versions/A/Frameworks/SecurityHI.framework/Versions/A/SecurityHI
0x0000000115fcc000 	/Library/Java/JavaVirtualMachines/jdk1.7.0_79.jdk/Contents/Home/jre/lib/libawt.dylib
0x000000011607b000 	/Library/Java/JavaVirtualMachines/jdk1.7.0_79.jdk/Contents/Home/jre/lib/./libmlib_image.dylib
0x0000000116147000 	/Library/Java/JavaVirtualMachines/jdk1.7.0_79.jdk/Contents/Home/jre/lib/lwawt/liblwawt.dylib
0x00000001161fd000 	/Library/Java/JavaVirtualMachines/jdk1.7.0_79.jdk/Contents/Home/jre/lib/libosxapp.dylib
0x000000000358e000 	/System/Library/Frameworks/ExceptionHandling.framework/Versions/A/ExceptionHandling
0x000000000358e000 	/System/Library/PrivateFrameworks/CoreServicesInternal.framework/Versions/A/CoreServicesInternal
0x000000000358e000 	/System/Library/PrivateFrameworks/CloudDocs.framework/Versions/A/CloudDocs
0x000000000358e000 	/System/Library/PrivateFrameworks/CoreDuet.framework/Versions/A/CoreDuet
0x000000000358e000 	/System/Library/Frameworks/CloudKit.framework/Versions/A/CloudKit
0x000000000358e000 	/System/Library/PrivateFrameworks/ProtocolBuffer.framework/Versions/A/ProtocolBuffer
0x000000000358e000 	/System/Library/PrivateFrameworks/CoreDuetDaemonProtocol.framework/Versions/A/CoreDuetDaemonProtocol
0x000000000358e000 	/System/Library/PrivateFrameworks/CoreDuetDebugLogging.framework/Versions/A/CoreDuetDebugLogging
0x000000000358e000 	/System/Library/PrivateFrameworks/MMCS.framework/Versions/A/MMCS
0x000000000358e000 	/System/Library/Frameworks/CoreLocation.framework/Versions/A/CoreLocation
0x000000000358e000 	/System/Library/PrivateFrameworks/ProtectedCloudStorage.framework/Versions/A/ProtectedCloudStorage
0x000000000358e000 	/System/Library/PrivateFrameworks/GeoServices.framework/Versions/A/GeoServices
0x000000000358e000 	/System/Library/Frameworks/CoreGraphics.framework/Versions/A/Resources/libCGCMS.A.dylib
0x000000000358e000 	/System/Library/Frameworks/CoreGraphics.framework/Versions/A/Resources/libRIP.A.dylib
0x000000000358e000 	/System/Library/Frameworks/CoreGraphics.framework/Versions/A/Resources/libCGXType.A.dylib
0x000000000358e000 	/System/Library/Frameworks/OpenCL.framework/Versions/A/Libraries/libcldcpuengine.dylib
0x000000000358e000 	/System/Library/PrivateFrameworks/DiskImages.framework/Versions/A/DiskImages
0x000000000358e000 	/System/Library/Frameworks/DiscRecording.framework/Versions/A/DiscRecording
0x000000000358e000 	/usr/lib/libcsfde.dylib
0x000000000358e000 	/usr/lib/libcurl.4.dylib
0x000000000358e000 	/System/Library/PrivateFrameworks/MediaKit.framework/Versions/A/MediaKit
0x000000000358e000 	/usr/lib/libCoreStorage.dylib
0x000000000358e000 	/System/Library/PrivateFrameworks/EFILogin.framework/Versions/A/EFILogin
0x000000000358e000 	/usr/lib/libutil.dylib
0x000000000358e000 	/System/Library/PrivateFrameworks/FindMyDevice.framework/Versions/A/FindMyDevice
0x000000000358e000 	/System/Library/Frameworks/LDAP.framework/Versions/A/LDAP
0x000000000358e000 	/usr/lib/libsasl2.2.dylib
0x000000000358e000 	/System/Library/PrivateFrameworks/CoreDaemon.framework/Versions/B/CoreDaemon
0x000000000358e000 	/usr/lib/libcrypto.0.9.8.dylib
0x000000000358e000 	/System/Library/PrivateFrameworks/AppleSRP.framework/Versions/A/AppleSRP
0x000000000358e000 	/System/Library/PrivateFrameworks/TrustEvaluationAgent.framework/Versions/A/TrustEvaluationAgent
0x000000011940e000 	cl_kernels
0x0000000119410000 	/System/Library/Frameworks/OpenCL.framework/Versions/A/Libraries/ImageFormats/unorm8_bgra.dylib
0x0000000119400000 	cl_kernels
0x000000000358e000 	/System/Library/PrivateFrameworks/FamilyControls.framework/Versions/A/FamilyControls
0x000000000358e000 	/System/Library/PrivateFrameworks/CommerceKit.framework/Versions/A/Frameworks/CommerceCore.framework/Versions/A/CommerceCore
0x000000000358e000 	/System/Library/PrivateFrameworks/SystemAdministration.framework/Versions/A/SystemAdministration
0x000000000358e000 	/System/Library/PrivateFrameworks/AppContainer.framework/Versions/A/AppContainer
0x000000000358e000 	/System/Library/PrivateFrameworks/SecCodeWrapper.framework/Versions/A/SecCodeWrapper
0x000000000358e000 	/System/Library/Frameworks/DirectoryService.framework/Versions/A/DirectoryService
0x000000000358e000 	/System/Library/PrivateFrameworks/LoginUIKit.framework/Versions/A/Frameworks/LoginUICore.framework/Versions/A/LoginUICore
0x000000000358e000 	/usr/lib/libodfde.dylib
0x000000011a694000 	/Library/Java/JavaVirtualMachines/jdk1.7.0_79.jdk/Contents/Home/jre/lib/libfontmanager.dylib
0x000000011a6fb000 	/Users/alexanderrisvang/Documents/AndroidDevelopment/OOSE2015/native/liblwjgl.dylib
0x0000000118879000 	/Library/Java/JavaVirtualMachines/jdk1.7.0_79.jdk/Contents/Home/jre/lib/libjawt.dylib
0x000000011887c000 	/Library/Java/JavaVirtualMachines/jdk1.7.0_79.jdk/Contents/Home/jre/lib/libnio.dylib
0x000000011888b000 	/Library/Java/JavaVirtualMachines/jdk1.7.0_79.jdk/Contents/Home/jre/lib/./libnet.dylib
0x000000000358e000 	/System/Library/Frameworks/OpenGL.framework/Versions/A/Resources/GLEngine.bundle/GLEngine
0x000000000358e000 	/System/Library/Frameworks/OpenGL.framework/Versions/A/Libraries/libGLProgrammability.dylib
0x0000000000000000 	/System/Library/Extensions/AppleIntelBDWGraphicsGLDriver.bundle/Contents/MacOS/AppleIntelBDWGraphicsGLDriver
0x000000000358e000 	/System/Library/PrivateFrameworks/IOAccelerator.framework/Versions/A/IOAccelerator
0x000000000358e000 	/System/Library/PrivateFrameworks/GPUSupport.framework/Versions/A/Libraries/libGPUSupportMercury.dylib
0x000000000358e000 	/System/Library/Frameworks/OpenGL.framework/Versions/A/Resources/GLRendererFloat.bundle/GLRendererFloat
0x000000011b423000 	/Users/alexanderrisvang/Documents/AndroidDevelopment/OOSE2015/native/libjinput-osx.dylib
0x000000011b428000 	/System/Library/Extensions/IOHIDFamily.kext/Contents/PlugIns/IOHIDLib.plugin/Contents/MacOS/IOHIDLib

VM Arguments:
jvm_args: -Djava.library.path=/Users/alexanderrisvang/Documents/AndroidDevelopment/OOSE2015/native -Dfile.encoding=UTF-8 
java_command: example.SimpleSlickGame
Launcher Type: SUN_STANDARD

Environment Variables:
PATH=/usr/bin:/bin:/usr/sbin:/sbin
SHELL=/bin/bash
DISPLAY=/private/tmp/com.apple.launchd.sDM6nKutXY/org.macosforge.xquartz:0

Signal Handlers:
SIGSEGV: [libjvm.dylib+0x52daf1], sa_mask[0]=0xfffefeff, sa_flags=0x00000043
SIGBUS: [libjvm.dylib+0x52daf1], sa_mask[0]=0xfffefeff, sa_flags=0x00000042
SIGFPE: [libjvm.dylib+0x41f34e], sa_mask[0]=0xfffefeff, sa_flags=0x00000042
SIGPIPE: [libjvm.dylib+0x41f34e], sa_mask[0]=0xfffefeff, sa_flags=0x00000042
SIGXFSZ: [libjvm.dylib+0x41f34e], sa_mask[0]=0xfffefeff, sa_flags=0x00000042
SIGILL: [libjvm.dylib+0x41f34e], sa_mask[0]=0xfffefeff, sa_flags=0x00000042
SIGUSR1: SIG_DFL, sa_mask[0]=0x00000000, sa_flags=0x00000000
SIGUSR2: [libjvm.dylib+0x41ee40], sa_mask[0]=0x00000004, sa_flags=0x00000042
SIGHUP: [libjvm.dylib+0x41d0d1], sa_mask[0]=0xfffefeff, sa_flags=0x00000042
SIGINT: [libjvm.dylib+0x41d0d1], sa_mask[0]=0xfffefeff, sa_flags=0x00000042
SIGTERM: [libjvm.dylib+0x41d0d1], sa_mask[0]=0xfffefeff, sa_flags=0x00000042
SIGQUIT: [libjvm.dylib+0x41d0d1], sa_mask[0]=0xfffefeff, sa_flags=0x00000042


---------------  S Y S T E M  ---------------

OS:Bsduname:Darwin 14.3.0 Darwin Kernel Version 14.3.0: Mon Mar 23 11:59:05 PDT 2015; root:xnu-2782.20.48~5/RELEASE_X86_64 x86_64
rlimit: STACK 8192k, CORE 0k, NPROC 709, NOFILE 10240, AS infinity
load average:1.75 1.51 1.47

CPU:total 4 (2 cores per cpu, 2 threads per core) family 6 model 61 stepping 4, cmov, cx8, fxsr, mmx, sse, sse2, sse3, ssse3, sse4.1, sse4.2, popcnt, avx, avx2, aes, erms, ht, tsc, tscinvbit

Memory: 4k page, physical 8388608k(2097152k free)

/proc/meminfo:


vm_info: Java HotSpot(TM) 64-Bit Server VM (24.79-b02) for bsd-amd64 JRE (1.7.0_79-b15), built on Apr 10 2015 11:35:04 by "java_re" with gcc 4.2.1 (Based on Apple Inc. build 5658) (LLVM build 2336.11.00)

time: Wed May  6 20:58:01 2015
elapsed time: 3 seconds

