#
# A fatal error has been detected by the Java Runtime Environment:
#
#  SIGSEGV (0xb) at pc=0x00007fff86be60dd, pid=686, tid=1811
#
# JRE version: Java(TM) SE Runtime Environment (7.0_79-b15) (build 1.7.0_79-b15)
# Java VM: Java HotSpot(TM) 64-Bit Server VM (24.79-b02 mixed mode bsd-amd64 compressed oops)
# Problematic frame:
# C  [libobjc.A.dylib+0x10dd]  objc_msgSend+0x1d
#
# Failed to write core dump. Core dumps have been disabled. To enable core dumping, try "ulimit -c unlimited" before starting Java again
#
# If you would like to submit a bug report, please visit:
#   http://bugreport.java.com/bugreport/crash.jsp
# The crash happened outside the Java Virtual Machine in native code.
# See problematic frame for where to report the bug.
#

---------------  T H R E A D  ---------------

Current thread (0x00007fced2089000):  JavaThread "AppKit Thread" daemon [_thread_in_native, id=1811, stack(0x00007fff5de5b000,0x00007fff5dedb000)]

siginfo:si_signo=SIGSEGV: si_errno=0, si_code=1 (SEGV_MAPERR), si_addr=0x000007fced1645b0

Registers:
RAX=0x00007fced16217e0, RBX=0x00007fff5ded6808, RCX=0x0000000000000000, RDX=0x00007fced3d0a020
RSP=0x00007fff5ded6628, RBP=0x00007fff5ded6630, RSI=0x00007fff8f92d423, RDI=0x00007fced16217e0
R8 =0x00007fff5ded6610, R9 =0x0000000000000062, R10=0x00007fff8f92d423, R11=0x000007fced164598
R12=0x00007fced1421880, R13=0x00000000000f42fc, R14=0x00007fced3d0c960, R15=0x00007fff5ded6768
RIP=0x00007fff86be60dd, EFLAGS=0x0000000000010202, ERR=0x0000000000000004
  TRAPNO=0x000000000000000e

Top of Stack: (sp=0x00007fff5ded6628)
0x00007fff5ded6628:   00007fff8ba7545c 00007fff5ded6990
0x00007fff5ded6638:   00007fff8b965634 00007fff5ded66bc
0x00007fff5ded6648:   00007fff5ded66c0 00007fff5ded66c4
0x00007fff5ded6658:   00007fff721b9e00 ffffffffffffffff
0x00007fff5ded6668:   0000000000000930 00007fff721b9e18
0x00007fff5ded6678:   00007fced3d0c960 0000000000000000
0x00007fff5ded6688:   00007fff5ded6760 0000000000000000
0x00007fff5ded6698:   00007fced1735d30 00007fff5ded67e0
0x00007fff5ded66a8:   0000000000000062 00000000000f42fe
0x00007fff5ded66b8:   00007fced3d0a020 00007fced152d1d0
0x00007fff5ded66c8:   00007fced1421880 0000000000000001
0x00007fff5ded66d8:   00000000000f42fc 00007fced1421870
0x00007fff5ded66e8:   00007fff87da2c05 00000001711bf070
0x00007fff5ded66f8:   00007fff7311a0d0 0000000042000000
0x00007fff5ded6708:   00007fff87da9e63 00007fff72184240
0x00007fff5ded6718:   00007fff5ded67e8 00007fff5ded6740
0x00007fff5ded6728:   00007fff5ded6760 0000000000000000
0x00007fff5ded6738:   0000000000000025 0002b80386c0697a
0x00007fff5ded6748:   00007fced14218a4 0000000000000000
0x00007fff5ded6758:   0000000000000000 00007fced1735db0
0x00007fff5ded6768:   00007fced3d0c960 0000002000000000
0x00007fff5ded6778:   0000000000000000 00007fff7311a0d0
0x00007fff5ded6788:   0000000042000000 00007fff87da94f8
0x00007fff5ded6798:   00007fff72184350 00007fff5ded66f8
0x00007fff5ded67a8:   0000000000000000 00007fff5ded6878
0x00007fff5ded67b8:   00007fff73171ea0 00007fff5ded68b0
0x00007fff5ded67c8:   00007fff89fdfedc 00007fff5ded6860
0x00007fff5ded67d8:   00007fff8f0615fd 0000000000000051
0x00007fff5ded67e8:   0000000000000000 00000000000f42e2
0x00007fff5ded67f8:   0000000000000053 0000000000000000
0x00007fff5ded6808:   00000000000f42fc 00007fff5ded6884
0x00007fff5ded6818:   0000000000418f01 00000000ffffffff 

Instructions: (pc=0x00007fff86be60dd)
0x00007fff86be60bd:   00 00 00 48 85 ff 2e 74 7a 40 f6 c7 01 2e 75 7e
0x00007fff86be60cd:   49 bb f8 ff ff ff ff 7f 00 00 4c 23 1f 49 89 f2
0x00007fff86be60dd:   45 23 53 18 49 c1 e2 04 4d 03 53 10 49 3b 32 75
0x00007fff86be60ed:   04 41 ff 62 08 49 83 3a 00 74 6a 4d 3b 53 10 74 

Register to memory mapping:

RAX=0x00007fced16217e0 is an unknown value
RBX=0x00007fff5ded6808 is pointing into the stack for thread: 0x00007fced2089000
RCX=0x0000000000000000 is an unknown value
RDX=0x00007fced3d0a020 is an unknown value
RSP=0x00007fff5ded6628 is pointing into the stack for thread: 0x00007fced2089000
RBP=0x00007fff5ded6630 is pointing into the stack for thread: 0x00007fced2089000
RSI=0x00007fff8f92d423: -[NSTitlebarContainerView transparent]+0x5e307 in /System/Library/Frameworks/AppKit.framework/Versions/C/AppKit at 0x00007fff8ef2c000
RDI=0x00007fced16217e0 is an unknown value
R8 =0x00007fff5ded6610 is pointing into the stack for thread: 0x00007fced2089000
R9 =0x0000000000000062 is an unknown value
R10=0x00007fff8f92d423: -[NSTitlebarContainerView transparent]+0x5e307 in /System/Library/Frameworks/AppKit.framework/Versions/C/AppKit at 0x00007fff8ef2c000
R11=0x000007fced164598 is an unknown value
R12=0x00007fced1421880 is an unknown value
R13=0x00000000000f42fc is an unknown value
R14=0x00007fced3d0c960 is an unknown value
R15=0x00007fff5ded6768 is pointing into the stack for thread: 0x00007fced2089000


Stack: [0x00007fff5de5b000,0x00007fff5dedb000],  sp=0x00007fff5ded6628,  free space=493k
Native frames: (J=compiled Java code, j=interpreted, Vv=VM code, C=native code)
C  [libobjc.A.dylib+0x10dd]  objc_msgSend+0x1d
C  [CoreFoundation+0x10634]  _CFXNotificationPost+0xc44
C  [Foundation+0x79d1]  -[NSNotificationCenter postNotificationName:object:userInfo:]+0x42
C  [AppKit+0x43ac2]  -[NSSurface _disposeSurface]+0x98
C  [AppKit+0x43526]  -[NSSurface setWindow:]+0x42
C  [AppKit+0x33a10]  -[NSView _setWindow:]+0xa33
C  [AppKit+0x6b091]  -[NSView removeFromSuperview]+0x1c5
C  [AppKit+0x14bea9]  -[NSView removeFromSuperviewWithoutNeedingDisplay]+0x26
C  [liblwjgl.dylib+0xa205]  +[MacOSXKeyableWindow destroyWindow]+0xb5
C  [Foundation+0x92d00]  __NSThreadPerformPerform+0x125
C  [CoreFoundation+0x80a01]  __CFRUNLOOP_IS_CALLING_OUT_TO_A_SOURCE0_PERFORM_FUNCTION__+0x11
C  [CoreFoundation+0x72b8d]  __CFRunLoopDoSources0+0x10d
C  [CoreFoundation+0x721bf]  __CFRunLoopRun+0x39f
C  [CoreFoundation+0x71bd8]  CFRunLoopRunSpecific+0x128
C  [HIToolbox+0x3256f]  RunCurrentEventLoopInMode+0xeb
C  [HIToolbox+0x321ee]  ReceiveNextEventCommon+0xb3
C  [HIToolbox+0x3212b]  _BlockUntilNextEventMatchingListInModeWithFilter+0x47
C  [AppKit+0x919bb]  _DPSNextEvent+0x3d2
C  [AppKit+0x90f68]  -[NSApplication nextEventMatchingMask:untilDate:inMode:dequeue:]+0x15a
C  [libosxapp.dylib+0x24e3]  -[NSApplicationAWT nextEventMatchingMask:untilDate:inMode:dequeue:]+0x7c
C  [AppKit+0x86bf3]  -[NSApplication run]+0x252
C  [libosxapp.dylib+0x2346]  +[NSApplicationAWT runAWTLoopWithApp:]+0x9c
C  [liblwawt.dylib+0xe17d]  -[AWTStarter starter:]+0x369
C  [Foundation+0x92d00]  __NSThreadPerformPerform+0x125
C  [CoreFoundation+0x80a01]  __CFRUNLOOP_IS_CALLING_OUT_TO_A_SOURCE0_PERFORM_FUNCTION__+0x11
C  [CoreFoundation+0x72b8d]  __CFRunLoopDoSources0+0x10d
C  [CoreFoundation+0x721bf]  __CFRunLoopRun+0x39f
C  [CoreFoundation+0x71bd8]  CFRunLoopRunSpecific+0x128
C  [java+0x73b0]  CreateExecutionEnvironment+0x367
C  [java+0x1b5c]  JLI_Launch+0x7a0
C  [java+0x770d]  main+0x65
C  [java+0x13b4]  start+0x34


---------------  P R O C E S S  ---------------

Java Threads: ( => current thread )
  0x00007fced328a000 JavaThread "AWT-Shutdown" [_thread_blocked, id=13063, stack(0x0000000114572000,0x0000000114672000)]
  0x00007fced2921800 JavaThread "Java2D Queue Flusher" daemon [_thread_blocked, id=68103, stack(0x000000011793c000,0x0000000117a3c000)]
  0x00007fced188a000 JavaThread "Java2D Disposer" daemon [_thread_blocked, id=66823, stack(0x0000000117839000,0x0000000117939000)]
=>0x00007fced2089000 JavaThread "AppKit Thread" daemon [_thread_in_native, id=1811, stack(0x00007fff5de5b000,0x00007fff5dedb000)]
  0x00007fced2024000 JavaThread "Service Thread" daemon [_thread_blocked, id=17411, stack(0x000000010e60d000,0x000000010e70d000)]
  0x00007fced2023800 JavaThread "C2 CompilerThread1" daemon [_thread_blocked, id=16899, stack(0x000000010e50a000,0x000000010e60a000)]
  0x00007fced2021800 JavaThread "C2 CompilerThread0" daemon [_thread_blocked, id=16387, stack(0x000000010e407000,0x000000010e507000)]
  0x00007fced2021000 JavaThread "Signal Dispatcher" daemon [_thread_blocked, id=12303, stack(0x000000010e304000,0x000000010e404000)]
  0x00007fced3008000 JavaThread "Finalizer" daemon [_thread_blocked, id=11523, stack(0x000000010c97e000,0x000000010ca7e000)]
  0x00007fced2013800 JavaThread "Reference Handler" daemon [_thread_blocked, id=11011, stack(0x000000010c87b000,0x000000010c97b000)]
  0x00007fced2808800 JavaThread "main" [_thread_in_native, id=4867, stack(0x0000000101e3b000,0x0000000101f3b000)]

Other Threads:
  0x00007fced2010800 VMThread [stack: 0x000000010c778000,0x000000010c878000] [id=10499]
  0x00007fced201f000 WatcherThread [stack: 0x000000010e710000,0x000000010e810000] [id=17923]

VM state:not at safepoint (normal execution)

VM Mutex/Monitor currently owned by a thread: None

Heap
 PSYoungGen      total 43520K, used 11482K [0x00000007d5500000, 0x00000007d8d00000, 0x0000000800000000)
  eden space 30720K, 36% used [0x00000007d5500000,0x00000007d5ff6bc8,0x00000007d7300000)
  from space 12800K, 2% used [0x00000007d8080000,0x00000007d80c0000,0x00000007d8d00000)
  to   space 13312K, 0% used [0x00000007d7300000,0x00000007d7300000,0x00000007d8000000)
 ParOldGen       total 87040K, used 69822K [0x0000000780000000, 0x0000000785500000, 0x00000007d5500000)
  object space 87040K, 80% used [0x0000000780000000,0x000000078442f998,0x0000000785500000)
 PSPermGen       total 21504K, used 9198K [0x000000077ae00000, 0x000000077c300000, 0x0000000780000000)
  object space 21504K, 42% used [0x000000077ae00000,0x000000077b6fb8b8,0x000000077c300000)

Card table byte_map: [0x0000000106323000,0x000000010674d000] byte_map_base: 0x000000010274c000

Polling page: 0x0000000101f7a000

Code Cache  [0x0000000103263000, 0x00000001034d3000, 0x0000000106263000)
 total_blobs=851 nmethods=395 adapters=410 free_code_cache=47658Kb largest_free_block=48755136

Compilation events (10 events):
Event: 25.837 Thread 0x00007fced2023800  400   !         sun.misc.URLClassPath$JarLoader::getResource (91 bytes)
Event: 25.849 Thread 0x00007fced2023800 nmethod 400 0x00000001033d2e90 code [0x00000001033d3080, 0x00000001033d3700]
Event: 27.384 Thread 0x00007fced2021800  401 % !         java.net.URL::<init> @ 147 (543 bytes)
Event: 27.394 Thread 0x00007fced2023800  402   !         org.lwjgl.input.Mouse::isGrabbed (17 bytes)
Event: 27.395 Thread 0x00007fced2023800 nmethod 402 0x00000001033d10d0 code [0x00000001033d1220, 0x00000001033d1478]
Event: 27.405 Thread 0x00007fced2021800 nmethod 401% 0x00000001033d1550 code [0x00000001033d1760, 0x00000001033d24e0]
Event: 27.405 Thread 0x00007fced2023800  403   !         java.net.URL::<init> (543 bytes)
Event: 27.438 Thread 0x00007fced2023800 nmethod 403 0x00000001033e1750 code [0x00000001033e19c0, 0x00000001033e2d60]
Event: 27.483 Thread 0x00007fced2021800  404             org.newdawn.slick.GameContainer::getTime (12 bytes)
Event: 27.484 Thread 0x00007fced2021800 nmethod 404 0x00000001033ca550 code [0x00000001033ca680, 0x00000001033ca718]

GC Heap History (10 events):
Event: 16.765 GC heap before
{Heap before GC invocations=6 (full 0):
 PSYoungGen      total 38400K, used 35794K [0x00000007d5500000, 0x00000007d9480000, 0x0000000800000000)
  eden space 33280K, 100% used [0x00000007d5500000,0x00000007d7580000,0x00000007d7580000)
  from space 5120K, 49% used [0x00000007d7600000,0x00000007d78748f0,0x00000007d7b00000)
  to   space 15872K, 0% used [0x00000007d8500000,0x00000007d8500000,0x00000007d9480000)
 ParOldGen       total 87040K, used 67709K [0x0000000780000000, 0x0000000785500000, 0x00000007d5500000)
  object space 87040K, 77% used [0x0000000780000000,0x000000078421f6c0,0x0000000785500000)
 PSPermGen       total 21504K, used 9096K [0x000000077ae00000, 0x000000077c300000, 0x0000000780000000)
  object space 21504K, 42% used [0x000000077ae00000,0x000000077b6e21f0,0x000000077c300000)
Event: 16.773 GC heap after
Heap after GC invocations=6 (full 0):
 PSYoungGen      total 47104K, used 2582K [0x00000007d5500000, 0x00000007d9300000, 0x0000000800000000)
  eden space 32768K, 0% used [0x00000007d5500000,0x00000007d5500000,0x00000007d7500000)
  from space 14336K, 18% used [0x00000007d8500000,0x00000007d8785858,0x00000007d9300000)
  to   space 15360K, 0% used [0x00000007d7500000,0x00000007d7500000,0x00000007d8400000)
 ParOldGen       total 87040K, used 67717K [0x0000000780000000, 0x0000000785500000, 0x00000007d5500000)
  object space 87040K, 77% used [0x0000000780000000,0x00000007842216c0,0x0000000785500000)
 PSPermGen       total 21504K, used 9096K [0x000000077ae00000, 0x000000077c300000, 0x0000000780000000)
  object space 21504K, 42% used [0x000000077ae00000,0x000000077b6e21f0,0x000000077c300000)
}
Event: 20.063 GC heap before
{Heap before GC invocations=7 (full 0):
 PSYoungGen      total 47104K, used 35350K [0x00000007d5500000, 0x00000007d9300000, 0x0000000800000000)
  eden space 32768K, 100% used [0x00000007d5500000,0x00000007d7500000,0x00000007d7500000)
  from space 14336K, 18% used [0x00000007d8500000,0x00000007d8785858,0x00000007d9300000)
  to   space 15360K, 0% used [0x00000007d7500000,0x00000007d7500000,0x00000007d8400000)
 ParOldGen       total 87040K, used 67717K [0x0000000780000000, 0x0000000785500000, 0x00000007d5500000)
  object space 87040K, 77% used [0x0000000780000000,0x00000007842216c0,0x0000000785500000)
 PSPermGen       total 21504K, used 9105K [0x000000077ae00000, 0x000000077c300000, 0x0000000780000000)
  object space 21504K, 42% used [0x000000077ae00000,0x000000077b6e4790,0x000000077c300000)
Event: 20.069 GC heap after
Heap after GC invocations=7 (full 0):
 PSYoungGen      total 33280K, used 576K [0x00000007d5500000, 0x00000007d9180000, 0x0000000800000000)
  eden space 32256K, 0% used [0x00000007d5500000,0x00000007d5500000,0x00000007d7480000)
  from space 1024K, 56% used [0x00000007d7500000,0x00000007d7590000,0x00000007d7600000)
  to   space 14848K, 0% used [0x00000007d8300000,0x00000007d8300000,0x00000007d9180000)
 ParOldGen       total 87040K, used 69718K [0x0000000780000000, 0x0000000785500000, 0x00000007d5500000)
  object space 87040K, 80% used [0x0000000780000000,0x0000000784415978,0x0000000785500000)
 PSPermGen       total 21504K, used 9105K [0x000000077ae00000, 0x000000077c300000, 0x0000000780000000)
  object space 21504K, 42% used [0x000000077ae00000,0x000000077b6e4790,0x000000077c300000)
}
Event: 23.174 GC heap before
{Heap before GC invocations=8 (full 0):
 PSYoungGen      total 33280K, used 32832K [0x00000007d5500000, 0x00000007d9180000, 0x0000000800000000)
  eden space 32256K, 100% used [0x00000007d5500000,0x00000007d7480000,0x00000007d7480000)
  from space 1024K, 56% used [0x00000007d7500000,0x00000007d7590000,0x00000007d7600000)
  to   space 14848K, 0% used [0x00000007d8300000,0x00000007d8300000,0x00000007d9180000)
 ParOldGen       total 87040K, used 69718K [0x0000000780000000, 0x0000000785500000, 0x00000007d5500000)
  object space 87040K, 80% used [0x0000000780000000,0x0000000784415978,0x0000000785500000)
 PSPermGen       total 21504K, used 9106K [0x000000077ae00000, 0x000000077c300000, 0x0000000780000000)
  object space 21504K, 42% used [0x000000077ae00000,0x000000077b6e4ab0,0x000000077c300000)
Event: 23.177 GC heap after
Heap after GC invocations=8 (full 0):
 PSYoungGen      total 45056K, used 544K [0x00000007d5500000, 0x00000007d9000000, 0x0000000800000000)
  eden space 31744K, 0% used [0x00000007d5500000,0x00000007d5500000,0x00000007d7400000)
  from space 13312K, 4% used [0x00000007d8300000,0x00000007d8388000,0x00000007d9000000)
  to   space 14336K, 0% used [0x00000007d7400000,0x00000007d7400000,0x00000007d8200000)
 ParOldGen       total 87040K, used 69782K [0x0000000780000000, 0x0000000785500000, 0x00000007d5500000)
  object space 87040K, 80% used [0x0000000780000000,0x0000000784425998,0x0000000785500000)
 PSPermGen       total 21504K, used 9106K [0x000000077ae00000, 0x000000077c300000, 0x0000000780000000)
  object space 21504K, 42% used [0x000000077ae00000,0x000000077b6e4ab0,0x000000077c300000)
}
Event: 24.774 GC heap before
{Heap before GC invocations=9 (full 0):
 PSYoungGen      total 45056K, used 29921K [0x00000007d5500000, 0x00000007d9000000, 0x0000000800000000)
  eden space 31744K, 92% used [0x00000007d5500000,0x00000007d71b0530,0x00000007d7400000)
  from space 13312K, 4% used [0x00000007d8300000,0x00000007d8388000,0x00000007d9000000)
  to   space 14336K, 0% used [0x00000007d7400000,0x00000007d7400000,0x00000007d8200000)
 ParOldGen       total 87040K, used 69782K [0x0000000780000000, 0x0000000785500000, 0x00000007d5500000)
  object space 87040K, 80% used [0x0000000780000000,0x0000000784425998,0x0000000785500000)
 PSPermGen       total 21504K, used 9192K [0x000000077ae00000, 0x000000077c300000, 0x0000000780000000)
  object space 21504K, 42% used [0x000000077ae00000,0x000000077b6fa198,0x000000077c300000)
Event: 24.776 GC heap after
Heap after GC invocations=9 (full 0):
 PSYoungGen      total 35328K, used 3695K [0x00000007d5500000, 0x00000007d8d80000, 0x0000000800000000)
  eden space 31232K, 0% used [0x00000007d5500000,0x00000007d5500000,0x00000007d7380000)
  from space 4096K, 90% used [0x00000007d7400000,0x00000007d779bc30,0x00000007d7800000)
  to   space 13312K, 0% used [0x00000007d8080000,0x00000007d8080000,0x00000007d8d80000)
 ParOldGen       total 87040K, used 69806K [0x0000000780000000, 0x0000000785500000, 0x00000007d5500000)
  object space 87040K, 80% used [0x0000000780000000,0x000000078442b998,0x0000000785500000)
 PSPermGen       total 21504K, used 9192K [0x000000077ae00000, 0x000000077c300000, 0x0000000780000000)
  object space 21504K, 42% used [0x000000077ae00000,0x000000077b6fa198,0x000000077c300000)
}
Event: 27.255 GC heap before
{Heap before GC invocations=10 (full 0):
 PSYoungGen      total 35328K, used 34927K [0x00000007d5500000, 0x00000007d8d80000, 0x0000000800000000)
  eden space 31232K, 100% used [0x00000007d5500000,0x00000007d7380000,0x00000007d7380000)
  from space 4096K, 90% used [0x00000007d7400000,0x00000007d779bc30,0x00000007d7800000)
  to   space 13312K, 0% used [0x00000007d8080000,0x00000007d8080000,0x00000007d8d80000)
 ParOldGen       total 87040K, used 69806K [0x0000000780000000, 0x0000000785500000, 0x00000007d5500000)
  object space 87040K, 80% used [0x0000000780000000,0x000000078442b998,0x0000000785500000)
 PSPermGen       total 21504K, used 9193K [0x000000077ae00000, 0x000000077c300000, 0x0000000780000000)
  object space 21504K, 42% used [0x000000077ae00000,0x000000077b6fa420,0x000000077c300000)
Event: 27.257 GC heap after
Heap after GC invocations=10 (full 0):
 PSYoungGen      total 43520K, used 256K [0x00000007d5500000, 0x00000007d8d00000, 0x0000000800000000)
  eden space 30720K, 0% used [0x00000007d5500000,0x00000007d5500000,0x00000007d7300000)
  from space 12800K, 2% used [0x00000007d8080000,0x00000007d80c0000,0x00000007d8d00000)
  to   space 13312K, 0% used [0x00000007d7300000,0x00000007d7300000,0x00000007d8000000)
 ParOldGen       total 87040K, used 69822K [0x0000000780000000, 0x0000000785500000, 0x00000007d5500000)
  object space 87040K, 80% used [0x0000000780000000,0x000000078442f998,0x0000000785500000)
 PSPermGen       total 21504K, used 9193K [0x000000077ae00000, 0x000000077c300000, 0x0000000780000000)
  object space 21504K, 42% used [0x000000077ae00000,0x000000077b6fa420,0x000000077c300000)
}

Deoptimization events (10 events):
Event: 24.779 Thread 0x00007fced3008000 Uncommon trap: reason=unreached action=reinterpret pc=0x00000001033c4d58 method=java.lang.ref.Finalizer.remove()V @ 10
Event: 24.779 Thread 0x00007fced3008000 Uncommon trap: reason=class_check action=maybe_recompile pc=0x00000001033c0a54 method=java.lang.System$2.invokeFinalize(Ljava/lang/Object;)V @ 1
Event: 24.779 Thread 0x00007fced3008000 Uncommon trap: reason=unreached action=reinterpret pc=0x00000001033b6c1c method=java.lang.ref.Finalizer.remove()V @ 10
Event: 24.779 Thread 0x00007fced3008000 Uncommon trap: reason=class_check action=maybe_recompile pc=0x00000001033c0a54 method=java.lang.System$2.invokeFinalize(Ljava/lang/Object;)V @ 1
Event: 27.257 Thread 0x00007fced2013800 Uncommon trap: reason=class_check action=maybe_recompile pc=0x00000001033b4e98 method=java.lang.ref.ReferenceQueue.enqueue(Ljava/lang/ref/Reference;)Z @ 67
Event: 27.257 Thread 0x00007fced2013800 Uncommon trap: reason=class_check action=maybe_recompile pc=0x00000001033b4e98 method=java.lang.ref.ReferenceQueue.enqueue(Ljava/lang/ref/Reference;)Z @ 67
Event: 27.257 Thread 0x00007fced188a000 Uncommon trap: reason=class_check action=maybe_recompile pc=0x00000001033bd798 method=java.lang.ref.ReferenceQueue.reallyPoll()Ljava/lang/ref/Reference; @ 55
Event: 27.257 Thread 0x00007fced188a000 Uncommon trap: reason=class_check action=maybe_recompile pc=0x00000001033c1fa8 method=java.lang.ref.ReferenceQueue.reallyPoll()Ljava/lang/ref/Reference; @ 55
Event: 27.257 Thread 0x00007fced188a000 Uncommon trap: reason=class_check action=maybe_recompile pc=0x00000001033b7554 method=java.lang.ref.ReferenceQueue.reallyPoll()Ljava/lang/ref/Reference; @ 55
Event: 27.257 Thread 0x00007fced188a000 Uncommon trap: reason=class_check action=maybe_recompile pc=0x00000001033bd798 method=java.lang.ref.ReferenceQueue.reallyPoll()Ljava/lang/ref/Reference; @ 55

Internal exceptions (10 events):
Event: 3.708 Thread 0x00007fced2808800 Threw 0x00000007d676e9a8 at /HUDSON/workspace/7u-2-build-macosx-x86_64/jdk7u79/2331/hotspot/src/share/vm/prims/jvm.cpp:1304
Event: 3.709 Thread 0x00007fced2808800 Threw 0x00000007d6776de8 at /HUDSON/workspace/7u-2-build-macosx-x86_64/jdk7u79/2331/hotspot/src/share/vm/prims/jvm.cpp:1304
Event: 5.321 Thread 0x00007fced2808800 Threw 0x00000007d56b6420 at /HUDSON/workspace/7u-2-build-macosx-x86_64/jdk7u79/2331/hotspot/src/share/vm/prims/jvm.cpp:1304
Event: 5.321 Thread 0x00007fced2808800 Threw 0x00000007d56c1520 at /HUDSON/workspace/7u-2-build-macosx-x86_64/jdk7u79/2331/hotspot/src/share/vm/prims/jvm.cpp:1304
Event: 5.322 Thread 0x00007fced2808800 Threw 0x00000007d56c67c0 at /HUDSON/workspace/7u-2-build-macosx-x86_64/jdk7u79/2331/hotspot/src/share/vm/prims/jvm.cpp:1304
Event: 5.322 Thread 0x00007fced2808800 Threw 0x00000007d56cb618 at /HUDSON/workspace/7u-2-build-macosx-x86_64/jdk7u79/2331/hotspot/src/share/vm/prims/jvm.cpp:1304
Event: 5.323 Thread 0x00007fced2808800 Threw 0x00000007d56d0378 at /HUDSON/workspace/7u-2-build-macosx-x86_64/jdk7u79/2331/hotspot/src/share/vm/prims/jvm.cpp:1304
Event: 24.601 Thread 0x00007fced2808800 Implicit null exception at 0x0000000103353c4e to 0x00000001033549fd
Event: 24.602 Thread 0x00007fced2808800 Implicit null exception at 0x000000010336a4d0 to 0x000000010336aee5
Event: 29.334 Thread 0x00007fced2808800 Threw 0x00000007d5fdcfc8 at /HUDSON/workspace/7u-2-build-macosx-x86_64/jdk7u79/2331/hotspot/src/share/vm/prims/jvm.cpp:1304

Events (10 events):
Event: 27.257 Thread 0x00007fced188a000 DEOPT PACKING pc=0x00000001033c1fa8 sp=0x0000000117938920
Event: 27.257 Thread 0x00007fced188a000 DEOPT UNPACKING pc=0x000000010329c045 sp=0x0000000117938808 mode 2
Event: 27.257 Thread 0x00007fced188a000 Uncommon trap: trap_request=0xffffffde fr.pc=0x00000001033b7554
Event: 27.257 Thread 0x00007fced188a000 DEOPT PACKING pc=0x00000001033b7554 sp=0x00000001179388a0
Event: 27.257 Thread 0x00007fced188a000 DEOPT UNPACKING pc=0x000000010329c045 sp=0x0000000117938800 mode 2
Event: 27.257 Thread 0x00007fced188a000 Uncommon trap: trap_request=0xffffffde fr.pc=0x00000001033bd798
Event: 27.257 Thread 0x00007fced188a000 DEOPT PACKING pc=0x00000001033bd798 sp=0x0000000117938850
Event: 27.257 Thread 0x00007fced188a000 DEOPT UNPACKING pc=0x000000010329c045 sp=0x0000000117938800 mode 2
Event: 29.334 loading class 0x00007fced1734a30
Event: 29.334 loading class 0x00007fced1734a30 done


Dynamic libraries:
0x000000000110e000 	/System/Library/Frameworks/Cocoa.framework/Versions/A/Cocoa
0x000000000110e000 	/System/Library/Frameworks/Security.framework/Versions/A/Security
0x000000000110e000 	/System/Library/Frameworks/ApplicationServices.framework/Versions/A/ApplicationServices
0x000000000110e000 	/usr/lib/libz.1.dylib
0x000000000110e000 	/usr/lib/libSystem.B.dylib
0x000000000110e000 	/usr/lib/libobjc.A.dylib
0x000000000110e000 	/System/Library/Frameworks/CoreFoundation.framework/Versions/A/CoreFoundation
0x000000000110e000 	/System/Library/Frameworks/Foundation.framework/Versions/C/Foundation
0x000000000110e000 	/System/Library/Frameworks/AppKit.framework/Versions/C/AppKit
0x000000000110e000 	/System/Library/Frameworks/CoreData.framework/Versions/A/CoreData
0x000000000110e000 	/System/Library/PrivateFrameworks/RemoteViewServices.framework/Versions/A/RemoteViewServices
0x000000000110e000 	/System/Library/PrivateFrameworks/UIFoundation.framework/Versions/A/UIFoundation
0x000000000110e000 	/System/Library/Frameworks/IOSurface.framework/Versions/A/IOSurface
0x000000000110e000 	/System/Library/Frameworks/AudioToolbox.framework/Versions/A/AudioToolbox
0x000000000110e000 	/System/Library/Frameworks/AudioUnit.framework/Versions/A/AudioUnit
0x000000000110e000 	/System/Library/PrivateFrameworks/DataDetectorsCore.framework/Versions/A/DataDetectorsCore
0x000000000110e000 	/System/Library/PrivateFrameworks/DesktopServicesPriv.framework/Versions/A/DesktopServicesPriv
0x000000000110e000 	/System/Library/Frameworks/Carbon.framework/Versions/A/Frameworks/HIToolbox.framework/Versions/A/HIToolbox
0x000000000110e000 	/System/Library/Frameworks/QuartzCore.framework/Versions/A/QuartzCore
0x000000000110e000 	/System/Library/Frameworks/Carbon.framework/Versions/A/Frameworks/SpeechRecognition.framework/Versions/A/SpeechRecognition
0x000000000110e000 	/usr/lib/libauto.dylib
0x000000000110e000 	/usr/lib/libicucore.A.dylib
0x000000000110e000 	/usr/lib/libxml2.2.dylib
0x000000000110e000 	/System/Library/PrivateFrameworks/CoreUI.framework/Versions/A/CoreUI
0x000000000110e000 	/System/Library/Frameworks/CoreAudio.framework/Versions/A/CoreAudio
0x000000000110e000 	/System/Library/Frameworks/DiskArbitration.framework/Versions/A/DiskArbitration
0x000000000110e000 	/usr/lib/liblangid.dylib
0x000000000110e000 	/System/Library/PrivateFrameworks/MultitouchSupport.framework/Versions/A/MultitouchSupport
0x000000000110e000 	/System/Library/Frameworks/IOKit.framework/Versions/A/IOKit
0x000000000110e000 	/usr/lib/libDiagnosticMessagesClient.dylib
0x000000000110e000 	/System/Library/Frameworks/CoreServices.framework/Versions/A/CoreServices
0x000000000110e000 	/System/Library/PrivateFrameworks/PerformanceAnalysis.framework/Versions/A/PerformanceAnalysis
0x000000000110e000 	/System/Library/PrivateFrameworks/GenerationalStorage.framework/Versions/A/GenerationalStorage
0x000000000110e000 	/System/Library/Frameworks/OpenGL.framework/Versions/A/OpenGL
0x000000000110e000 	/System/Library/PrivateFrameworks/Sharing.framework/Versions/A/Sharing
0x000000000110e000 	/System/Library/Frameworks/CoreGraphics.framework/Versions/A/CoreGraphics
0x000000000110e000 	/System/Library/Frameworks/CoreText.framework/Versions/A/CoreText
0x000000000110e000 	/System/Library/Frameworks/ImageIO.framework/Versions/A/ImageIO
0x000000000110e000 	/usr/lib/libextension.dylib
0x000000000110e000 	/System/Library/PrivateFrameworks/Backup.framework/Versions/A/Backup
0x000000000110e000 	/usr/lib/libarchive.2.dylib
0x000000000110e000 	/System/Library/Frameworks/CFNetwork.framework/Versions/A/CFNetwork
0x000000000110e000 	/System/Library/Frameworks/SystemConfiguration.framework/Versions/A/SystemConfiguration
0x000000000110e000 	/usr/lib/libCRFSuite.dylib
0x000000000110e000 	/usr/lib/libc++.1.dylib
0x000000000110e000 	/usr/lib/libc++abi.dylib
0x000000000110e000 	/usr/lib/system/libcache.dylib
0x000000000110e000 	/usr/lib/system/libcommonCrypto.dylib
0x000000000110e000 	/usr/lib/system/libcompiler_rt.dylib
0x000000000110e000 	/usr/lib/system/libcopyfile.dylib
0x000000000110e000 	/usr/lib/system/libcorecrypto.dylib
0x000000000110e000 	/usr/lib/system/libdispatch.dylib
0x000000000110e000 	/usr/lib/system/libdyld.dylib
0x000000000110e000 	/usr/lib/system/libkeymgr.dylib
0x000000000110e000 	/usr/lib/system/liblaunch.dylib
0x000000000110e000 	/usr/lib/system/libmacho.dylib
0x000000000110e000 	/usr/lib/system/libquarantine.dylib
0x000000000110e000 	/usr/lib/system/libremovefile.dylib
0x000000000110e000 	/usr/lib/system/libsystem_asl.dylib
0x000000000110e000 	/usr/lib/system/libsystem_blocks.dylib
0x000000000110e000 	/usr/lib/system/libsystem_c.dylib
0x000000000110e000 	/usr/lib/system/libsystem_configuration.dylib
0x000000000110e000 	/usr/lib/system/libsystem_coreservices.dylib
0x000000000110e000 	/usr/lib/system/libsystem_coretls.dylib
0x000000000110e000 	/usr/lib/system/libsystem_dnssd.dylib
0x000000000110e000 	/usr/lib/system/libsystem_info.dylib
0x000000000110e000 	/usr/lib/system/libsystem_kernel.dylib
0x000000000110e000 	/usr/lib/system/libsystem_m.dylib
0x000000000110e000 	/usr/lib/system/libsystem_malloc.dylib
0x000000000110e000 	/usr/lib/system/libsystem_network.dylib
0x000000000110e000 	/usr/lib/system/libsystem_networkextension.dylib
0x000000000110e000 	/usr/lib/system/libsystem_notify.dylib
0x000000000110e000 	/usr/lib/system/libsystem_platform.dylib
0x000000000110e000 	/usr/lib/system/libsystem_pthread.dylib
0x000000000110e000 	/usr/lib/system/libsystem_sandbox.dylib
0x000000000110e000 	/usr/lib/system/libsystem_secinit.dylib
0x000000000110e000 	/usr/lib/system/libsystem_stats.dylib
0x000000000110e000 	/usr/lib/system/libsystem_trace.dylib
0x000000000110e000 	/usr/lib/system/libunc.dylib
0x000000000110e000 	/usr/lib/system/libunwind.dylib
0x000000000110e000 	/usr/lib/system/libxpc.dylib
0x000000000110e000 	/usr/lib/libbz2.1.0.dylib
0x000000000110e000 	/usr/lib/liblzma.5.dylib
0x000000000110e000 	/usr/lib/libbsm.0.dylib
0x000000000110e000 	/usr/lib/libsqlite3.dylib
0x000000000110e000 	/usr/lib/system/libkxld.dylib
0x000000000110e000 	/usr/lib/libxar.1.dylib
0x000000000110e000 	/usr/lib/libpam.2.dylib
0x000000000110e000 	/usr/lib/libOpenScriptingUtil.dylib
0x000000000110e000 	/System/Library/Frameworks/CoreServices.framework/Versions/A/Frameworks/FSEvents.framework/Versions/A/FSEvents
0x000000000110e000 	/System/Library/Frameworks/CoreServices.framework/Versions/A/Frameworks/CarbonCore.framework/Versions/A/CarbonCore
0x000000000110e000 	/System/Library/Frameworks/CoreServices.framework/Versions/A/Frameworks/Metadata.framework/Versions/A/Metadata
0x000000000110e000 	/System/Library/Frameworks/CoreServices.framework/Versions/A/Frameworks/OSServices.framework/Versions/A/OSServices
0x000000000110e000 	/System/Library/Frameworks/CoreServices.framework/Versions/A/Frameworks/SearchKit.framework/Versions/A/SearchKit
0x000000000110e000 	/System/Library/Frameworks/CoreServices.framework/Versions/A/Frameworks/AE.framework/Versions/A/AE
0x000000000110e000 	/System/Library/Frameworks/CoreServices.framework/Versions/A/Frameworks/LaunchServices.framework/Versions/A/LaunchServices
0x000000000110e000 	/System/Library/Frameworks/CoreServices.framework/Versions/A/Frameworks/DictionaryServices.framework/Versions/A/DictionaryServices
0x000000000110e000 	/System/Library/Frameworks/NetFS.framework/Versions/A/NetFS
0x000000000110e000 	/System/Library/PrivateFrameworks/NetAuth.framework/Versions/A/NetAuth
0x000000000110e000 	/System/Library/PrivateFrameworks/login.framework/Versions/A/Frameworks/loginsupport.framework/Versions/A/loginsupport
0x000000000110e000 	/System/Library/PrivateFrameworks/TCC.framework/Versions/A/TCC
0x000000000110e000 	/usr/lib/libmecabra.dylib
0x000000000110e000 	/System/Library/Frameworks/ApplicationServices.framework/Versions/A/Frameworks/ATS.framework/Versions/A/ATS
0x000000000110e000 	/System/Library/Frameworks/ApplicationServices.framework/Versions/A/Frameworks/ColorSync.framework/Versions/A/ColorSync
0x000000000110e000 	/System/Library/Frameworks/ApplicationServices.framework/Versions/A/Frameworks/HIServices.framework/Versions/A/HIServices
0x000000000110e000 	/System/Library/Frameworks/ApplicationServices.framework/Versions/A/Frameworks/LangAnalysis.framework/Versions/A/LangAnalysis
0x000000000110e000 	/System/Library/Frameworks/ApplicationServices.framework/Versions/A/Frameworks/PrintCore.framework/Versions/A/PrintCore
0x000000000110e000 	/System/Library/Frameworks/ApplicationServices.framework/Versions/A/Frameworks/QD.framework/Versions/A/QD
0x000000000110e000 	/System/Library/Frameworks/ApplicationServices.framework/Versions/A/Frameworks/SpeechSynthesis.framework/Versions/A/SpeechSynthesis
0x000000000110e000 	/System/Library/Frameworks/Accelerate.framework/Versions/A/Accelerate
0x000000000110e000 	/System/Library/Frameworks/Accelerate.framework/Versions/A/Frameworks/vImage.framework/Versions/A/vImage
0x000000000110e000 	/System/Library/Frameworks/Accelerate.framework/Versions/A/Frameworks/vecLib.framework/Versions/A/vecLib
0x000000000110e000 	/System/Library/Frameworks/Accelerate.framework/Versions/A/Frameworks/vecLib.framework/Versions/A/libvDSP.dylib
0x000000000110e000 	/System/Library/Frameworks/Accelerate.framework/Versions/A/Frameworks/vecLib.framework/Versions/A/libvMisc.dylib
0x000000000110e000 	/System/Library/Frameworks/Accelerate.framework/Versions/A/Frameworks/vecLib.framework/Versions/A/libLAPACK.dylib
0x000000000110e000 	/System/Library/Frameworks/Accelerate.framework/Versions/A/Frameworks/vecLib.framework/Versions/A/libBLAS.dylib
0x000000000110e000 	/System/Library/Frameworks/Accelerate.framework/Versions/A/Frameworks/vecLib.framework/Versions/A/libLinearAlgebra.dylib
0x000000000110e000 	/System/Library/Frameworks/ApplicationServices.framework/Versions/A/Frameworks/ATS.framework/Versions/A/Resources/libFontParser.dylib
0x000000000110e000 	/System/Library/Frameworks/ApplicationServices.framework/Versions/A/Frameworks/ATS.framework/Versions/A/Resources/libFontRegistry.dylib
0x000000000110e000 	/System/Library/PrivateFrameworks/AppleVPA.framework/Versions/A/AppleVPA
0x000000000110e000 	/System/Library/PrivateFrameworks/AppleJPEG.framework/Versions/A/AppleJPEG
0x000000000110e000 	/System/Library/Frameworks/ImageIO.framework/Versions/A/Resources/libJPEG.dylib
0x000000000110e000 	/System/Library/Frameworks/ImageIO.framework/Versions/A/Resources/libTIFF.dylib
0x000000000110e000 	/System/Library/Frameworks/ImageIO.framework/Versions/A/Resources/libPng.dylib
0x000000000110e000 	/System/Library/Frameworks/ImageIO.framework/Versions/A/Resources/libGIF.dylib
0x000000000110e000 	/System/Library/Frameworks/ImageIO.framework/Versions/A/Resources/libJP2.dylib
0x000000000110e000 	/System/Library/Frameworks/ImageIO.framework/Versions/A/Resources/libRadiance.dylib
0x000000000110e000 	/System/Library/Frameworks/CoreVideo.framework/Versions/A/CoreVideo
0x000000000110e000 	/System/Library/Frameworks/OpenGL.framework/Versions/A/Libraries/libGLU.dylib
0x000000000110e000 	/System/Library/Frameworks/OpenGL.framework/Versions/A/Libraries/libGFXShared.dylib
0x000000000110e000 	/System/Library/Frameworks/OpenGL.framework/Versions/A/Libraries/libGL.dylib
0x000000000110e000 	/System/Library/Frameworks/OpenGL.framework/Versions/A/Libraries/libGLImage.dylib
0x000000000110e000 	/System/Library/Frameworks/OpenGL.framework/Versions/A/Libraries/libCVMSPluginSupport.dylib
0x000000000110e000 	/System/Library/Frameworks/OpenGL.framework/Versions/A/Libraries/libCoreVMClient.dylib
0x000000000110e000 	/usr/lib/libcups.2.dylib
0x000000000110e000 	/System/Library/Frameworks/Kerberos.framework/Versions/A/Kerberos
0x000000000110e000 	/System/Library/Frameworks/GSS.framework/Versions/A/GSS
0x000000000110e000 	/usr/lib/libresolv.9.dylib
0x000000000110e000 	/usr/lib/libiconv.2.dylib
0x000000000110e000 	/System/Library/PrivateFrameworks/Heimdal.framework/Versions/A/Heimdal
0x000000000110e000 	/usr/lib/libheimdal-asn1.dylib
0x000000000110e000 	/System/Library/Frameworks/OpenDirectory.framework/Versions/A/OpenDirectory
0x000000000110e000 	/System/Library/PrivateFrameworks/CommonAuth.framework/Versions/A/CommonAuth
0x000000000110e000 	/System/Library/Frameworks/OpenDirectory.framework/Versions/A/Frameworks/CFOpenDirectory.framework/Versions/A/CFOpenDirectory
0x000000000110e000 	/System/Library/Frameworks/SecurityFoundation.framework/Versions/A/SecurityFoundation
0x000000000110e000 	/System/Library/PrivateFrameworks/LanguageModeling.framework/Versions/A/LanguageModeling
0x000000000110e000 	/usr/lib/libcmph.dylib
0x000000000110e000 	/System/Library/Frameworks/ServiceManagement.framework/Versions/A/ServiceManagement
0x000000000110e000 	/usr/lib/libxslt.1.dylib
0x000000000110e000 	/System/Library/Frameworks/Carbon.framework/Versions/A/Frameworks/Ink.framework/Versions/A/Ink
0x000000000110e000 	/System/Library/Frameworks/QuartzCore.framework/Versions/A/Frameworks/CoreImage.framework/Versions/A/CoreImage
0x000000000110e000 	/System/Library/PrivateFrameworks/CrashReporterSupport.framework/Versions/A/CrashReporterSupport
0x000000000110e000 	/System/Library/Frameworks/OpenCL.framework/Versions/A/OpenCL
0x000000000110e000 	/System/Library/PrivateFrameworks/FaceCore.framework/Versions/A/FaceCore
0x000000000110e000 	/System/Library/PrivateFrameworks/Ubiquity.framework/Versions/A/Ubiquity
0x000000000110e000 	/System/Library/PrivateFrameworks/IconServices.framework/Versions/A/IconServices
0x000000000110e000 	/System/Library/PrivateFrameworks/ChunkingLibrary.framework/Versions/A/ChunkingLibrary
0x000000000110e000 	/System/Library/PrivateFrameworks/Apple80211.framework/Versions/A/Apple80211
0x000000000110e000 	/System/Library/Frameworks/CoreWLAN.framework/Versions/A/CoreWLAN
0x000000000110e000 	/System/Library/Frameworks/IOBluetooth.framework/Versions/A/IOBluetooth
0x000000000110e000 	/System/Library/PrivateFrameworks/CoreWiFi.framework/Versions/A/CoreWiFi
0x000000000110e000 	/System/Library/Frameworks/CoreBluetooth.framework/Versions/A/CoreBluetooth
0x000000000110e000 	/System/Library/PrivateFrameworks/DebugSymbols.framework/Versions/A/DebugSymbols
0x000000000110e000 	/System/Library/PrivateFrameworks/CoreSymbolication.framework/Versions/A/CoreSymbolication
0x000000000110e000 	/System/Library/PrivateFrameworks/Symbolication.framework/Versions/A/Symbolication
0x000000000110e000 	/System/Library/PrivateFrameworks/SpeechRecognitionCore.framework/Versions/A/SpeechRecognitionCore
0x0000000102800000 	/Library/Java/JavaVirtualMachines/jdk1.7.0_79.jdk/Contents/Home/jre/lib/server/libjvm.dylib
0x000000000110e000 	/usr/lib/libstdc++.6.dylib
0x0000000101f3d000 	/Library/Java/JavaVirtualMachines/jdk1.7.0_79.jdk/Contents/Home/jre/lib/libverify.dylib
0x0000000101f4a000 	/Library/Java/JavaVirtualMachines/jdk1.7.0_79.jdk/Contents/Home/jre/lib/libjava.dylib
0x0000000101f84000 	/Library/Java/JavaVirtualMachines/jdk1.7.0_79.jdk/Contents/Home/jre/lib/libzip.dylib
0x0000000101fe1000 	/System/Library/Frameworks/JavaVM.framework/Frameworks/JavaRuntimeSupport.framework/JavaRuntimeSupport
0x000000010ca80000 	/System/Library/Frameworks/JavaVM.framework/Versions/A/Frameworks/JavaNativeFoundation.framework/Versions/A/JavaNativeFoundation
0x000000010ca95000 	/System/Library/Frameworks/JavaVM.framework/Versions/A/JavaVM
0x000000000110e000 	/System/Library/Frameworks/Carbon.framework/Versions/A/Carbon
0x000000010caa2000 	/System/Library/PrivateFrameworks/JavaLaunching.framework/Versions/A/JavaLaunching
0x000000000110e000 	/System/Library/Frameworks/Carbon.framework/Versions/A/Frameworks/CommonPanels.framework/Versions/A/CommonPanels
0x000000000110e000 	/System/Library/Frameworks/Carbon.framework/Versions/A/Frameworks/Help.framework/Versions/A/Help
0x000000000110e000 	/System/Library/Frameworks/Carbon.framework/Versions/A/Frameworks/ImageCapture.framework/Versions/A/ImageCapture
0x000000000110e000 	/System/Library/Frameworks/Carbon.framework/Versions/A/Frameworks/OpenScripting.framework/Versions/A/OpenScripting
0x000000000110e000 	/System/Library/Frameworks/Carbon.framework/Versions/A/Frameworks/Print.framework/Versions/A/Print
0x000000000110e000 	/System/Library/Frameworks/Carbon.framework/Versions/A/Frameworks/SecurityHI.framework/Versions/A/SecurityHI
0x000000010e872000 	/Library/Java/JavaVirtualMachines/jdk1.7.0_79.jdk/Contents/Home/jre/lib/libawt.dylib
0x000000010e921000 	/Library/Java/JavaVirtualMachines/jdk1.7.0_79.jdk/Contents/Home/jre/lib/./libmlib_image.dylib
0x000000010e9ed000 	/Library/Java/JavaVirtualMachines/jdk1.7.0_79.jdk/Contents/Home/jre/lib/lwawt/liblwawt.dylib
0x000000010eaa3000 	/Library/Java/JavaVirtualMachines/jdk1.7.0_79.jdk/Contents/Home/jre/lib/libosxapp.dylib
0x000000000110e000 	/System/Library/Frameworks/ExceptionHandling.framework/Versions/A/ExceptionHandling
0x000000000110e000 	/System/Library/PrivateFrameworks/CoreServicesInternal.framework/Versions/A/CoreServicesInternal
0x000000000110e000 	/System/Library/PrivateFrameworks/CloudDocs.framework/Versions/A/CloudDocs
0x000000000110e000 	/System/Library/PrivateFrameworks/CoreDuet.framework/Versions/A/CoreDuet
0x000000000110e000 	/System/Library/Frameworks/CloudKit.framework/Versions/A/CloudKit
0x000000000110e000 	/System/Library/PrivateFrameworks/ProtocolBuffer.framework/Versions/A/ProtocolBuffer
0x000000000110e000 	/System/Library/PrivateFrameworks/CoreDuetDaemonProtocol.framework/Versions/A/CoreDuetDaemonProtocol
0x000000000110e000 	/System/Library/PrivateFrameworks/CoreDuetDebugLogging.framework/Versions/A/CoreDuetDebugLogging
0x000000000110e000 	/System/Library/PrivateFrameworks/MMCS.framework/Versions/A/MMCS
0x000000000110e000 	/System/Library/Frameworks/CoreLocation.framework/Versions/A/CoreLocation
0x000000000110e000 	/System/Library/PrivateFrameworks/ProtectedCloudStorage.framework/Versions/A/ProtectedCloudStorage
0x000000000110e000 	/System/Library/PrivateFrameworks/GeoServices.framework/Versions/A/GeoServices
0x000000000110e000 	/System/Library/Frameworks/CoreGraphics.framework/Versions/A/Resources/libCGCMS.A.dylib
0x000000000110e000 	/System/Library/Frameworks/CoreGraphics.framework/Versions/A/Resources/libRIP.A.dylib
0x000000000110e000 	/System/Library/Frameworks/CoreGraphics.framework/Versions/A/Resources/libCGXType.A.dylib
0x000000000110e000 	/System/Library/Frameworks/OpenCL.framework/Versions/A/Libraries/libcldcpuengine.dylib
0x000000000110e000 	/System/Library/PrivateFrameworks/DiskImages.framework/Versions/A/DiskImages
0x000000000110e000 	/System/Library/Frameworks/DiscRecording.framework/Versions/A/DiscRecording
0x000000000110e000 	/usr/lib/libcsfde.dylib
0x000000000110e000 	/usr/lib/libcurl.4.dylib
0x000000000110e000 	/System/Library/PrivateFrameworks/MediaKit.framework/Versions/A/MediaKit
0x000000000110e000 	/usr/lib/libCoreStorage.dylib
0x000000000110e000 	/System/Library/PrivateFrameworks/EFILogin.framework/Versions/A/EFILogin
0x000000000110e000 	/usr/lib/libutil.dylib
0x000000000110e000 	/System/Library/PrivateFrameworks/FindMyDevice.framework/Versions/A/FindMyDevice
0x000000000110e000 	/System/Library/Frameworks/LDAP.framework/Versions/A/LDAP
0x000000000110e000 	/usr/lib/libsasl2.2.dylib
0x000000000110e000 	/System/Library/PrivateFrameworks/CoreDaemon.framework/Versions/B/CoreDaemon
0x000000000110e000 	/usr/lib/libcrypto.0.9.8.dylib
0x000000000110e000 	/System/Library/PrivateFrameworks/AppleSRP.framework/Versions/A/AppleSRP
0x000000000110e000 	/System/Library/PrivateFrameworks/TrustEvaluationAgent.framework/Versions/A/TrustEvaluationAgent
0x0000000111cb4000 	cl_kernels
0x0000000111cb6000 	/System/Library/Frameworks/OpenCL.framework/Versions/A/Libraries/ImageFormats/unorm8_bgra.dylib
0x0000000111ca6000 	cl_kernels
0x000000000110e000 	/System/Library/PrivateFrameworks/FamilyControls.framework/Versions/A/FamilyControls
0x000000000110e000 	/System/Library/PrivateFrameworks/CommerceKit.framework/Versions/A/Frameworks/CommerceCore.framework/Versions/A/CommerceCore
0x000000000110e000 	/System/Library/PrivateFrameworks/SystemAdministration.framework/Versions/A/SystemAdministration
0x000000000110e000 	/System/Library/PrivateFrameworks/AppContainer.framework/Versions/A/AppContainer
0x000000000110e000 	/System/Library/PrivateFrameworks/SecCodeWrapper.framework/Versions/A/SecCodeWrapper
0x000000000110e000 	/System/Library/Frameworks/DirectoryService.framework/Versions/A/DirectoryService
0x000000000110e000 	/System/Library/PrivateFrameworks/LoginUIKit.framework/Versions/A/Frameworks/LoginUICore.framework/Versions/A/LoginUICore
0x000000000110e000 	/usr/lib/libodfde.dylib
0x0000000112f3a000 	/Library/Java/JavaVirtualMachines/jdk1.7.0_79.jdk/Contents/Home/jre/lib/libfontmanager.dylib
0x0000000112fa1000 	/Users/alexanderrisvang/Documents/AndroidDevelopment/OOSE2015/native/liblwjgl.dylib
0x000000011112e000 	/Library/Java/JavaVirtualMachines/jdk1.7.0_79.jdk/Contents/Home/jre/lib/libjawt.dylib
0x0000000111131000 	/Library/Java/JavaVirtualMachines/jdk1.7.0_79.jdk/Contents/Home/jre/lib/libnio.dylib
0x0000000111140000 	/Library/Java/JavaVirtualMachines/jdk1.7.0_79.jdk/Contents/Home/jre/lib/./libnet.dylib
0x000000000110e000 	/System/Library/Frameworks/OpenGL.framework/Versions/A/Resources/GLEngine.bundle/GLEngine
0x000000000110e000 	/System/Library/Frameworks/OpenGL.framework/Versions/A/Libraries/libGLProgrammability.dylib
0x0000000000000000 	/System/Library/Extensions/AppleIntelBDWGraphicsGLDriver.bundle/Contents/MacOS/AppleIntelBDWGraphicsGLDriver
0x000000000110e000 	/System/Library/PrivateFrameworks/IOAccelerator.framework/Versions/A/IOAccelerator
0x000000000110e000 	/System/Library/PrivateFrameworks/GPUSupport.framework/Versions/A/Libraries/libGPUSupportMercury.dylib
0x000000000110e000 	/System/Library/Frameworks/OpenGL.framework/Versions/A/Resources/GLRendererFloat.bundle/GLRendererFloat
0x0000000113c68000 	/Users/alexanderrisvang/Documents/AndroidDevelopment/OOSE2015/native/libjinput-osx.dylib
0x0000000113c6d000 	/System/Library/Extensions/IOHIDFamily.kext/Contents/PlugIns/IOHIDLib.plugin/Contents/MacOS/IOHIDLib
0x0000000113c9c000 	/Users/alexanderrisvang/Documents/AndroidDevelopment/OOSE2015/native/openal.dylib
0x0000000113d20000 	/System/Library/Components/CoreAudio.component/Contents/MacOS/CoreAudio
0x0000000113ff9000 	/System/Library/Extensions/AppleHDA.kext/Contents/PlugIns/AppleHDAHALPlugIn.bundle/Contents/MacOS/AppleHDAHALPlugIn
0x0000000114448000 	/Library/Java/JavaVirtualMachines/jdk1.7.0_79.jdk/Contents/Home/jre/lib/libjpeg.dylib
0x00000001141b8000 	/Library/Java/JavaVirtualMachines/jdk1.7.0_79.jdk/Contents/Home/jre/lib/libkcms.dylib

VM Arguments:
jvm_args: -Djava.library.path=/Users/alexanderrisvang/Documents/AndroidDevelopment/OOSE2015/native -Dfile.encoding=UTF-8 
java_command: example.SimpleSlickGame
Launcher Type: SUN_STANDARD

Environment Variables:
PATH=/usr/bin:/bin:/usr/sbin:/sbin
SHELL=/bin/bash
DISPLAY=/private/tmp/com.apple.launchd.AbbsPSMwuv/org.macosforge.xquartz:0

Signal Handlers:
SIGSEGV: [libjvm.dylib+0x52daf1], sa_mask[0]=0xfffefeff, sa_flags=0x00000043
SIGBUS: [libjvm.dylib+0x52daf1], sa_mask[0]=0xfffefeff, sa_flags=0x00000042
SIGFPE: [libjvm.dylib+0x41f34e], sa_mask[0]=0xfffefeff, sa_flags=0x00000042
SIGPIPE: [libjvm.dylib+0x41f34e], sa_mask[0]=0xfffefeff, sa_flags=0x00000042
SIGXFSZ: [libjvm.dylib+0x41f34e], sa_mask[0]=0xfffefeff, sa_flags=0x00000042
SIGILL: [libjvm.dylib+0x41f34e], sa_mask[0]=0xfffefeff, sa_flags=0x00000042
SIGUSR1: SIG_DFL, sa_mask[0]=0x00000000, sa_flags=0x00000000
SIGUSR2: [libjvm.dylib+0x41ee40], sa_mask[0]=0x00000004, sa_flags=0x00000042
SIGHUP: [libjvm.dylib+0x41d0d1], sa_mask[0]=0xfffefeff, sa_flags=0x00000042
SIGINT: [libjvm.dylib+0x41d0d1], sa_mask[0]=0xfffefeff, sa_flags=0x00000042
SIGTERM: [libjvm.dylib+0x41d0d1], sa_mask[0]=0xfffefeff, sa_flags=0x00000042
SIGQUIT: [libjvm.dylib+0x41d0d1], sa_mask[0]=0xfffefeff, sa_flags=0x00000042


---------------  S Y S T E M  ---------------

OS:Bsduname:Darwin 14.3.0 Darwin Kernel Version 14.3.0: Mon Mar 23 11:59:05 PDT 2015; root:xnu-2782.20.48~5/RELEASE_X86_64 x86_64
rlimit: STACK 8192k, CORE 0k, NPROC 709, NOFILE 10240, AS infinity
load average:1.89 1.77 1.73

CPU:total 4 (2 cores per cpu, 2 threads per core) family 6 model 61 stepping 4, cmov, cx8, fxsr, mmx, sse, sse2, sse3, ssse3, sse4.1, sse4.2, popcnt, avx, avx2, aes, erms, ht, tsc, tscinvbit

Memory: 4k page, physical 8388608k(2097152k free)

/proc/meminfo:


vm_info: Java HotSpot(TM) 64-Bit Server VM (24.79-b02) for bsd-amd64 JRE (1.7.0_79-b15), built on Apr 10 2015 11:35:04 by "java_re" with gcc 4.2.1 (Based on Apple Inc. build 5658) (LLVM build 2336.11.00)

time: Fri May  8 16:06:28 2015
elapsed time: 29 seconds

