#
# A fatal error has been detected by the Java Runtime Environment:
#
#  SIGSEGV (0xb) at pc=0x00007fff835b48f2, pid=8931, tid=1811
#
# JRE version: Java(TM) SE Runtime Environment (7.0_79-b15) (build 1.7.0_79-b15)
# Java VM: Java HotSpot(TM) 64-Bit Server VM (24.79-b02 mixed mode bsd-amd64 compressed oops)
# Problematic frame:
# C  [libGPUSupportMercury.dylib+0xb8f2]  gldAttachDrawable+0x60
#
# Failed to write core dump. Core dumps have been disabled. To enable core dumping, try "ulimit -c unlimited" before starting Java again
#
# If you would like to submit a bug report, please visit:
#   http://bugreport.java.com/bugreport/crash.jsp
# The crash happened outside the Java Virtual Machine in native code.
# See problematic frame for where to report the bug.
#

---------------  T H R E A D  ---------------

Current thread (0x00007fbbd9083000):  JavaThread "AppKit Thread" daemon [_thread_in_native, id=1811, stack(0x00007fff5a807000,0x00007fff5a887000)]

siginfo:si_signo=SIGSEGV: si_errno=0, si_code=0 (SEGV0), si_addr=0x0000000000000000

Registers:
RAX=0x8000000000000000, RBX=0x000000000000271e, RCX=0x0000000000000000, RDX=0x00007fbbd8c6ee48
RSP=0x00007fff5a881850, RBP=0x00007fff5a881950, RSI=0x0000000000000050, RDI=0x00007fff7363f070
R8 =0x00007fbbdb80aa60, R9 =0x00007fbbdb800000, R10=0x000000000000003c, R11=0x0000000000000206
R12=0x0000000000002718, R13=0x00007fbbd9164600, R14=0x0000000000000050, R15=0x0000000000000000
RIP=0x00007fff835b48f2, EFLAGS=0x0000000000010212, ERR=0x0000000000000000
  TRAPNO=0x000000000000000d

Top of Stack: (sp=0x00007fff5a881850)
0x00007fff5a881850:   00007fff5a8818c4 00007fbbd8e12e80
0x00007fff5a881860:   ffffffffffffffff 0000206000000040
0x00007fff5a881870:   00007fbbd8e12e98 00007fff84f2164f
0x00007fff5a881880:   0000000000000000 8000000000000000
0x00007fff5a881890:   0000000300000003 00007fff5a8819d8
0x00007fff5a8818a0:   00007fff5a881964 000000000001d91b
0x00007fff5a8818b0:   00007fff5a88195c 00007fff5a881960
0x00007fff5a8818c0:   00007fff5a881940 00007fff8d3fc0c9
0x00007fff5a8818d0:   0000000000000000 00000000000030b7
0x00007fff5a8818e0:   0000003400001200 0000040b00000000
0x00007fff5a8818f0:   00007fff5a881920 00007fff8d39592a
0x00007fff5a881900:   00007fff5a881998 00000000000030b7
0x00007fff5a881910:   00007fff5a881950 0000000023f3ce9e
0x00007fff5a881920:   be007134945cf385 00007fbbdb800c00
0x00007fff5a881930:   0000000000002718 0000000000000000
0x00007fff5a881940:   0000000000000050 0000000000000000
0x00007fff5a881950:   00007fff5a8819a0 00007fff8376d7e8
0x00007fff5a881960:   00007fbbdb80aa60 0000000000000000
0x00007fff5a881970:   00007fbbd8c6ee48 00007fbbd8c1b7b0
0x00007fff5a881980:   0000000000000000 00007fbbda0a5350
0x00007fff5a881990:   00007fbbda0a3400 00007fff7363f070
0x00007fff5a8819a0:   00007fff5a881a90 00007fff8b91d870
0x00007fff5a8819b0:   4089000000000000 4074000000000000
0x00007fff5a8819c0:   4053800000000000 4084000000000000
0x00007fff5a8819d0:   4083700000000000 0000000000000000
0x00007fff5a8819e0:   4036000000000000 4084000000000000
0x00007fff5a8819f0:   4082c00000000000 0000000000000000
0x00007fff5a881a00:   0000000000000000 0000000000000001
0x00007fff5a881a10:   00007fbbd8c6ee48 0000000000000001
0x00007fff5a881a20:   00007fff5a881a90 00007fff8b92266b
0x00007fff5a881a30:   0000000100000000 00007fbbda0a5350
0x00007fff5a881a40:   00007fbbda0a5288 000000029257ffff 

Instructions: (pc=0x00007fff835b48f2)
0x00007fff835b48d2:   48 85 d2 b8 01 00 00 00 bb 15 27 00 00 0f 44 d8
0x00007fff835b48e2:   e9 7f 01 00 00 49 8b 45 08 48 89 85 38 ff ff ff
0x00007fff835b48f2:   48 8b 00 48 89 85 30 ff ff ff 83 fe 4f 0f 8f fd
0x00007fff835b4902:   00 00 00 48 89 d0 bb 15 27 00 00 83 fe 35 0f 84 

Register to memory mapping:

RAX=0x8000000000000000 is an unknown value
RBX=0x000000000000271e is an unknown value
RCX=0x0000000000000000 is an unknown value
RDX=0x00007fbbd8c6ee48 is an unknown value
RSP=0x00007fff5a881850 is pointing into the stack for thread: 0x00007fbbd9083000
RBP=0x00007fff5a881950 is pointing into the stack for thread: 0x00007fbbd9083000
RSI=0x0000000000000050 is an unknown value
RDI=0x00007fff7363f070: __stack_chk_guard+0 in /usr/lib/system/libsystem_c.dylib at 0x00007fff839f2000
R8 =0x00007fbbdb80aa60 is an unknown value
R9 =0x00007fbbdb800000 is an unknown value
R10=0x000000000000003c is an unknown value
R11=0x0000000000000206 is an unknown value
R12=0x0000000000002718 is an unknown value
R13=0x00007fbbd9164600 is an unknown value
R14=0x0000000000000050 is an unknown value
R15=0x0000000000000000 is an unknown value


Stack: [0x00007fff5a807000,0x00007fff5a887000],  sp=0x00007fff5a881850,  free space=490k
Native frames: (J=compiled Java code, j=interpreted, Vv=VM code, C=native code)
C  [libGPUSupportMercury.dylib+0xb8f2]  gldAttachDrawable+0x60
C  [GLEngine+0x167e8]  gliAttachDrawableWithOptions+0x101
C  [OpenGL+0x3870]  glcGetIOAccelService+0xe03
C  [OpenGL+0x7412]  CGLSetPBuffer+0xb90
C  [OpenGL+0x7735]  CGLSetSurface+0x124
C  [AppKit+0x332d44]  NSOpenGLContextAttachOnScreenViewSurface+0x109
C  [AppKit+0x31dc8c]  -[NSOpenGLContext setView:]+0x83
C  [liblwjgl.dylib+0xa586]  -[MacOSXOpenGLView lockFocus]+0x76
C  [AppKit+0xe2055]  -[NSView _recursiveDisplayRectIfNeededIgnoringOpacity:isVisibleRect:rectIsVisibleRectForView:topView:]+0x740
C  [AppKit+0xe30b0]  -[NSView _recursiveDisplayRectIfNeededIgnoringOpacity:isVisibleRect:rectIsVisibleRectForView:topView:]+0x179b
C  [AppKit+0xe1403]  -[NSThemeFrame _recursiveDisplayRectIfNeededIgnoringOpacity:isVisibleRect:rectIsVisibleRectForView:topView:]+0x14d
C  [AppKit+0xdd79b]  -[NSView _displayRectIgnoringOpacity:isVisibleRect:rectIsVisibleRectForView:]+0xac9
C  [AppKit+0x952be]  -[NSView displayIfNeeded]+0x754
C  [AppKit+0x94b19]  -[NSWindow displayIfNeeded]+0xec
C  [AppKit+0x94782]  _handleWindowNeedsDisplayOrLayoutOrUpdateConstraints+0x3a8
C  [AppKit+0x7ca191]  __83-[NSWindow _postWindowNeedsDisplayOrLayoutOrUpdateConstraintsUnlessPostingDisabled]_block_invoke1540+0x2e
C  [CoreFoundation+0x80127]  __CFRUNLOOP_IS_CALLING_OUT_TO_AN_OBSERVER_CALLBACK_FUNCTION__+0x17
C  [CoreFoundation+0x80080]  __CFRunLoopDoObservers+0x170
C  [CoreFoundation+0x72188]  __CFRunLoopRun+0x368
C  [CoreFoundation+0x71bd8]  CFRunLoopRunSpecific+0x128
C  [HIToolbox+0x3256f]  RunCurrentEventLoopInMode+0xeb
C  [HIToolbox+0x321ee]  ReceiveNextEventCommon+0xb3
C  [HIToolbox+0x3212b]  _BlockUntilNextEventMatchingListInModeWithFilter+0x47
C  [AppKit+0x919bb]  _DPSNextEvent+0x3d2
C  [AppKit+0x90f68]  -[NSApplication nextEventMatchingMask:untilDate:inMode:dequeue:]+0x15a
C  [libosxapp.dylib+0x24e3]  -[NSApplicationAWT nextEventMatchingMask:untilDate:inMode:dequeue:]+0x7c
C  [AppKit+0x86bf3]  -[NSApplication run]+0x252
C  [libosxapp.dylib+0x2346]  +[NSApplicationAWT runAWTLoopWithApp:]+0x9c
C  [liblwawt.dylib+0xe17d]  -[AWTStarter starter:]+0x369
C  [Foundation+0x92d00]  __NSThreadPerformPerform+0x125
C  [CoreFoundation+0x80a01]  __CFRUNLOOP_IS_CALLING_OUT_TO_A_SOURCE0_PERFORM_FUNCTION__+0x11
C  [CoreFoundation+0x72b8d]  __CFRunLoopDoSources0+0x10d
C  [CoreFoundation+0x721bf]  __CFRunLoopRun+0x39f
C  [CoreFoundation+0x71bd8]  CFRunLoopRunSpecific+0x128
C  [java+0x73b0]  CreateExecutionEnvironment+0x367
C  [java+0x1b5c]  JLI_Launch+0x7a0
C  [java+0x770d]  main+0x65
C  [java+0x13b4]  start+0x34


---------------  P R O C E S S  ---------------

Java Threads: ( => current thread )
  0x00007fbbd9840800 JavaThread "AWT-Shutdown" [_thread_blocked, id=27667, stack(0x00000001137d6000,0x00000001138d6000)]
=>0x00007fbbd9083000 JavaThread "AppKit Thread" daemon [_thread_in_native, id=1811, stack(0x00007fff5a807000,0x00007fff5a887000)]
  0x00007fbbd9814000 JavaThread "Service Thread" daemon [_thread_blocked, id=17667, stack(0x0000000111ce2000,0x0000000111de2000)]
  0x00007fbbd9805000 JavaThread "C2 CompilerThread1" daemon [_thread_blocked, id=17155, stack(0x0000000111bdf000,0x0000000111cdf000)]
  0x00007fbbda001000 JavaThread "C2 CompilerThread0" daemon [_thread_blocked, id=16643, stack(0x0000000111adc000,0x0000000111bdc000)]
  0x00007fbbd980e800 JavaThread "Signal Dispatcher" daemon [_thread_blocked, id=13335, stack(0x00000001119d9000,0x0000000111ad9000)]
  0x00007fbbd9048800 JavaThread "Finalizer" daemon [_thread_blocked, id=11523, stack(0x000000010ffb4000,0x00000001100b4000)]
  0x00007fbbd9047800 JavaThread "Reference Handler" daemon [_thread_blocked, id=11011, stack(0x000000010feb1000,0x000000010ffb1000)]
  0x00007fbbda801800 JavaThread "main" [_thread_in_native, id=4867, stack(0x0000000105ef2000,0x0000000105ff2000)]

Other Threads:
  0x00007fbbd9045000 VMThread [stack: 0x000000010fdae000,0x000000010feae000] [id=10499]
  0x00007fbbd980f800 WatcherThread [stack: 0x0000000111de5000,0x0000000111ee5000] [id=18179]

VM state:not at safepoint (normal execution)

VM Mutex/Monitor currently owned by a thread: None

Heap
 PSYoungGen      total 38912K, used 19813K [0x00000007d5500000, 0x00000007d8000000, 0x0000000800000000)
  eden space 33792K, 58% used [0x00000007d5500000,0x00000007d68594c0,0x00000007d7600000)
  from space 5120K, 0% used [0x00000007d7b00000,0x00000007d7b00000,0x00000007d8000000)
  to   space 5120K, 0% used [0x00000007d7600000,0x00000007d7600000,0x00000007d7b00000)
 ParOldGen       total 87040K, used 0K [0x0000000780000000, 0x0000000785500000, 0x00000007d5500000)
  object space 87040K, 0% used [0x0000000780000000,0x0000000780000000,0x0000000785500000)
 PSPermGen       total 21504K, used 6423K [0x000000077ae00000, 0x000000077c300000, 0x0000000780000000)
  object space 21504K, 29% used [0x000000077ae00000,0x000000077b445db0,0x000000077c300000)

Card table byte_map: [0x0000000109906000,0x0000000109d30000] byte_map_base: 0x0000000105d2f000

Polling page: 0x0000000105ff4000

Code Cache  [0x0000000106846000, 0x0000000106ab6000, 0x0000000109846000)
 total_blobs=460 nmethods=122 adapters=292 free_code_cache=48469Kb largest_free_block=49612416

Compilation events (10 events):
Event: 10.597 Thread 0x00007fbbda001000 nmethod 117 0x00000001068f2390 code [0x00000001068f24c0, 0x00000001068f2518]
Event: 10.600 Thread 0x00007fbbda001000  118             java.lang.ThreadLocal::get (34 bytes)
Event: 10.601 Thread 0x00007fbbda001000 nmethod 118 0x00000001068d3e50 code [0x00000001068d3fa0, 0x00000001068d40d8]
Event: 10.603 Thread 0x00007fbbd9805000 nmethod 115 0x00000001068e43d0 code [0x00000001068e45e0, 0x00000001068e5268]
Event: 10.647 Thread 0x00007fbbda001000  119             java.lang.Integer::stringSize (21 bytes)
Event: 10.647 Thread 0x00007fbbd9805000  120             java.lang.Integer::getChars (131 bytes)
Event: 10.650 Thread 0x00007fbbda001000 nmethod 119 0x00000001068d3b90 code [0x00000001068d3cc0, 0x00000001068d3db8]
Event: 10.655 Thread 0x00007fbbd9805000 nmethod 120 0x00000001068d3250 code [0x00000001068d33c0, 0x00000001068d3918]
Event: 10.906 Thread 0x00007fbbda001000  121             java.util.ArrayList::size (5 bytes)
Event: 10.906 Thread 0x00007fbbda001000 nmethod 121 0x00000001068d2fd0 code [0x00000001068d3100, 0x00000001068d3158]

GC Heap History (0 events):
No events

Deoptimization events (4 events):
Event: 1.136 Thread 0x00007fbbda801800 Uncommon trap: reason=class_check action=maybe_recompile pc=0x00000001068c7e6c method=java.util.HashMap.put(Ljava/lang/Object;Ljava/lang/Object;)Ljava/lang/Object; @ 137
Event: 1.142 Thread 0x00007fbbda801800 Uncommon trap: reason=class_check action=maybe_recompile pc=0x00000001068c7e6c method=java.util.HashMap.put(Ljava/lang/Object;Ljava/lang/Object;)Ljava/lang/Object; @ 137
Event: 1.142 Thread 0x00007fbbda801800 Uncommon trap: reason=class_check action=maybe_recompile pc=0x00000001068c7e6c method=java.util.HashMap.put(Ljava/lang/Object;Ljava/lang/Object;)Ljava/lang/Object; @ 137
Event: 1.147 Thread 0x00007fbbda801800 Uncommon trap: reason=class_check action=maybe_recompile pc=0x00000001068c7e6c method=java.util.HashMap.put(Ljava/lang/Object;Ljava/lang/Object;)Ljava/lang/Object; @ 137

Internal exceptions (10 events):
Event: 1.140 Thread 0x00007fbbda801800 Threw 0x00000007d6161350 at /HUDSON/workspace/7u-2-build-macosx-x86_64/jdk7u79/2331/hotspot/src/share/vm/prims/jvm.cpp:1304
Event: 1.141 Thread 0x00007fbbda801800 Threw 0x00000007d6166e18 at /HUDSON/workspace/7u-2-build-macosx-x86_64/jdk7u79/2331/hotspot/src/share/vm/prims/jvm.cpp:1304
Event: 1.142 Thread 0x00007fbbda801800 Threw 0x00000007d616b4b8 at /HUDSON/workspace/7u-2-build-macosx-x86_64/jdk7u79/2331/hotspot/src/share/vm/prims/jvm.cpp:1304
Event: 1.143 Thread 0x00007fbbda801800 Threw 0x00000007d61738f8 at /HUDSON/workspace/7u-2-build-macosx-x86_64/jdk7u79/2331/hotspot/src/share/vm/prims/jvm.cpp:1304
Event: 1.143 Thread 0x00007fbbda801800 Threw 0x00000007d6178170 at /HUDSON/workspace/7u-2-build-macosx-x86_64/jdk7u79/2331/hotspot/src/share/vm/prims/jvm.cpp:1304
Event: 1.144 Thread 0x00007fbbda801800 Threw 0x00000007d6183270 at /HUDSON/workspace/7u-2-build-macosx-x86_64/jdk7u79/2331/hotspot/src/share/vm/prims/jvm.cpp:1304
Event: 1.145 Thread 0x00007fbbda801800 Threw 0x00000007d6188510 at /HUDSON/workspace/7u-2-build-macosx-x86_64/jdk7u79/2331/hotspot/src/share/vm/prims/jvm.cpp:1304
Event: 1.145 Thread 0x00007fbbda801800 Threw 0x00000007d618d368 at /HUDSON/workspace/7u-2-build-macosx-x86_64/jdk7u79/2331/hotspot/src/share/vm/prims/jvm.cpp:1304
Event: 1.145 Thread 0x00007fbbda801800 Threw 0x00000007d61920c8 at /HUDSON/workspace/7u-2-build-macosx-x86_64/jdk7u79/2331/hotspot/src/share/vm/prims/jvm.cpp:1304
Event: 11.254 Thread 0x00007fbbda801800 Threw 0x00000007d6812040 at /HUDSON/workspace/7u-2-build-macosx-x86_64/jdk7u79/2331/hotspot/src/share/vm/prims/jvm.cpp:1304

Events (10 events):
Event: 1.153 loading class 0x00007fbbda85b900
Event: 1.153 loading class 0x00007fbbda85b900 done
Event: 1.153 loading class 0x000000010eb1c750
Event: 1.153 loading class 0x000000010eb1c750 done
Event: 1.153 loading class 0x000000010eb400e0
Event: 1.153 loading class 0x000000010eb400e0 done
Event: 4.097 Executing VM operation: EnableBiasedLocking
Event: 4.097 Executing VM operation: EnableBiasedLocking done
Event: 11.254 loading class 0x00007fbbd8d6f160
Event: 11.254 loading class 0x00007fbbd8d6f160 done


Dynamic libraries:
0x000000000358e000 	/System/Library/Frameworks/Cocoa.framework/Versions/A/Cocoa
0x000000000358e000 	/System/Library/Frameworks/Security.framework/Versions/A/Security
0x000000000358e000 	/System/Library/Frameworks/ApplicationServices.framework/Versions/A/ApplicationServices
0x000000000358e000 	/usr/lib/libz.1.dylib
0x000000000358e000 	/usr/lib/libSystem.B.dylib
0x000000000358e000 	/usr/lib/libobjc.A.dylib
0x000000000358e000 	/System/Library/Frameworks/CoreFoundation.framework/Versions/A/CoreFoundation
0x000000000358e000 	/System/Library/Frameworks/Foundation.framework/Versions/C/Foundation
0x000000000358e000 	/System/Library/Frameworks/AppKit.framework/Versions/C/AppKit
0x000000000358e000 	/System/Library/Frameworks/CoreData.framework/Versions/A/CoreData
0x000000000358e000 	/System/Library/PrivateFrameworks/RemoteViewServices.framework/Versions/A/RemoteViewServices
0x000000000358e000 	/System/Library/PrivateFrameworks/UIFoundation.framework/Versions/A/UIFoundation
0x000000000358e000 	/System/Library/Frameworks/IOSurface.framework/Versions/A/IOSurface
0x000000000358e000 	/System/Library/Frameworks/AudioToolbox.framework/Versions/A/AudioToolbox
0x000000000358e000 	/System/Library/Frameworks/AudioUnit.framework/Versions/A/AudioUnit
0x000000000358e000 	/System/Library/PrivateFrameworks/DataDetectorsCore.framework/Versions/A/DataDetectorsCore
0x000000000358e000 	/System/Library/PrivateFrameworks/DesktopServicesPriv.framework/Versions/A/DesktopServicesPriv
0x000000000358e000 	/System/Library/Frameworks/Carbon.framework/Versions/A/Frameworks/HIToolbox.framework/Versions/A/HIToolbox
0x000000000358e000 	/System/Library/Frameworks/QuartzCore.framework/Versions/A/QuartzCore
0x000000000358e000 	/System/Library/Frameworks/Carbon.framework/Versions/A/Frameworks/SpeechRecognition.framework/Versions/A/SpeechRecognition
0x000000000358e000 	/usr/lib/libauto.dylib
0x000000000358e000 	/usr/lib/libicucore.A.dylib
0x000000000358e000 	/usr/lib/libxml2.2.dylib
0x000000000358e000 	/System/Library/PrivateFrameworks/CoreUI.framework/Versions/A/CoreUI
0x000000000358e000 	/System/Library/Frameworks/CoreAudio.framework/Versions/A/CoreAudio
0x000000000358e000 	/System/Library/Frameworks/DiskArbitration.framework/Versions/A/DiskArbitration
0x000000000358e000 	/usr/lib/liblangid.dylib
0x000000000358e000 	/System/Library/PrivateFrameworks/MultitouchSupport.framework/Versions/A/MultitouchSupport
0x000000000358e000 	/System/Library/Frameworks/IOKit.framework/Versions/A/IOKit
0x000000000358e000 	/usr/lib/libDiagnosticMessagesClient.dylib
0x000000000358e000 	/System/Library/Frameworks/CoreServices.framework/Versions/A/CoreServices
0x000000000358e000 	/System/Library/PrivateFrameworks/PerformanceAnalysis.framework/Versions/A/PerformanceAnalysis
0x000000000358e000 	/System/Library/PrivateFrameworks/GenerationalStorage.framework/Versions/A/GenerationalStorage
0x000000000358e000 	/System/Library/Frameworks/OpenGL.framework/Versions/A/OpenGL
0x000000000358e000 	/System/Library/PrivateFrameworks/Sharing.framework/Versions/A/Sharing
0x000000000358e000 	/System/Library/Frameworks/CoreGraphics.framework/Versions/A/CoreGraphics
0x000000000358e000 	/System/Library/Frameworks/CoreText.framework/Versions/A/CoreText
0x000000000358e000 	/System/Library/Frameworks/ImageIO.framework/Versions/A/ImageIO
0x000000000358e000 	/usr/lib/libextension.dylib
0x000000000358e000 	/System/Library/PrivateFrameworks/Backup.framework/Versions/A/Backup
0x000000000358e000 	/usr/lib/libarchive.2.dylib
0x000000000358e000 	/System/Library/Frameworks/CFNetwork.framework/Versions/A/CFNetwork
0x000000000358e000 	/System/Library/Frameworks/SystemConfiguration.framework/Versions/A/SystemConfiguration
0x000000000358e000 	/usr/lib/libCRFSuite.dylib
0x000000000358e000 	/usr/lib/libc++.1.dylib
0x000000000358e000 	/usr/lib/libc++abi.dylib
0x000000000358e000 	/usr/lib/system/libcache.dylib
0x000000000358e000 	/usr/lib/system/libcommonCrypto.dylib
0x000000000358e000 	/usr/lib/system/libcompiler_rt.dylib
0x000000000358e000 	/usr/lib/system/libcopyfile.dylib
0x000000000358e000 	/usr/lib/system/libcorecrypto.dylib
0x000000000358e000 	/usr/lib/system/libdispatch.dylib
0x000000000358e000 	/usr/lib/system/libdyld.dylib
0x000000000358e000 	/usr/lib/system/libkeymgr.dylib
0x000000000358e000 	/usr/lib/system/liblaunch.dylib
0x000000000358e000 	/usr/lib/system/libmacho.dylib
0x000000000358e000 	/usr/lib/system/libquarantine.dylib
0x000000000358e000 	/usr/lib/system/libremovefile.dylib
0x000000000358e000 	/usr/lib/system/libsystem_asl.dylib
0x000000000358e000 	/usr/lib/system/libsystem_blocks.dylib
0x000000000358e000 	/usr/lib/system/libsystem_c.dylib
0x000000000358e000 	/usr/lib/system/libsystem_configuration.dylib
0x000000000358e000 	/usr/lib/system/libsystem_coreservices.dylib
0x000000000358e000 	/usr/lib/system/libsystem_coretls.dylib
0x000000000358e000 	/usr/lib/system/libsystem_dnssd.dylib
0x000000000358e000 	/usr/lib/system/libsystem_info.dylib
0x000000000358e000 	/usr/lib/system/libsystem_kernel.dylib
0x000000000358e000 	/usr/lib/system/libsystem_m.dylib
0x000000000358e000 	/usr/lib/system/libsystem_malloc.dylib
0x000000000358e000 	/usr/lib/system/libsystem_network.dylib
0x000000000358e000 	/usr/lib/system/libsystem_networkextension.dylib
0x000000000358e000 	/usr/lib/system/libsystem_notify.dylib
0x000000000358e000 	/usr/lib/system/libsystem_platform.dylib
0x000000000358e000 	/usr/lib/system/libsystem_pthread.dylib
0x000000000358e000 	/usr/lib/system/libsystem_sandbox.dylib
0x000000000358e000 	/usr/lib/system/libsystem_secinit.dylib
0x000000000358e000 	/usr/lib/system/libsystem_stats.dylib
0x000000000358e000 	/usr/lib/system/libsystem_trace.dylib
0x000000000358e000 	/usr/lib/system/libunc.dylib
0x000000000358e000 	/usr/lib/system/libunwind.dylib
0x000000000358e000 	/usr/lib/system/libxpc.dylib
0x000000000358e000 	/usr/lib/libbz2.1.0.dylib
0x000000000358e000 	/usr/lib/liblzma.5.dylib
0x000000000358e000 	/usr/lib/libbsm.0.dylib
0x000000000358e000 	/usr/lib/libsqlite3.dylib
0x000000000358e000 	/usr/lib/system/libkxld.dylib
0x000000000358e000 	/usr/lib/libxar.1.dylib
0x000000000358e000 	/usr/lib/libpam.2.dylib
0x000000000358e000 	/usr/lib/libOpenScriptingUtil.dylib
0x000000000358e000 	/System/Library/Frameworks/CoreServices.framework/Versions/A/Frameworks/FSEvents.framework/Versions/A/FSEvents
0x000000000358e000 	/System/Library/Frameworks/CoreServices.framework/Versions/A/Frameworks/CarbonCore.framework/Versions/A/CarbonCore
0x000000000358e000 	/System/Library/Frameworks/CoreServices.framework/Versions/A/Frameworks/Metadata.framework/Versions/A/Metadata
0x000000000358e000 	/System/Library/Frameworks/CoreServices.framework/Versions/A/Frameworks/OSServices.framework/Versions/A/OSServices
0x000000000358e000 	/System/Library/Frameworks/CoreServices.framework/Versions/A/Frameworks/SearchKit.framework/Versions/A/SearchKit
0x000000000358e000 	/System/Library/Frameworks/CoreServices.framework/Versions/A/Frameworks/AE.framework/Versions/A/AE
0x000000000358e000 	/System/Library/Frameworks/CoreServices.framework/Versions/A/Frameworks/LaunchServices.framework/Versions/A/LaunchServices
0x000000000358e000 	/System/Library/Frameworks/CoreServices.framework/Versions/A/Frameworks/DictionaryServices.framework/Versions/A/DictionaryServices
0x000000000358e000 	/System/Library/Frameworks/NetFS.framework/Versions/A/NetFS
0x000000000358e000 	/System/Library/PrivateFrameworks/NetAuth.framework/Versions/A/NetAuth
0x000000000358e000 	/System/Library/PrivateFrameworks/login.framework/Versions/A/Frameworks/loginsupport.framework/Versions/A/loginsupport
0x000000000358e000 	/System/Library/PrivateFrameworks/TCC.framework/Versions/A/TCC
0x000000000358e000 	/usr/lib/libmecabra.dylib
0x000000000358e000 	/System/Library/Frameworks/ApplicationServices.framework/Versions/A/Frameworks/ATS.framework/Versions/A/ATS
0x000000000358e000 	/System/Library/Frameworks/ApplicationServices.framework/Versions/A/Frameworks/ColorSync.framework/Versions/A/ColorSync
0x000000000358e000 	/System/Library/Frameworks/ApplicationServices.framework/Versions/A/Frameworks/HIServices.framework/Versions/A/HIServices
0x000000000358e000 	/System/Library/Frameworks/ApplicationServices.framework/Versions/A/Frameworks/LangAnalysis.framework/Versions/A/LangAnalysis
0x000000000358e000 	/System/Library/Frameworks/ApplicationServices.framework/Versions/A/Frameworks/PrintCore.framework/Versions/A/PrintCore
0x000000000358e000 	/System/Library/Frameworks/ApplicationServices.framework/Versions/A/Frameworks/QD.framework/Versions/A/QD
0x000000000358e000 	/System/Library/Frameworks/ApplicationServices.framework/Versions/A/Frameworks/SpeechSynthesis.framework/Versions/A/SpeechSynthesis
0x000000000358e000 	/System/Library/Frameworks/Accelerate.framework/Versions/A/Accelerate
0x000000000358e000 	/System/Library/Frameworks/Accelerate.framework/Versions/A/Frameworks/vImage.framework/Versions/A/vImage
0x000000000358e000 	/System/Library/Frameworks/Accelerate.framework/Versions/A/Frameworks/vecLib.framework/Versions/A/vecLib
0x000000000358e000 	/System/Library/Frameworks/Accelerate.framework/Versions/A/Frameworks/vecLib.framework/Versions/A/libvDSP.dylib
0x000000000358e000 	/System/Library/Frameworks/Accelerate.framework/Versions/A/Frameworks/vecLib.framework/Versions/A/libvMisc.dylib
0x000000000358e000 	/System/Library/Frameworks/Accelerate.framework/Versions/A/Frameworks/vecLib.framework/Versions/A/libLAPACK.dylib
0x000000000358e000 	/System/Library/Frameworks/Accelerate.framework/Versions/A/Frameworks/vecLib.framework/Versions/A/libBLAS.dylib
0x000000000358e000 	/System/Library/Frameworks/Accelerate.framework/Versions/A/Frameworks/vecLib.framework/Versions/A/libLinearAlgebra.dylib
0x000000000358e000 	/System/Library/Frameworks/ApplicationServices.framework/Versions/A/Frameworks/ATS.framework/Versions/A/Resources/libFontParser.dylib
0x000000000358e000 	/System/Library/Frameworks/ApplicationServices.framework/Versions/A/Frameworks/ATS.framework/Versions/A/Resources/libFontRegistry.dylib
0x000000000358e000 	/System/Library/PrivateFrameworks/AppleVPA.framework/Versions/A/AppleVPA
0x000000000358e000 	/System/Library/PrivateFrameworks/AppleJPEG.framework/Versions/A/AppleJPEG
0x000000000358e000 	/System/Library/Frameworks/ImageIO.framework/Versions/A/Resources/libJPEG.dylib
0x000000000358e000 	/System/Library/Frameworks/ImageIO.framework/Versions/A/Resources/libTIFF.dylib
0x000000000358e000 	/System/Library/Frameworks/ImageIO.framework/Versions/A/Resources/libPng.dylib
0x000000000358e000 	/System/Library/Frameworks/ImageIO.framework/Versions/A/Resources/libGIF.dylib
0x000000000358e000 	/System/Library/Frameworks/ImageIO.framework/Versions/A/Resources/libJP2.dylib
0x000000000358e000 	/System/Library/Frameworks/ImageIO.framework/Versions/A/Resources/libRadiance.dylib
0x000000000358e000 	/System/Library/Frameworks/CoreVideo.framework/Versions/A/CoreVideo
0x000000000358e000 	/System/Library/Frameworks/OpenGL.framework/Versions/A/Libraries/libGLU.dylib
0x000000000358e000 	/System/Library/Frameworks/OpenGL.framework/Versions/A/Libraries/libGFXShared.dylib
0x000000000358e000 	/System/Library/Frameworks/OpenGL.framework/Versions/A/Libraries/libGL.dylib
0x000000000358e000 	/System/Library/Frameworks/OpenGL.framework/Versions/A/Libraries/libGLImage.dylib
0x000000000358e000 	/System/Library/Frameworks/OpenGL.framework/Versions/A/Libraries/libCVMSPluginSupport.dylib
0x000000000358e000 	/System/Library/Frameworks/OpenGL.framework/Versions/A/Libraries/libCoreVMClient.dylib
0x000000000358e000 	/usr/lib/libcups.2.dylib
0x000000000358e000 	/System/Library/Frameworks/Kerberos.framework/Versions/A/Kerberos
0x000000000358e000 	/System/Library/Frameworks/GSS.framework/Versions/A/GSS
0x000000000358e000 	/usr/lib/libresolv.9.dylib
0x000000000358e000 	/usr/lib/libiconv.2.dylib
0x000000000358e000 	/System/Library/PrivateFrameworks/Heimdal.framework/Versions/A/Heimdal
0x000000000358e000 	/usr/lib/libheimdal-asn1.dylib
0x000000000358e000 	/System/Library/Frameworks/OpenDirectory.framework/Versions/A/OpenDirectory
0x000000000358e000 	/System/Library/PrivateFrameworks/CommonAuth.framework/Versions/A/CommonAuth
0x000000000358e000 	/System/Library/Frameworks/OpenDirectory.framework/Versions/A/Frameworks/CFOpenDirectory.framework/Versions/A/CFOpenDirectory
0x000000000358e000 	/System/Library/Frameworks/SecurityFoundation.framework/Versions/A/SecurityFoundation
0x000000000358e000 	/System/Library/PrivateFrameworks/LanguageModeling.framework/Versions/A/LanguageModeling
0x000000000358e000 	/usr/lib/libcmph.dylib
0x000000000358e000 	/System/Library/Frameworks/ServiceManagement.framework/Versions/A/ServiceManagement
0x000000000358e000 	/usr/lib/libxslt.1.dylib
0x000000000358e000 	/System/Library/Frameworks/Carbon.framework/Versions/A/Frameworks/Ink.framework/Versions/A/Ink
0x000000000358e000 	/System/Library/Frameworks/QuartzCore.framework/Versions/A/Frameworks/CoreImage.framework/Versions/A/CoreImage
0x000000000358e000 	/System/Library/PrivateFrameworks/CrashReporterSupport.framework/Versions/A/CrashReporterSupport
0x000000000358e000 	/System/Library/Frameworks/OpenCL.framework/Versions/A/OpenCL
0x000000000358e000 	/System/Library/PrivateFrameworks/FaceCore.framework/Versions/A/FaceCore
0x000000000358e000 	/System/Library/PrivateFrameworks/Ubiquity.framework/Versions/A/Ubiquity
0x000000000358e000 	/System/Library/PrivateFrameworks/IconServices.framework/Versions/A/IconServices
0x000000000358e000 	/System/Library/PrivateFrameworks/ChunkingLibrary.framework/Versions/A/ChunkingLibrary
0x000000000358e000 	/System/Library/PrivateFrameworks/Apple80211.framework/Versions/A/Apple80211
0x000000000358e000 	/System/Library/Frameworks/CoreWLAN.framework/Versions/A/CoreWLAN
0x000000000358e000 	/System/Library/Frameworks/IOBluetooth.framework/Versions/A/IOBluetooth
0x000000000358e000 	/System/Library/PrivateFrameworks/CoreWiFi.framework/Versions/A/CoreWiFi
0x000000000358e000 	/System/Library/Frameworks/CoreBluetooth.framework/Versions/A/CoreBluetooth
0x000000000358e000 	/System/Library/PrivateFrameworks/DebugSymbols.framework/Versions/A/DebugSymbols
0x000000000358e000 	/System/Library/PrivateFrameworks/CoreSymbolication.framework/Versions/A/CoreSymbolication
0x000000000358e000 	/System/Library/PrivateFrameworks/Symbolication.framework/Versions/A/Symbolication
0x000000000358e000 	/System/Library/PrivateFrameworks/SpeechRecognitionCore.framework/Versions/A/SpeechRecognitionCore
0x0000000105477000 	/Library/Java/JavaVirtualMachines/jdk1.7.0_79.jdk/Contents/Home/jre/lib/server/libjvm.dylib
0x000000000358e000 	/usr/lib/libstdc++.6.dylib
0x0000000106800000 	/Library/Java/JavaVirtualMachines/jdk1.7.0_79.jdk/Contents/Home/jre/lib/libverify.dylib
0x000000010680d000 	/Library/Java/JavaVirtualMachines/jdk1.7.0_79.jdk/Contents/Home/jre/lib/libjava.dylib
0x000000010683d000 	/Library/Java/JavaVirtualMachines/jdk1.7.0_79.jdk/Contents/Home/jre/lib/libzip.dylib
0x00000001100b6000 	/System/Library/Frameworks/JavaVM.framework/Frameworks/JavaRuntimeSupport.framework/JavaRuntimeSupport
0x00000001100ce000 	/System/Library/Frameworks/JavaVM.framework/Versions/A/Frameworks/JavaNativeFoundation.framework/Versions/A/JavaNativeFoundation
0x00000001100e3000 	/System/Library/Frameworks/JavaVM.framework/Versions/A/JavaVM
0x000000000358e000 	/System/Library/Frameworks/Carbon.framework/Versions/A/Carbon
0x00000001100f0000 	/System/Library/PrivateFrameworks/JavaLaunching.framework/Versions/A/JavaLaunching
0x000000000358e000 	/System/Library/Frameworks/Carbon.framework/Versions/A/Frameworks/CommonPanels.framework/Versions/A/CommonPanels
0x000000000358e000 	/System/Library/Frameworks/Carbon.framework/Versions/A/Frameworks/Help.framework/Versions/A/Help
0x000000000358e000 	/System/Library/Frameworks/Carbon.framework/Versions/A/Frameworks/ImageCapture.framework/Versions/A/ImageCapture
0x000000000358e000 	/System/Library/Frameworks/Carbon.framework/Versions/A/Frameworks/OpenScripting.framework/Versions/A/OpenScripting
0x000000000358e000 	/System/Library/Frameworks/Carbon.framework/Versions/A/Frameworks/Print.framework/Versions/A/Print
0x000000000358e000 	/System/Library/Frameworks/Carbon.framework/Versions/A/Frameworks/SecurityHI.framework/Versions/A/SecurityHI
0x0000000111f49000 	/Library/Java/JavaVirtualMachines/jdk1.7.0_79.jdk/Contents/Home/jre/lib/libawt.dylib
0x0000000111ff8000 	/Library/Java/JavaVirtualMachines/jdk1.7.0_79.jdk/Contents/Home/jre/lib/./libmlib_image.dylib
0x00000001120c4000 	/Library/Java/JavaVirtualMachines/jdk1.7.0_79.jdk/Contents/Home/jre/lib/lwawt/liblwawt.dylib
0x000000011217a000 	/Library/Java/JavaVirtualMachines/jdk1.7.0_79.jdk/Contents/Home/jre/lib/libosxapp.dylib
0x000000000358e000 	/System/Library/Frameworks/ExceptionHandling.framework/Versions/A/ExceptionHandling
0x000000000358e000 	/System/Library/PrivateFrameworks/CoreServicesInternal.framework/Versions/A/CoreServicesInternal
0x000000000358e000 	/System/Library/PrivateFrameworks/CloudDocs.framework/Versions/A/CloudDocs
0x000000000358e000 	/System/Library/PrivateFrameworks/CoreDuet.framework/Versions/A/CoreDuet
0x000000000358e000 	/System/Library/Frameworks/CloudKit.framework/Versions/A/CloudKit
0x000000000358e000 	/System/Library/PrivateFrameworks/ProtocolBuffer.framework/Versions/A/ProtocolBuffer
0x000000000358e000 	/System/Library/PrivateFrameworks/CoreDuetDaemonProtocol.framework/Versions/A/CoreDuetDaemonProtocol
0x000000000358e000 	/System/Library/PrivateFrameworks/CoreDuetDebugLogging.framework/Versions/A/CoreDuetDebugLogging
0x000000000358e000 	/System/Library/PrivateFrameworks/MMCS.framework/Versions/A/MMCS
0x000000000358e000 	/System/Library/Frameworks/CoreLocation.framework/Versions/A/CoreLocation
0x000000000358e000 	/System/Library/PrivateFrameworks/ProtectedCloudStorage.framework/Versions/A/ProtectedCloudStorage
0x000000000358e000 	/System/Library/PrivateFrameworks/GeoServices.framework/Versions/A/GeoServices
0x000000000358e000 	/System/Library/Frameworks/CoreGraphics.framework/Versions/A/Resources/libCGCMS.A.dylib
0x000000000358e000 	/System/Library/Frameworks/CoreGraphics.framework/Versions/A/Resources/libRIP.A.dylib
0x000000000358e000 	/System/Library/Frameworks/CoreGraphics.framework/Versions/A/Resources/libCGXType.A.dylib
0x000000000358e000 	/System/Library/Frameworks/OpenCL.framework/Versions/A/Libraries/libcldcpuengine.dylib
0x000000000358e000 	/System/Library/PrivateFrameworks/DiskImages.framework/Versions/A/DiskImages
0x000000000358e000 	/System/Library/Frameworks/DiscRecording.framework/Versions/A/DiscRecording
0x000000000358e000 	/usr/lib/libcsfde.dylib
0x000000000358e000 	/usr/lib/libcurl.4.dylib
0x000000000358e000 	/System/Library/PrivateFrameworks/MediaKit.framework/Versions/A/MediaKit
0x000000000358e000 	/usr/lib/libCoreStorage.dylib
0x000000000358e000 	/System/Library/PrivateFrameworks/EFILogin.framework/Versions/A/EFILogin
0x000000000358e000 	/usr/lib/libutil.dylib
0x000000000358e000 	/System/Library/PrivateFrameworks/FindMyDevice.framework/Versions/A/FindMyDevice
0x000000000358e000 	/System/Library/Frameworks/LDAP.framework/Versions/A/LDAP
0x000000000358e000 	/usr/lib/libsasl2.2.dylib
0x000000000358e000 	/System/Library/PrivateFrameworks/CoreDaemon.framework/Versions/B/CoreDaemon
0x000000000358e000 	/usr/lib/libcrypto.0.9.8.dylib
0x000000000358e000 	/System/Library/PrivateFrameworks/AppleSRP.framework/Versions/A/AppleSRP
0x000000000358e000 	/System/Library/PrivateFrameworks/TrustEvaluationAgent.framework/Versions/A/TrustEvaluationAgent
0x0000000115308000 	cl_kernels
0x000000011530a000 	/System/Library/Frameworks/OpenCL.framework/Versions/A/Libraries/ImageFormats/unorm8_bgra.dylib
0x00000001152fa000 	cl_kernels
0x000000000358e000 	/System/Library/PrivateFrameworks/FamilyControls.framework/Versions/A/FamilyControls
0x000000000358e000 	/System/Library/PrivateFrameworks/CommerceKit.framework/Versions/A/Frameworks/CommerceCore.framework/Versions/A/CommerceCore
0x000000000358e000 	/System/Library/PrivateFrameworks/SystemAdministration.framework/Versions/A/SystemAdministration
0x000000000358e000 	/System/Library/PrivateFrameworks/AppContainer.framework/Versions/A/AppContainer
0x000000000358e000 	/System/Library/PrivateFrameworks/SecCodeWrapper.framework/Versions/A/SecCodeWrapper
0x000000000358e000 	/System/Library/Frameworks/DirectoryService.framework/Versions/A/DirectoryService
0x000000000358e000 	/System/Library/PrivateFrameworks/LoginUIKit.framework/Versions/A/Frameworks/LoginUICore.framework/Versions/A/LoginUICore
0x000000000358e000 	/usr/lib/libodfde.dylib
0x000000011658e000 	/Library/Java/JavaVirtualMachines/jdk1.7.0_79.jdk/Contents/Home/jre/lib/libfontmanager.dylib
0x00000001165f5000 	/Users/alexanderrisvang/Documents/AndroidDevelopment/OOSE2015/native/liblwjgl.dylib
0x0000000114782000 	/Library/Java/JavaVirtualMachines/jdk1.7.0_79.jdk/Contents/Home/jre/lib/libjawt.dylib
0x0000000114785000 	/Library/Java/JavaVirtualMachines/jdk1.7.0_79.jdk/Contents/Home/jre/lib/libnio.dylib
0x0000000114794000 	/Library/Java/JavaVirtualMachines/jdk1.7.0_79.jdk/Contents/Home/jre/lib/./libnet.dylib
0x000000000358e000 	/System/Library/Frameworks/OpenGL.framework/Versions/A/Resources/GLEngine.bundle/GLEngine
0x000000000358e000 	/System/Library/Frameworks/OpenGL.framework/Versions/A/Libraries/libGLProgrammability.dylib
0x0000000000000000 	/System/Library/Extensions/AppleIntelBDWGraphicsGLDriver.bundle/Contents/MacOS/AppleIntelBDWGraphicsGLDriver
0x000000000358e000 	/System/Library/PrivateFrameworks/IOAccelerator.framework/Versions/A/IOAccelerator
0x000000000358e000 	/System/Library/PrivateFrameworks/GPUSupport.framework/Versions/A/Libraries/libGPUSupportMercury.dylib
0x000000000358e000 	/System/Library/Frameworks/OpenGL.framework/Versions/A/Resources/GLRendererFloat.bundle/GLRendererFloat
0x000000011731d000 	/Users/alexanderrisvang/Documents/AndroidDevelopment/OOSE2015/native/libjinput-osx.dylib
0x0000000117322000 	/System/Library/Extensions/IOHIDFamily.kext/Contents/PlugIns/IOHIDLib.plugin/Contents/MacOS/IOHIDLib

VM Arguments:
jvm_args: -Djava.library.path=/Users/alexanderrisvang/Documents/AndroidDevelopment/OOSE2015/native -Dfile.encoding=UTF-8 
java_command: example.SimpleSlickGame
Launcher Type: SUN_STANDARD

Environment Variables:
PATH=/usr/bin:/bin:/usr/sbin:/sbin
SHELL=/bin/bash
DISPLAY=/private/tmp/com.apple.launchd.sDM6nKutXY/org.macosforge.xquartz:0

Signal Handlers:
SIGSEGV: [libjvm.dylib+0x52daf1], sa_mask[0]=0xfffefeff, sa_flags=0x00000043
SIGBUS: [libjvm.dylib+0x52daf1], sa_mask[0]=0xfffefeff, sa_flags=0x00000042
SIGFPE: [libjvm.dylib+0x41f34e], sa_mask[0]=0xfffefeff, sa_flags=0x00000042
SIGPIPE: [libjvm.dylib+0x41f34e], sa_mask[0]=0xfffefeff, sa_flags=0x00000042
SIGXFSZ: [libjvm.dylib+0x41f34e], sa_mask[0]=0xfffefeff, sa_flags=0x00000042
SIGILL: [libjvm.dylib+0x41f34e], sa_mask[0]=0xfffefeff, sa_flags=0x00000042
SIGUSR1: SIG_DFL, sa_mask[0]=0x00000000, sa_flags=0x00000000
SIGUSR2: [libjvm.dylib+0x41ee40], sa_mask[0]=0x00000004, sa_flags=0x00000042
SIGHUP: [libjvm.dylib+0x41d0d1], sa_mask[0]=0xfffefeff, sa_flags=0x00000042
SIGINT: [libjvm.dylib+0x41d0d1], sa_mask[0]=0xfffefeff, sa_flags=0x00000042
SIGTERM: [libjvm.dylib+0x41d0d1], sa_mask[0]=0xfffefeff, sa_flags=0x00000042
SIGQUIT: [libjvm.dylib+0x41d0d1], sa_mask[0]=0xfffefeff, sa_flags=0x00000042


---------------  S Y S T E M  ---------------

OS:Bsduname:Darwin 14.3.0 Darwin Kernel Version 14.3.0: Mon Mar 23 11:59:05 PDT 2015; root:xnu-2782.20.48~5/RELEASE_X86_64 x86_64
rlimit: STACK 8192k, CORE 0k, NPROC 709, NOFILE 10240, AS infinity
load average:2.82 2.16 2.02

CPU:total 4 (2 cores per cpu, 2 threads per core) family 6 model 61 stepping 4, cmov, cx8, fxsr, mmx, sse, sse2, sse3, ssse3, sse4.1, sse4.2, popcnt, avx, avx2, aes, erms, ht, tsc, tscinvbit

Memory: 4k page, physical 8388608k(2097152k free)

/proc/meminfo:


vm_info: Java HotSpot(TM) 64-Bit Server VM (24.79-b02) for bsd-amd64 JRE (1.7.0_79-b15), built on Apr 10 2015 11:35:04 by "java_re" with gcc 4.2.1 (Based on Apple Inc. build 5658) (LLVM build 2336.11.00)

time: Wed May  6 16:48:13 2015
elapsed time: 11 seconds

