#
# A fatal error has been detected by the Java Runtime Environment:
#
#  SIGSEGV (0xb) at pc=0x00007fff890660dd, pid=9990, tid=1811
#
# JRE version: Java(TM) SE Runtime Environment (7.0_79-b15) (build 1.7.0_79-b15)
# Java VM: Java HotSpot(TM) 64-Bit Server VM (24.79-b02 mixed mode bsd-amd64 compressed oops)
# Problematic frame:
# C  [libobjc.A.dylib+0x10dd]  objc_msgSend+0x1d
#
# Failed to write core dump. Core dumps have been disabled. To enable core dumping, try "ulimit -c unlimited" before starting Java again
#
# If you would like to submit a bug report, please visit:
#   http://bugreport.java.com/bugreport/crash.jsp
# The crash happened outside the Java Virtual Machine in native code.
# See problematic frame for where to report the bug.
#

---------------  T H R E A D  ---------------

Current thread (0x00007fa3ab8a2000):  JavaThread "AppKit Thread" daemon [_thread_in_native, id=1811, stack(0x00007fff5859d000,0x00007fff5861d000)]

siginfo:si_signo=SIGSEGV: si_errno=0, si_code=1 (SEGV_MAPERR), si_addr=0x000007fa3ab582e8

Registers:
RAX=0x00007fa3ab584360, RBX=0x00007fff58618808, RCX=0x0000000000000000, RDX=0x00007fa3ab57d0e0
RSP=0x00007fff58618628, RBP=0x00007fff58618630, RSI=0x00007fff91dad423, RDI=0x00007fa3ab584360
R8 =0x00007fff58618610, R9 =0x0000000000000055, R10=0x00007fff91dad423, R11=0x000007fa3ab582d0
R12=0x00007fa3ab52e020, R13=0x00000000000f42ed, R14=0x00007fa3ab407640, R15=0x00007fff58618768
RIP=0x00007fff890660dd, EFLAGS=0x0000000000010202, ERR=0x0000000000000004
  TRAPNO=0x000000000000000e

Top of Stack: (sp=0x00007fff58618628)
0x00007fff58618628:   00007fff8def545c 00007fff58618990
0x00007fff58618638:   00007fff8dde5634 00007fff586186bc
0x00007fff58618648:   00007fff586186c0 00007fff586186c4
0x00007fff58618658:   00007fff74639e00 ffffffffffffffff
0x00007fff58618668:   00000000000007f8 00007fff74639e18
0x00007fff58618678:   00007fa3ab407640 0000000000000000
0x00007fff58618688:   00007fff58618760 0000000000000000
0x00007fff58618698:   00007fa3ab619160 00007fff586187e0
0x00007fff586186a8:   0000000000000055 00000000000f42ef
0x00007fff586186b8:   00007fa3ab57d0e0 00007fa3ab73dd10
0x00007fff586186c8:   00007fa3ab52e020 0000000000000001
0x00007fff586186d8:   00000000000f42ed 00007fa3ab52e010
0x00007fff586186e8:   00007fff8a222c05 000000017363f070
0x00007fff586186f8:   00007fff7559a0d0 0000000042000000
0x00007fff58618708:   00007fff8a229e63 00007fff74604240
0x00007fff58618718:   00007fff586187e8 00007fff58618740
0x00007fff58618728:   00007fff58618760 0000000000000000
0x00007fff58618738:   0000000000000011 0001e3038908697a
0x00007fff58618748:   00007fa3ab52e044 0000000000000000
0x00007fff58618758:   0000000000000000 00007fa3ab61ec50
0x00007fff58618768:   00007fa3ab407640 0000002000000000
0x00007fff58618778:   0000000000000000 00007fff7559a0d0
0x00007fff58618788:   0000000042000000 00007fff8a2294f8
0x00007fff58618798:   00007fff74604350 00007fff586186f8
0x00007fff586187a8:   0000000000000000 00007fff58618878
0x00007fff586187b8:   00007fff755f1ea0 00007fff586188b0
0x00007fff586187c8:   00007fff8c45fedc 00007fff58618860
0x00007fff586187d8:   00007fff914e15fd 0000000000000051
0x00007fff586187e8:   0000000000000000 00000000000f42e1
0x00007fff586187f8:   0000000000000053 0000000000000000
0x00007fff58618808:   00000000000f42ed 00007fff58618884
0x00007fff58618818:   00000000003e1801 00000000ffffffff 

Instructions: (pc=0x00007fff890660dd)
0x00007fff890660bd:   00 00 00 48 85 ff 2e 74 7a 40 f6 c7 01 2e 75 7e
0x00007fff890660cd:   49 bb f8 ff ff ff ff 7f 00 00 4c 23 1f 49 89 f2
0x00007fff890660dd:   45 23 53 18 49 c1 e2 04 4d 03 53 10 49 3b 32 75
0x00007fff890660ed:   04 41 ff 62 08 49 83 3a 00 74 6a 4d 3b 53 10 74 

Register to memory mapping:

RAX=0x00007fa3ab584360 is an unknown value
RBX=0x00007fff58618808 is pointing into the stack for thread: 0x00007fa3ab8a2000
RCX=0x0000000000000000 is an unknown value
RDX=0x00007fa3ab57d0e0 is an unknown value
RSP=0x00007fff58618628 is pointing into the stack for thread: 0x00007fa3ab8a2000
RBP=0x00007fff58618630 is pointing into the stack for thread: 0x00007fa3ab8a2000
RSI=0x00007fff91dad423: -[NSTitlebarContainerView transparent]+0x5e307 in /System/Library/Frameworks/AppKit.framework/Versions/C/AppKit at 0x00007fff913ac000
RDI=0x00007fa3ab584360 is an unknown value
R8 =0x00007fff58618610 is pointing into the stack for thread: 0x00007fa3ab8a2000
R9 =0x0000000000000055 is an unknown value
R10=0x00007fff91dad423: -[NSTitlebarContainerView transparent]+0x5e307 in /System/Library/Frameworks/AppKit.framework/Versions/C/AppKit at 0x00007fff913ac000
R11=0x000007fa3ab582d0 is an unknown value
R12=0x00007fa3ab52e020 is an unknown value
R13=0x00000000000f42ed is an unknown value
R14=0x00007fa3ab407640 is an unknown value
R15=0x00007fff58618768 is pointing into the stack for thread: 0x00007fa3ab8a2000


Stack: [0x00007fff5859d000,0x00007fff5861d000],  sp=0x00007fff58618628,  free space=493k
Native frames: (J=compiled Java code, j=interpreted, Vv=VM code, C=native code)
C  [libobjc.A.dylib+0x10dd]  objc_msgSend+0x1d
C  [CoreFoundation+0x10634]  _CFXNotificationPost+0xc44
C  [Foundation+0x79d1]  -[NSNotificationCenter postNotificationName:object:userInfo:]+0x42
C  [AppKit+0x43ac2]  -[NSSurface _disposeSurface]+0x98
C  [AppKit+0x43526]  -[NSSurface setWindow:]+0x42
C  [AppKit+0x33a10]  -[NSView _setWindow:]+0xa33
C  [AppKit+0x6b091]  -[NSView removeFromSuperview]+0x1c5
C  [AppKit+0x14bea9]  -[NSView removeFromSuperviewWithoutNeedingDisplay]+0x26
C  [liblwjgl.dylib+0xa205]  +[MacOSXKeyableWindow destroyWindow]+0xb5
C  [Foundation+0x92d00]  __NSThreadPerformPerform+0x125
C  [CoreFoundation+0x80a01]  __CFRUNLOOP_IS_CALLING_OUT_TO_A_SOURCE0_PERFORM_FUNCTION__+0x11
C  [CoreFoundation+0x72b8d]  __CFRunLoopDoSources0+0x10d
C  [CoreFoundation+0x721bf]  __CFRunLoopRun+0x39f
C  [CoreFoundation+0x71bd8]  CFRunLoopRunSpecific+0x128
C  [HIToolbox+0x3256f]  RunCurrentEventLoopInMode+0xeb
C  [HIToolbox+0x321ee]  ReceiveNextEventCommon+0xb3
C  [HIToolbox+0x3212b]  _BlockUntilNextEventMatchingListInModeWithFilter+0x47
C  [AppKit+0x919bb]  _DPSNextEvent+0x3d2
C  [AppKit+0x90f68]  -[NSApplication nextEventMatchingMask:untilDate:inMode:dequeue:]+0x15a
C  [libosxapp.dylib+0x24e3]  -[NSApplicationAWT nextEventMatchingMask:untilDate:inMode:dequeue:]+0x7c
C  [AppKit+0x86bf3]  -[NSApplication run]+0x252
C  [libosxapp.dylib+0x2346]  +[NSApplicationAWT runAWTLoopWithApp:]+0x9c
C  [liblwawt.dylib+0xe17d]  -[AWTStarter starter:]+0x369
C  [Foundation+0x92d00]  __NSThreadPerformPerform+0x125
C  [CoreFoundation+0x80a01]  __CFRUNLOOP_IS_CALLING_OUT_TO_A_SOURCE0_PERFORM_FUNCTION__+0x11
C  [CoreFoundation+0x72b8d]  __CFRunLoopDoSources0+0x10d
C  [CoreFoundation+0x721bf]  __CFRunLoopRun+0x39f
C  [CoreFoundation+0x71bd8]  CFRunLoopRunSpecific+0x128
C  [java+0x73b0]  CreateExecutionEnvironment+0x367
C  [java+0x1b5c]  JLI_Launch+0x7a0
C  [java+0x770d]  main+0x65
C  [java+0x13b4]  start+0x34


---------------  P R O C E S S  ---------------

Java Threads: ( => current thread )
  0x00007fa3ac03e800 JavaThread "AWT-Shutdown" [_thread_blocked, id=27427, stack(0x0000000115a40000,0x0000000115b40000)]
=>0x00007fa3ab8a2000 JavaThread "AppKit Thread" daemon [_thread_in_native, id=1811, stack(0x00007fff5859d000,0x00007fff5861d000)]
  0x00007fa3ad047000 JavaThread "Service Thread" daemon [_thread_blocked, id=17667, stack(0x0000000113f4b000,0x000000011404b000)]
  0x00007fa3ac811000 JavaThread "C2 CompilerThread1" daemon [_thread_blocked, id=17155, stack(0x0000000113e48000,0x0000000113f48000)]
  0x00007fa3ac022000 JavaThread "C2 CompilerThread0" daemon [_thread_blocked, id=16643, stack(0x0000000113d45000,0x0000000113e45000)]
  0x00007fa3ac026000 JavaThread "Signal Dispatcher" daemon [_thread_blocked, id=13331, stack(0x0000000113c42000,0x0000000113d42000)]
  0x00007fa3ac802800 JavaThread "Finalizer" daemon [_thread_blocked, id=11523, stack(0x000000011221f000,0x000000011231f000)]
  0x00007fa3ac012800 JavaThread "Reference Handler" daemon [_thread_blocked, id=11011, stack(0x000000011211c000,0x000000011221c000)]
  0x00007fa3ad001800 JavaThread "main" [_thread_in_native, id=4867, stack(0x00000001076f9000,0x00000001077f9000)]

Other Threads:
  0x00007fa3ac010000 VMThread [stack: 0x0000000112019000,0x0000000112119000] [id=10499]
  0x00007fa3ac809000 WatcherThread [stack: 0x000000011404e000,0x000000011414e000] [id=18179]

VM state:not at safepoint (normal execution)

VM Mutex/Monitor currently owned by a thread: None

Heap
 PSYoungGen      total 38912K, used 6694K [0x00000007d5500000, 0x00000007d8000000, 0x0000000800000000)
  eden space 33792K, 8% used [0x00000007d5500000,0x00000007d57b8fb8,0x00000007d7600000)
  from space 5120K, 76% used [0x00000007d7b00000,0x00000007d7ed0900,0x00000007d8000000)
  to   space 5120K, 0% used [0x00000007d7600000,0x00000007d7600000,0x00000007d7b00000)
 ParOldGen       total 153088K, used 143684K [0x0000000780000000, 0x0000000789580000, 0x00000007d5500000)
  object space 153088K, 93% used [0x0000000780000000,0x0000000788c511b8,0x0000000789580000)
 PSPermGen       total 21504K, used 6842K [0x000000077ae00000, 0x000000077c300000, 0x0000000780000000)
  object space 21504K, 31% used [0x000000077ae00000,0x000000077b4aeba8,0x000000077c300000)

Card table byte_map: [0x000000010bb71000,0x000000010bf9b000] byte_map_base: 0x0000000107f9a000

Polling page: 0x00000001077fb000

Code Cache  [0x0000000108ab1000, 0x0000000108d21000, 0x000000010bab1000)
 total_blobs=540 nmethods=190 adapters=304 free_code_cache=48234Kb largest_free_block=49328448

Compilation events (10 events):
Event: 16.304 Thread 0x00007fa3ac022000  188   !         org.lwjgl.opengl.Display::isFullscreen (34 bytes)
Event: 16.306 Thread 0x00007fa3ac022000 nmethod 188 0x0000000108b8e8d0 code [0x0000000108b8ea20, 0x0000000108b8ec98]
Event: 16.314 Thread 0x00007fa3ac811000  189             java.nio.DirectIntBufferU::put (18 bytes)
Event: 16.315 Thread 0x00007fa3ac811000 nmethod 189 0x0000000108b8b750 code [0x0000000108b8b880, 0x0000000108b8b918]
Event: 16.317 Thread 0x00007fa3ac022000  190   !         org.lwjgl.opengl.Display::isActive (38 bytes)
Event: 16.317 Thread 0x00007fa3ac811000  191             org.lwjgl.opengl.MacOSXDisplay::isActive (23 bytes)
Event: 16.318 Thread 0x00007fa3ac811000 nmethod 191 0x0000000108b910d0 code [0x0000000108b91220, 0x0000000108b912f8]
Event: 16.319 Thread 0x00007fa3ac022000 nmethod 190 0x0000000108b8de90 code [0x0000000108b8e000, 0x0000000108b8e3d8]
Event: 16.502 Thread 0x00007fa3ac811000  193             org.newdawn.slick.Input::poll (1561 bytes)
Event: 16.665 Thread 0x00007fa3ac811000 nmethod 193 0x0000000108b9b890 code [0x0000000108b9c260, 0x0000000108ba19e0]

GC Heap History (4 events):
Event: 1.708 GC heap before
{Heap before GC invocations=1 (full 0):
 PSYoungGen      total 38912K, used 31930K [0x00000007d5500000, 0x00000007d8000000, 0x0000000800000000)
  eden space 33792K, 94% used [0x00000007d5500000,0x00000007d742e8b8,0x00000007d7600000)
  from space 5120K, 0% used [0x00000007d7b00000,0x00000007d7b00000,0x00000007d8000000)
  to   space 5120K, 0% used [0x00000007d7600000,0x00000007d7600000,0x00000007d7b00000)
 ParOldGen       total 87040K, used 0K [0x0000000780000000, 0x0000000785500000, 0x00000007d5500000)
  object space 87040K, 0% used [0x0000000780000000,0x0000000780000000,0x0000000785500000)
 PSPermGen       total 21504K, used 6629K [0x000000077ae00000, 0x000000077c300000, 0x0000000780000000)
  object space 21504K, 30% used [0x000000077ae00000,0x000000077b4797d0,0x000000077c300000)
Event: 1.716 GC heap after
Heap after GC invocations=1 (full 0):
 PSYoungGen      total 38912K, used 5114K [0x00000007d5500000, 0x00000007d8000000, 0x0000000800000000)
  eden space 33792K, 0% used [0x00000007d5500000,0x00000007d5500000,0x00000007d7600000)
  from space 5120K, 99% used [0x00000007d7600000,0x00000007d7afea50,0x00000007d7b00000)
  to   space 5120K, 0% used [0x00000007d7b00000,0x00000007d7b00000,0x00000007d8000000)
 ParOldGen       total 87040K, used 8733K [0x0000000780000000, 0x0000000785500000, 0x00000007d5500000)
  object space 87040K, 10% used [0x0000000780000000,0x0000000780887588,0x0000000785500000)
 PSPermGen       total 21504K, used 6629K [0x000000077ae00000, 0x000000077c300000, 0x0000000780000000)
  object space 21504K, 30% used [0x000000077ae00000,0x000000077b4797d0,0x000000077c300000)
}
Event: 11.374 GC heap before
{Heap before GC invocations=2 (full 0):
 PSYoungGen      total 38912K, used 38906K [0x00000007d5500000, 0x00000007d8000000, 0x0000000800000000)
  eden space 33792K, 100% used [0x00000007d5500000,0x00000007d7600000,0x00000007d7600000)
  from space 5120K, 99% used [0x00000007d7600000,0x00000007d7afea50,0x00000007d7b00000)
  to   space 5120K, 0% used [0x00000007d7b00000,0x00000007d7b00000,0x00000007d8000000)
 ParOldGen       total 153088K, used 143676K [0x0000000780000000, 0x0000000789580000, 0x00000007d5500000)
  object space 153088K, 93% used [0x0000000780000000,0x0000000788c4f1b8,0x0000000789580000)
 PSPermGen       total 21504K, used 6807K [0x000000077ae00000, 0x000000077c300000, 0x0000000780000000)
  object space 21504K, 31% used [0x000000077ae00000,0x000000077b4a5e78,0x000000077c300000)
Event: 11.380 GC heap after
Heap after GC invocations=2 (full 0):
 PSYoungGen      total 38912K, used 3906K [0x00000007d5500000, 0x00000007d8000000, 0x0000000800000000)
  eden space 33792K, 0% used [0x00000007d5500000,0x00000007d5500000,0x00000007d7600000)
  from space 5120K, 76% used [0x00000007d7b00000,0x00000007d7ed0900,0x00000007d8000000)
  to   space 5120K, 0% used [0x00000007d7600000,0x00000007d7600000,0x00000007d7b00000)
 ParOldGen       total 153088K, used 143684K [0x0000000780000000, 0x0000000789580000, 0x00000007d5500000)
  object space 153088K, 93% used [0x0000000780000000,0x0000000788c511b8,0x0000000789580000)
 PSPermGen       total 21504K, used 6807K [0x000000077ae00000, 0x000000077c300000, 0x0000000780000000)
  object space 21504K, 31% used [0x000000077ae00000,0x000000077b4a5e78,0x000000077c300000)
}

Deoptimization events (6 events):
Event: 0.566 Thread 0x00007fa3ad001800 Uncommon trap: reason=unloaded action=reinterpret pc=0x0000000108b2ed88 method=java.io.BufferedReader.readLine(Z)Ljava/lang/String; @ 268
Event: 3.316 Thread 0x00007fa3ad001800 Uncommon trap: reason=unloaded action=reinterpret pc=0x0000000108b4fe3c method=org.newdawn.slick.openal.OggDecoder.getData(Ljava/io/InputStream;)Lorg/newdawn/slick/openal/OggData; @ 52
Event: 3.407 Thread 0x00007fa3ad001800 Uncommon trap: reason=class_check action=maybe_recompile pc=0x0000000108b37c2c method=java.util.HashMap.put(Ljava/lang/Object;Ljava/lang/Object;)Ljava/lang/Object; @ 137
Event: 3.409 Thread 0x00007fa3ad001800 Uncommon trap: reason=class_check action=maybe_recompile pc=0x0000000108b37c2c method=java.util.HashMap.put(Ljava/lang/Object;Ljava/lang/Object;)Ljava/lang/Object; @ 137
Event: 3.410 Thread 0x00007fa3ad001800 Uncommon trap: reason=class_check action=maybe_recompile pc=0x0000000108b37c2c method=java.util.HashMap.put(Ljava/lang/Object;Ljava/lang/Object;)Ljava/lang/Object; @ 137
Event: 3.410 Thread 0x00007fa3ad001800 Uncommon trap: reason=class_check action=maybe_recompile pc=0x0000000108b37c2c method=java.util.HashMap.put(Ljava/lang/Object;Ljava/lang/Object;)Ljava/lang/Object; @ 137

Internal exceptions (10 events):
Event: 3.457 Thread 0x00007fa3ad001800 Threw 0x00000007d679e8e0 at /HUDSON/workspace/7u-2-build-macosx-x86_64/jdk7u79/2331/hotspot/src/share/vm/prims/jvm.cpp:1304
Event: 4.115 Thread 0x00007fa3ad001800 Threw 0x00000007d67cc5b0 at /HUDSON/workspace/7u-2-build-macosx-x86_64/jdk7u79/2331/hotspot/src/share/vm/prims/jvm.cpp:1304
Event: 4.116 Thread 0x00007fa3ad001800 Threw 0x00000007d67d0a68 at /HUDSON/workspace/7u-2-build-macosx-x86_64/jdk7u79/2331/hotspot/src/share/vm/prims/jvm.cpp:1304
Event: 4.116 Thread 0x00007fa3ad001800 Threw 0x00000007d67d9188 at /HUDSON/workspace/7u-2-build-macosx-x86_64/jdk7u79/2331/hotspot/src/share/vm/prims/jvm.cpp:1304
Event: 4.118 Thread 0x00007fa3ad001800 Threw 0x00000007d67ddb18 at /HUDSON/workspace/7u-2-build-macosx-x86_64/jdk7u79/2331/hotspot/src/share/vm/prims/jvm.cpp:1304
Event: 4.119 Thread 0x00007fa3ad001800 Threw 0x00000007d67e8c18 at /HUDSON/workspace/7u-2-build-macosx-x86_64/jdk7u79/2331/hotspot/src/share/vm/prims/jvm.cpp:1304
Event: 4.119 Thread 0x00007fa3ad001800 Threw 0x00000007d67edeb8 at /HUDSON/workspace/7u-2-build-macosx-x86_64/jdk7u79/2331/hotspot/src/share/vm/prims/jvm.cpp:1304
Event: 4.120 Thread 0x00007fa3ad001800 Threw 0x00000007d67f2d10 at /HUDSON/workspace/7u-2-build-macosx-x86_64/jdk7u79/2331/hotspot/src/share/vm/prims/jvm.cpp:1304
Event: 4.120 Thread 0x00007fa3ad001800 Threw 0x00000007d67f7af8 at /HUDSON/workspace/7u-2-build-macosx-x86_64/jdk7u79/2331/hotspot/src/share/vm/prims/jvm.cpp:1304
Event: 17.221 Thread 0x00007fa3ad001800 Threw 0x00000007d57a4378 at /HUDSON/workspace/7u-2-build-macosx-x86_64/jdk7u79/2331/hotspot/src/share/vm/prims/jvm.cpp:1304

Events (10 events):
Event: 11.385 Executing VM operation: RevokeBias
Event: 11.385 Executing VM operation: RevokeBias done
Event: 11.385 Executing VM operation: RevokeBias
Event: 11.385 Executing VM operation: RevokeBias done
Event: 11.505 Thread 0x00007fa3ac87a000 Thread exited: 0x00007fa3ac87a000
Event: 13.126 Thread 0x00007fa3ac03e800 Thread added: 0x00007fa3ac03e800
Event: 13.622 Thread 0x00007fa3ac022000 flushing nmethod 0x0000000108b37410
Event: 14.422 Thread 0x00007fa3ac022000 flushing nmethod 0x0000000108b4f850
Event: 17.221 loading class 0x00007fa3ab581070
Event: 17.221 loading class 0x00007fa3ab581070 done


Dynamic libraries:
0x000000000358e000 	/System/Library/Frameworks/Cocoa.framework/Versions/A/Cocoa
0x000000000358e000 	/System/Library/Frameworks/Security.framework/Versions/A/Security
0x000000000358e000 	/System/Library/Frameworks/ApplicationServices.framework/Versions/A/ApplicationServices
0x000000000358e000 	/usr/lib/libz.1.dylib
0x000000000358e000 	/usr/lib/libSystem.B.dylib
0x000000000358e000 	/usr/lib/libobjc.A.dylib
0x000000000358e000 	/System/Library/Frameworks/CoreFoundation.framework/Versions/A/CoreFoundation
0x000000000358e000 	/System/Library/Frameworks/Foundation.framework/Versions/C/Foundation
0x000000000358e000 	/System/Library/Frameworks/AppKit.framework/Versions/C/AppKit
0x000000000358e000 	/System/Library/Frameworks/CoreData.framework/Versions/A/CoreData
0x000000000358e000 	/System/Library/PrivateFrameworks/RemoteViewServices.framework/Versions/A/RemoteViewServices
0x000000000358e000 	/System/Library/PrivateFrameworks/UIFoundation.framework/Versions/A/UIFoundation
0x000000000358e000 	/System/Library/Frameworks/IOSurface.framework/Versions/A/IOSurface
0x000000000358e000 	/System/Library/Frameworks/AudioToolbox.framework/Versions/A/AudioToolbox
0x000000000358e000 	/System/Library/Frameworks/AudioUnit.framework/Versions/A/AudioUnit
0x000000000358e000 	/System/Library/PrivateFrameworks/DataDetectorsCore.framework/Versions/A/DataDetectorsCore
0x000000000358e000 	/System/Library/PrivateFrameworks/DesktopServicesPriv.framework/Versions/A/DesktopServicesPriv
0x000000000358e000 	/System/Library/Frameworks/Carbon.framework/Versions/A/Frameworks/HIToolbox.framework/Versions/A/HIToolbox
0x000000000358e000 	/System/Library/Frameworks/QuartzCore.framework/Versions/A/QuartzCore
0x000000000358e000 	/System/Library/Frameworks/Carbon.framework/Versions/A/Frameworks/SpeechRecognition.framework/Versions/A/SpeechRecognition
0x000000000358e000 	/usr/lib/libauto.dylib
0x000000000358e000 	/usr/lib/libicucore.A.dylib
0x000000000358e000 	/usr/lib/libxml2.2.dylib
0x000000000358e000 	/System/Library/PrivateFrameworks/CoreUI.framework/Versions/A/CoreUI
0x000000000358e000 	/System/Library/Frameworks/CoreAudio.framework/Versions/A/CoreAudio
0x000000000358e000 	/System/Library/Frameworks/DiskArbitration.framework/Versions/A/DiskArbitration
0x000000000358e000 	/usr/lib/liblangid.dylib
0x000000000358e000 	/System/Library/PrivateFrameworks/MultitouchSupport.framework/Versions/A/MultitouchSupport
0x000000000358e000 	/System/Library/Frameworks/IOKit.framework/Versions/A/IOKit
0x000000000358e000 	/usr/lib/libDiagnosticMessagesClient.dylib
0x000000000358e000 	/System/Library/Frameworks/CoreServices.framework/Versions/A/CoreServices
0x000000000358e000 	/System/Library/PrivateFrameworks/PerformanceAnalysis.framework/Versions/A/PerformanceAnalysis
0x000000000358e000 	/System/Library/PrivateFrameworks/GenerationalStorage.framework/Versions/A/GenerationalStorage
0x000000000358e000 	/System/Library/Frameworks/OpenGL.framework/Versions/A/OpenGL
0x000000000358e000 	/System/Library/PrivateFrameworks/Sharing.framework/Versions/A/Sharing
0x000000000358e000 	/System/Library/Frameworks/CoreGraphics.framework/Versions/A/CoreGraphics
0x000000000358e000 	/System/Library/Frameworks/CoreText.framework/Versions/A/CoreText
0x000000000358e000 	/System/Library/Frameworks/ImageIO.framework/Versions/A/ImageIO
0x000000000358e000 	/usr/lib/libextension.dylib
0x000000000358e000 	/System/Library/PrivateFrameworks/Backup.framework/Versions/A/Backup
0x000000000358e000 	/usr/lib/libarchive.2.dylib
0x000000000358e000 	/System/Library/Frameworks/CFNetwork.framework/Versions/A/CFNetwork
0x000000000358e000 	/System/Library/Frameworks/SystemConfiguration.framework/Versions/A/SystemConfiguration
0x000000000358e000 	/usr/lib/libCRFSuite.dylib
0x000000000358e000 	/usr/lib/libc++.1.dylib
0x000000000358e000 	/usr/lib/libc++abi.dylib
0x000000000358e000 	/usr/lib/system/libcache.dylib
0x000000000358e000 	/usr/lib/system/libcommonCrypto.dylib
0x000000000358e000 	/usr/lib/system/libcompiler_rt.dylib
0x000000000358e000 	/usr/lib/system/libcopyfile.dylib
0x000000000358e000 	/usr/lib/system/libcorecrypto.dylib
0x000000000358e000 	/usr/lib/system/libdispatch.dylib
0x000000000358e000 	/usr/lib/system/libdyld.dylib
0x000000000358e000 	/usr/lib/system/libkeymgr.dylib
0x000000000358e000 	/usr/lib/system/liblaunch.dylib
0x000000000358e000 	/usr/lib/system/libmacho.dylib
0x000000000358e000 	/usr/lib/system/libquarantine.dylib
0x000000000358e000 	/usr/lib/system/libremovefile.dylib
0x000000000358e000 	/usr/lib/system/libsystem_asl.dylib
0x000000000358e000 	/usr/lib/system/libsystem_blocks.dylib
0x000000000358e000 	/usr/lib/system/libsystem_c.dylib
0x000000000358e000 	/usr/lib/system/libsystem_configuration.dylib
0x000000000358e000 	/usr/lib/system/libsystem_coreservices.dylib
0x000000000358e000 	/usr/lib/system/libsystem_coretls.dylib
0x000000000358e000 	/usr/lib/system/libsystem_dnssd.dylib
0x000000000358e000 	/usr/lib/system/libsystem_info.dylib
0x000000000358e000 	/usr/lib/system/libsystem_kernel.dylib
0x000000000358e000 	/usr/lib/system/libsystem_m.dylib
0x000000000358e000 	/usr/lib/system/libsystem_malloc.dylib
0x000000000358e000 	/usr/lib/system/libsystem_network.dylib
0x000000000358e000 	/usr/lib/system/libsystem_networkextension.dylib
0x000000000358e000 	/usr/lib/system/libsystem_notify.dylib
0x000000000358e000 	/usr/lib/system/libsystem_platform.dylib
0x000000000358e000 	/usr/lib/system/libsystem_pthread.dylib
0x000000000358e000 	/usr/lib/system/libsystem_sandbox.dylib
0x000000000358e000 	/usr/lib/system/libsystem_secinit.dylib
0x000000000358e000 	/usr/lib/system/libsystem_stats.dylib
0x000000000358e000 	/usr/lib/system/libsystem_trace.dylib
0x000000000358e000 	/usr/lib/system/libunc.dylib
0x000000000358e000 	/usr/lib/system/libunwind.dylib
0x000000000358e000 	/usr/lib/system/libxpc.dylib
0x000000000358e000 	/usr/lib/libbz2.1.0.dylib
0x000000000358e000 	/usr/lib/liblzma.5.dylib
0x000000000358e000 	/usr/lib/libbsm.0.dylib
0x000000000358e000 	/usr/lib/libsqlite3.dylib
0x000000000358e000 	/usr/lib/system/libkxld.dylib
0x000000000358e000 	/usr/lib/libxar.1.dylib
0x000000000358e000 	/usr/lib/libpam.2.dylib
0x000000000358e000 	/usr/lib/libOpenScriptingUtil.dylib
0x000000000358e000 	/System/Library/Frameworks/CoreServices.framework/Versions/A/Frameworks/FSEvents.framework/Versions/A/FSEvents
0x000000000358e000 	/System/Library/Frameworks/CoreServices.framework/Versions/A/Frameworks/CarbonCore.framework/Versions/A/CarbonCore
0x000000000358e000 	/System/Library/Frameworks/CoreServices.framework/Versions/A/Frameworks/Metadata.framework/Versions/A/Metadata
0x000000000358e000 	/System/Library/Frameworks/CoreServices.framework/Versions/A/Frameworks/OSServices.framework/Versions/A/OSServices
0x000000000358e000 	/System/Library/Frameworks/CoreServices.framework/Versions/A/Frameworks/SearchKit.framework/Versions/A/SearchKit
0x000000000358e000 	/System/Library/Frameworks/CoreServices.framework/Versions/A/Frameworks/AE.framework/Versions/A/AE
0x000000000358e000 	/System/Library/Frameworks/CoreServices.framework/Versions/A/Frameworks/LaunchServices.framework/Versions/A/LaunchServices
0x000000000358e000 	/System/Library/Frameworks/CoreServices.framework/Versions/A/Frameworks/DictionaryServices.framework/Versions/A/DictionaryServices
0x000000000358e000 	/System/Library/Frameworks/NetFS.framework/Versions/A/NetFS
0x000000000358e000 	/System/Library/PrivateFrameworks/NetAuth.framework/Versions/A/NetAuth
0x000000000358e000 	/System/Library/PrivateFrameworks/login.framework/Versions/A/Frameworks/loginsupport.framework/Versions/A/loginsupport
0x000000000358e000 	/System/Library/PrivateFrameworks/TCC.framework/Versions/A/TCC
0x000000000358e000 	/usr/lib/libmecabra.dylib
0x000000000358e000 	/System/Library/Frameworks/ApplicationServices.framework/Versions/A/Frameworks/ATS.framework/Versions/A/ATS
0x000000000358e000 	/System/Library/Frameworks/ApplicationServices.framework/Versions/A/Frameworks/ColorSync.framework/Versions/A/ColorSync
0x000000000358e000 	/System/Library/Frameworks/ApplicationServices.framework/Versions/A/Frameworks/HIServices.framework/Versions/A/HIServices
0x000000000358e000 	/System/Library/Frameworks/ApplicationServices.framework/Versions/A/Frameworks/LangAnalysis.framework/Versions/A/LangAnalysis
0x000000000358e000 	/System/Library/Frameworks/ApplicationServices.framework/Versions/A/Frameworks/PrintCore.framework/Versions/A/PrintCore
0x000000000358e000 	/System/Library/Frameworks/ApplicationServices.framework/Versions/A/Frameworks/QD.framework/Versions/A/QD
0x000000000358e000 	/System/Library/Frameworks/ApplicationServices.framework/Versions/A/Frameworks/SpeechSynthesis.framework/Versions/A/SpeechSynthesis
0x000000000358e000 	/System/Library/Frameworks/Accelerate.framework/Versions/A/Accelerate
0x000000000358e000 	/System/Library/Frameworks/Accelerate.framework/Versions/A/Frameworks/vImage.framework/Versions/A/vImage
0x000000000358e000 	/System/Library/Frameworks/Accelerate.framework/Versions/A/Frameworks/vecLib.framework/Versions/A/vecLib
0x000000000358e000 	/System/Library/Frameworks/Accelerate.framework/Versions/A/Frameworks/vecLib.framework/Versions/A/libvDSP.dylib
0x000000000358e000 	/System/Library/Frameworks/Accelerate.framework/Versions/A/Frameworks/vecLib.framework/Versions/A/libvMisc.dylib
0x000000000358e000 	/System/Library/Frameworks/Accelerate.framework/Versions/A/Frameworks/vecLib.framework/Versions/A/libLAPACK.dylib
0x000000000358e000 	/System/Library/Frameworks/Accelerate.framework/Versions/A/Frameworks/vecLib.framework/Versions/A/libBLAS.dylib
0x000000000358e000 	/System/Library/Frameworks/Accelerate.framework/Versions/A/Frameworks/vecLib.framework/Versions/A/libLinearAlgebra.dylib
0x000000000358e000 	/System/Library/Frameworks/ApplicationServices.framework/Versions/A/Frameworks/ATS.framework/Versions/A/Resources/libFontParser.dylib
0x000000000358e000 	/System/Library/Frameworks/ApplicationServices.framework/Versions/A/Frameworks/ATS.framework/Versions/A/Resources/libFontRegistry.dylib
0x000000000358e000 	/System/Library/PrivateFrameworks/AppleVPA.framework/Versions/A/AppleVPA
0x000000000358e000 	/System/Library/PrivateFrameworks/AppleJPEG.framework/Versions/A/AppleJPEG
0x000000000358e000 	/System/Library/Frameworks/ImageIO.framework/Versions/A/Resources/libJPEG.dylib
0x000000000358e000 	/System/Library/Frameworks/ImageIO.framework/Versions/A/Resources/libTIFF.dylib
0x000000000358e000 	/System/Library/Frameworks/ImageIO.framework/Versions/A/Resources/libPng.dylib
0x000000000358e000 	/System/Library/Frameworks/ImageIO.framework/Versions/A/Resources/libGIF.dylib
0x000000000358e000 	/System/Library/Frameworks/ImageIO.framework/Versions/A/Resources/libJP2.dylib
0x000000000358e000 	/System/Library/Frameworks/ImageIO.framework/Versions/A/Resources/libRadiance.dylib
0x000000000358e000 	/System/Library/Frameworks/CoreVideo.framework/Versions/A/CoreVideo
0x000000000358e000 	/System/Library/Frameworks/OpenGL.framework/Versions/A/Libraries/libGLU.dylib
0x000000000358e000 	/System/Library/Frameworks/OpenGL.framework/Versions/A/Libraries/libGFXShared.dylib
0x000000000358e000 	/System/Library/Frameworks/OpenGL.framework/Versions/A/Libraries/libGL.dylib
0x000000000358e000 	/System/Library/Frameworks/OpenGL.framework/Versions/A/Libraries/libGLImage.dylib
0x000000000358e000 	/System/Library/Frameworks/OpenGL.framework/Versions/A/Libraries/libCVMSPluginSupport.dylib
0x000000000358e000 	/System/Library/Frameworks/OpenGL.framework/Versions/A/Libraries/libCoreVMClient.dylib
0x000000000358e000 	/usr/lib/libcups.2.dylib
0x000000000358e000 	/System/Library/Frameworks/Kerberos.framework/Versions/A/Kerberos
0x000000000358e000 	/System/Library/Frameworks/GSS.framework/Versions/A/GSS
0x000000000358e000 	/usr/lib/libresolv.9.dylib
0x000000000358e000 	/usr/lib/libiconv.2.dylib
0x000000000358e000 	/System/Library/PrivateFrameworks/Heimdal.framework/Versions/A/Heimdal
0x000000000358e000 	/usr/lib/libheimdal-asn1.dylib
0x000000000358e000 	/System/Library/Frameworks/OpenDirectory.framework/Versions/A/OpenDirectory
0x000000000358e000 	/System/Library/PrivateFrameworks/CommonAuth.framework/Versions/A/CommonAuth
0x000000000358e000 	/System/Library/Frameworks/OpenDirectory.framework/Versions/A/Frameworks/CFOpenDirectory.framework/Versions/A/CFOpenDirectory
0x000000000358e000 	/System/Library/Frameworks/SecurityFoundation.framework/Versions/A/SecurityFoundation
0x000000000358e000 	/System/Library/PrivateFrameworks/LanguageModeling.framework/Versions/A/LanguageModeling
0x000000000358e000 	/usr/lib/libcmph.dylib
0x000000000358e000 	/System/Library/Frameworks/ServiceManagement.framework/Versions/A/ServiceManagement
0x000000000358e000 	/usr/lib/libxslt.1.dylib
0x000000000358e000 	/System/Library/Frameworks/Carbon.framework/Versions/A/Frameworks/Ink.framework/Versions/A/Ink
0x000000000358e000 	/System/Library/Frameworks/QuartzCore.framework/Versions/A/Frameworks/CoreImage.framework/Versions/A/CoreImage
0x000000000358e000 	/System/Library/PrivateFrameworks/CrashReporterSupport.framework/Versions/A/CrashReporterSupport
0x000000000358e000 	/System/Library/Frameworks/OpenCL.framework/Versions/A/OpenCL
0x000000000358e000 	/System/Library/PrivateFrameworks/FaceCore.framework/Versions/A/FaceCore
0x000000000358e000 	/System/Library/PrivateFrameworks/Ubiquity.framework/Versions/A/Ubiquity
0x000000000358e000 	/System/Library/PrivateFrameworks/IconServices.framework/Versions/A/IconServices
0x000000000358e000 	/System/Library/PrivateFrameworks/ChunkingLibrary.framework/Versions/A/ChunkingLibrary
0x000000000358e000 	/System/Library/PrivateFrameworks/Apple80211.framework/Versions/A/Apple80211
0x000000000358e000 	/System/Library/Frameworks/CoreWLAN.framework/Versions/A/CoreWLAN
0x000000000358e000 	/System/Library/Frameworks/IOBluetooth.framework/Versions/A/IOBluetooth
0x000000000358e000 	/System/Library/PrivateFrameworks/CoreWiFi.framework/Versions/A/CoreWiFi
0x000000000358e000 	/System/Library/Frameworks/CoreBluetooth.framework/Versions/A/CoreBluetooth
0x000000000358e000 	/System/Library/PrivateFrameworks/DebugSymbols.framework/Versions/A/DebugSymbols
0x000000000358e000 	/System/Library/PrivateFrameworks/CoreSymbolication.framework/Versions/A/CoreSymbolication
0x000000000358e000 	/System/Library/PrivateFrameworks/Symbolication.framework/Versions/A/Symbolication
0x000000000358e000 	/System/Library/PrivateFrameworks/SpeechRecognitionCore.framework/Versions/A/SpeechRecognitionCore
0x0000000108000000 	/Library/Java/JavaVirtualMachines/jdk1.7.0_79.jdk/Contents/Home/jre/lib/server/libjvm.dylib
0x000000000358e000 	/usr/lib/libstdc++.6.dylib
0x0000000108a63000 	/Library/Java/JavaVirtualMachines/jdk1.7.0_79.jdk/Contents/Home/jre/lib/libverify.dylib
0x0000000108a70000 	/Library/Java/JavaVirtualMachines/jdk1.7.0_79.jdk/Contents/Home/jre/lib/libjava.dylib
0x0000000108aa8000 	/Library/Java/JavaVirtualMachines/jdk1.7.0_79.jdk/Contents/Home/jre/lib/libzip.dylib
0x0000000112321000 	/System/Library/Frameworks/JavaVM.framework/Frameworks/JavaRuntimeSupport.framework/JavaRuntimeSupport
0x0000000112339000 	/System/Library/Frameworks/JavaVM.framework/Versions/A/Frameworks/JavaNativeFoundation.framework/Versions/A/JavaNativeFoundation
0x000000011234e000 	/System/Library/Frameworks/JavaVM.framework/Versions/A/JavaVM
0x000000000358e000 	/System/Library/Frameworks/Carbon.framework/Versions/A/Carbon
0x000000011235b000 	/System/Library/PrivateFrameworks/JavaLaunching.framework/Versions/A/JavaLaunching
0x000000000358e000 	/System/Library/Frameworks/Carbon.framework/Versions/A/Frameworks/CommonPanels.framework/Versions/A/CommonPanels
0x000000000358e000 	/System/Library/Frameworks/Carbon.framework/Versions/A/Frameworks/Help.framework/Versions/A/Help
0x000000000358e000 	/System/Library/Frameworks/Carbon.framework/Versions/A/Frameworks/ImageCapture.framework/Versions/A/ImageCapture
0x000000000358e000 	/System/Library/Frameworks/Carbon.framework/Versions/A/Frameworks/OpenScripting.framework/Versions/A/OpenScripting
0x000000000358e000 	/System/Library/Frameworks/Carbon.framework/Versions/A/Frameworks/Print.framework/Versions/A/Print
0x000000000358e000 	/System/Library/Frameworks/Carbon.framework/Versions/A/Frameworks/SecurityHI.framework/Versions/A/SecurityHI
0x00000001141b3000 	/Library/Java/JavaVirtualMachines/jdk1.7.0_79.jdk/Contents/Home/jre/lib/libawt.dylib
0x0000000114262000 	/Library/Java/JavaVirtualMachines/jdk1.7.0_79.jdk/Contents/Home/jre/lib/./libmlib_image.dylib
0x000000011432e000 	/Library/Java/JavaVirtualMachines/jdk1.7.0_79.jdk/Contents/Home/jre/lib/lwawt/liblwawt.dylib
0x00000001143e4000 	/Library/Java/JavaVirtualMachines/jdk1.7.0_79.jdk/Contents/Home/jre/lib/libosxapp.dylib
0x000000000358e000 	/System/Library/Frameworks/ExceptionHandling.framework/Versions/A/ExceptionHandling
0x000000000358e000 	/System/Library/PrivateFrameworks/CoreServicesInternal.framework/Versions/A/CoreServicesInternal
0x000000000358e000 	/System/Library/PrivateFrameworks/CloudDocs.framework/Versions/A/CloudDocs
0x000000000358e000 	/System/Library/PrivateFrameworks/CoreDuet.framework/Versions/A/CoreDuet
0x000000000358e000 	/System/Library/Frameworks/CloudKit.framework/Versions/A/CloudKit
0x000000000358e000 	/System/Library/PrivateFrameworks/ProtocolBuffer.framework/Versions/A/ProtocolBuffer
0x000000000358e000 	/System/Library/PrivateFrameworks/CoreDuetDaemonProtocol.framework/Versions/A/CoreDuetDaemonProtocol
0x000000000358e000 	/System/Library/PrivateFrameworks/CoreDuetDebugLogging.framework/Versions/A/CoreDuetDebugLogging
0x000000000358e000 	/System/Library/PrivateFrameworks/MMCS.framework/Versions/A/MMCS
0x000000000358e000 	/System/Library/Frameworks/CoreLocation.framework/Versions/A/CoreLocation
0x000000000358e000 	/System/Library/PrivateFrameworks/ProtectedCloudStorage.framework/Versions/A/ProtectedCloudStorage
0x000000000358e000 	/System/Library/PrivateFrameworks/GeoServices.framework/Versions/A/GeoServices
0x000000000358e000 	/System/Library/Frameworks/CoreGraphics.framework/Versions/A/Resources/libCGCMS.A.dylib
0x000000000358e000 	/System/Library/Frameworks/CoreGraphics.framework/Versions/A/Resources/libRIP.A.dylib
0x000000000358e000 	/System/Library/Frameworks/CoreGraphics.framework/Versions/A/Resources/libCGXType.A.dylib
0x000000000358e000 	/System/Library/Frameworks/OpenCL.framework/Versions/A/Libraries/libcldcpuengine.dylib
0x000000000358e000 	/System/Library/PrivateFrameworks/DiskImages.framework/Versions/A/DiskImages
0x000000000358e000 	/System/Library/Frameworks/DiscRecording.framework/Versions/A/DiscRecording
0x000000000358e000 	/usr/lib/libcsfde.dylib
0x000000000358e000 	/usr/lib/libcurl.4.dylib
0x000000000358e000 	/System/Library/PrivateFrameworks/MediaKit.framework/Versions/A/MediaKit
0x000000000358e000 	/usr/lib/libCoreStorage.dylib
0x000000000358e000 	/System/Library/PrivateFrameworks/EFILogin.framework/Versions/A/EFILogin
0x000000000358e000 	/usr/lib/libutil.dylib
0x000000000358e000 	/System/Library/PrivateFrameworks/FindMyDevice.framework/Versions/A/FindMyDevice
0x000000000358e000 	/System/Library/Frameworks/LDAP.framework/Versions/A/LDAP
0x000000000358e000 	/usr/lib/libsasl2.2.dylib
0x000000000358e000 	/System/Library/PrivateFrameworks/CoreDaemon.framework/Versions/B/CoreDaemon
0x000000000358e000 	/usr/lib/libcrypto.0.9.8.dylib
0x000000000358e000 	/System/Library/PrivateFrameworks/AppleSRP.framework/Versions/A/AppleSRP
0x000000000358e000 	/System/Library/PrivateFrameworks/TrustEvaluationAgent.framework/Versions/A/TrustEvaluationAgent
0x0000000117572000 	cl_kernels
0x0000000117574000 	/System/Library/Frameworks/OpenCL.framework/Versions/A/Libraries/ImageFormats/unorm8_bgra.dylib
0x0000000117564000 	cl_kernels
0x000000000358e000 	/System/Library/PrivateFrameworks/FamilyControls.framework/Versions/A/FamilyControls
0x000000000358e000 	/System/Library/PrivateFrameworks/CommerceKit.framework/Versions/A/Frameworks/CommerceCore.framework/Versions/A/CommerceCore
0x000000000358e000 	/System/Library/PrivateFrameworks/SystemAdministration.framework/Versions/A/SystemAdministration
0x000000000358e000 	/System/Library/PrivateFrameworks/AppContainer.framework/Versions/A/AppContainer
0x000000000358e000 	/System/Library/PrivateFrameworks/SecCodeWrapper.framework/Versions/A/SecCodeWrapper
0x000000000358e000 	/System/Library/Frameworks/DirectoryService.framework/Versions/A/DirectoryService
0x000000000358e000 	/System/Library/PrivateFrameworks/LoginUIKit.framework/Versions/A/Frameworks/LoginUICore.framework/Versions/A/LoginUICore
0x000000000358e000 	/usr/lib/libodfde.dylib
0x00000001187f8000 	/Library/Java/JavaVirtualMachines/jdk1.7.0_79.jdk/Contents/Home/jre/lib/libfontmanager.dylib
0x000000011885f000 	/Users/alexanderrisvang/Documents/AndroidDevelopment/OOSE2015/native/liblwjgl.dylib
0x00000001169ec000 	/Library/Java/JavaVirtualMachines/jdk1.7.0_79.jdk/Contents/Home/jre/lib/libjawt.dylib
0x00000001169ef000 	/Library/Java/JavaVirtualMachines/jdk1.7.0_79.jdk/Contents/Home/jre/lib/libnio.dylib
0x00000001169fe000 	/Library/Java/JavaVirtualMachines/jdk1.7.0_79.jdk/Contents/Home/jre/lib/./libnet.dylib
0x000000000358e000 	/System/Library/Frameworks/OpenGL.framework/Versions/A/Resources/GLEngine.bundle/GLEngine
0x000000000358e000 	/System/Library/Frameworks/OpenGL.framework/Versions/A/Libraries/libGLProgrammability.dylib
0x0000000000000000 	/System/Library/Extensions/AppleIntelBDWGraphicsGLDriver.bundle/Contents/MacOS/AppleIntelBDWGraphicsGLDriver
0x000000000358e000 	/System/Library/PrivateFrameworks/IOAccelerator.framework/Versions/A/IOAccelerator
0x000000000358e000 	/System/Library/PrivateFrameworks/GPUSupport.framework/Versions/A/Libraries/libGPUSupportMercury.dylib
0x000000000358e000 	/System/Library/Frameworks/OpenGL.framework/Versions/A/Resources/GLRendererFloat.bundle/GLRendererFloat
0x0000000119548000 	/Users/alexanderrisvang/Documents/AndroidDevelopment/OOSE2015/native/libjinput-osx.dylib
0x000000011954d000 	/System/Library/Extensions/IOHIDFamily.kext/Contents/PlugIns/IOHIDLib.plugin/Contents/MacOS/IOHIDLib
0x000000011957c000 	/Users/alexanderrisvang/Documents/AndroidDevelopment/OOSE2015/native/openal.dylib
0x0000000119600000 	/System/Library/Components/CoreAudio.component/Contents/MacOS/CoreAudio
0x00000001198d9000 	/System/Library/Extensions/AppleHDA.kext/Contents/PlugIns/AppleHDAHALPlugIn.bundle/Contents/MacOS/AppleHDAHALPlugIn

VM Arguments:
jvm_args: -Djava.library.path=/Users/alexanderrisvang/Documents/AndroidDevelopment/OOSE2015/native -Dfile.encoding=UTF-8 
java_command: example.SimpleSlickGame
Launcher Type: SUN_STANDARD

Environment Variables:
PATH=/usr/bin:/bin:/usr/sbin:/sbin
SHELL=/bin/bash
DISPLAY=/private/tmp/com.apple.launchd.sDM6nKutXY/org.macosforge.xquartz:0

Signal Handlers:
SIGSEGV: [libjvm.dylib+0x52daf1], sa_mask[0]=0xfffefeff, sa_flags=0x00000043
SIGBUS: [libjvm.dylib+0x52daf1], sa_mask[0]=0xfffefeff, sa_flags=0x00000042
SIGFPE: [libjvm.dylib+0x41f34e], sa_mask[0]=0xfffefeff, sa_flags=0x00000042
SIGPIPE: [libjvm.dylib+0x41f34e], sa_mask[0]=0xfffefeff, sa_flags=0x00000042
SIGXFSZ: [libjvm.dylib+0x41f34e], sa_mask[0]=0xfffefeff, sa_flags=0x00000042
SIGILL: [libjvm.dylib+0x41f34e], sa_mask[0]=0xfffefeff, sa_flags=0x00000042
SIGUSR1: SIG_DFL, sa_mask[0]=0x00000000, sa_flags=0x00000000
SIGUSR2: [libjvm.dylib+0x41ee40], sa_mask[0]=0x00000004, sa_flags=0x00000042
SIGHUP: [libjvm.dylib+0x41d0d1], sa_mask[0]=0xfffefeff, sa_flags=0x00000042
SIGINT: [libjvm.dylib+0x41d0d1], sa_mask[0]=0xfffefeff, sa_flags=0x00000042
SIGTERM: [libjvm.dylib+0x41d0d1], sa_mask[0]=0xfffefeff, sa_flags=0x00000042
SIGQUIT: [libjvm.dylib+0x41d0d1], sa_mask[0]=0xfffefeff, sa_flags=0x00000042


---------------  S Y S T E M  ---------------

OS:Bsduname:Darwin 14.3.0 Darwin Kernel Version 14.3.0: Mon Mar 23 11:59:05 PDT 2015; root:xnu-2782.20.48~5/RELEASE_X86_64 x86_64
rlimit: STACK 8192k, CORE 0k, NPROC 709, NOFILE 10240, AS infinity
load average:3.00 2.73 2.49

CPU:total 4 (2 cores per cpu, 2 threads per core) family 6 model 61 stepping 4, cmov, cx8, fxsr, mmx, sse, sse2, sse3, ssse3, sse4.1, sse4.2, popcnt, avx, avx2, aes, erms, ht, tsc, tscinvbit

Memory: 4k page, physical 8388608k(2097152k free)

/proc/meminfo:


vm_info: Java HotSpot(TM) 64-Bit Server VM (24.79-b02) for bsd-amd64 JRE (1.7.0_79-b15), built on Apr 10 2015 11:35:04 by "java_re" with gcc 4.2.1 (Based on Apple Inc. build 5658) (LLVM build 2336.11.00)

time: Thu May  7 17:03:05 2015
elapsed time: 17 seconds

