#
# A fatal error has been detected by the Java Runtime Environment:
#
#  SIGSEGV (0xb) at pc=0x00007fff86be60dd, pid=706, tid=1811
#
# JRE version: Java(TM) SE Runtime Environment (7.0_79-b15) (build 1.7.0_79-b15)
# Java VM: Java HotSpot(TM) 64-Bit Server VM (24.79-b02 mixed mode bsd-amd64 compressed oops)
# Problematic frame:
# C  [libobjc.A.dylib+0x10dd]  objc_msgSend+0x1d
#
# Failed to write core dump. Core dumps have been disabled. To enable core dumping, try "ulimit -c unlimited" before starting Java again
#
# If you would like to submit a bug report, please visit:
#   http://bugreport.java.com/bugreport/crash.jsp
# The crash happened outside the Java Virtual Machine in native code.
# See problematic frame for where to report the bug.
#

---------------  T H R E A D  ---------------

Current thread (0x00007fc30a89c000):  JavaThread "AppKit Thread" daemon [_thread_in_native, id=1811, stack(0x00007fff4fbea000,0x00007fff4fc6a000)]

siginfo:si_signo=SIGSEGV: si_errno=0, si_code=1 (SEGV_MAPERR), si_addr=0x000022d400000018

Registers:
RAX=0x00007fc309757a00, RBX=0x00007fff4fc65808, RCX=0x0000000000000000, RDX=0x00007fc30bb22ba0
RSP=0x00007fff4fc65628, RBP=0x00007fff4fc65630, RSI=0x00007fff8f92d423, RDI=0x00007fc309757a00
R8 =0x00007fff4fc65610, R9 =0x0000000000000062, R10=0x00007fff8f92d423, R11=0x000022d400000000
R12=0x00007fc309704ad0, R13=0x00000000000f42fd, R14=0x00007fc309469820, R15=0x00007fff4fc65768
RIP=0x00007fff86be60dd, EFLAGS=0x0000000000010206, ERR=0x0000000000000004
  TRAPNO=0x000000000000000e

Top of Stack: (sp=0x00007fff4fc65628)
0x00007fff4fc65628:   00007fff8ba7545c 00007fff4fc65990
0x00007fff4fc65638:   00007fff8b965634 00007fff4fc656bc
0x00007fff4fc65648:   00007fff4fc656c0 00007fff4fc656c4
0x00007fff4fc65658:   00007fff721b9e00 ffffffffffffffff
0x00007fff4fc65668:   0000000000000930 00007fff721b9e18
0x00007fff4fc65678:   00007fc309469820 0000000000000000
0x00007fff4fc65688:   00007fff4fc65760 0000000000000000
0x00007fff4fc65698:   00007fc30949e8b0 00007fff4fc657e0
0x00007fff4fc656a8:   0000000000000062 00000000000f42ff
0x00007fff4fc656b8:   00007fc30bb22ba0 00007fc30949e2d0
0x00007fff4fc656c8:   00007fc309704ad0 0000000000000001
0x00007fff4fc656d8:   00000000000f42fd 00007fc309704ac0
0x00007fff4fc656e8:   00007fff87da2c05 00000001711bf070
0x00007fff4fc656f8:   00007fff7311a0d0 0000000042000000
0x00007fff4fc65708:   00007fff87da9e63 00007fff72184240
0x00007fff4fc65718:   00007fff4fc657e8 00007fff4fc65740
0x00007fff4fc65728:   00007fff4fc65760 0000000000000000
0x00007fff4fc65738:   0000000000000016 0001d70386c0697a
0x00007fff4fc65748:   00007fc309704af4 0000000000000000
0x00007fff4fc65758:   0000000000000000 00007fc30949e930
0x00007fff4fc65768:   00007fc309469820 0000002000000000
0x00007fff4fc65778:   0000000000000000 00007fff7311a0d0
0x00007fff4fc65788:   0000000042000000 00007fff87da94f8
0x00007fff4fc65798:   00007fff72184350 00007fff4fc656f8
0x00007fff4fc657a8:   0000000000000000 00007fff4fc65878
0x00007fff4fc657b8:   00007fff73171ea0 00007fff4fc658b0
0x00007fff4fc657c8:   00007fff89fdfedc 00007fff4fc65860
0x00007fff4fc657d8:   00007fff8f0615fd 0000000000000051
0x00007fff4fc657e8:   0000000000000000 00000000000f42e2
0x00007fff4fc657f8:   0000000000000053 0000000000000000
0x00007fff4fc65808:   00000000000f42fd 00007fff4fc65884
0x00007fff4fc65818:   000000000041b101 00000000ffffffff 

Instructions: (pc=0x00007fff86be60dd)
0x00007fff86be60bd:   00 00 00 48 85 ff 2e 74 7a 40 f6 c7 01 2e 75 7e
0x00007fff86be60cd:   49 bb f8 ff ff ff ff 7f 00 00 4c 23 1f 49 89 f2
0x00007fff86be60dd:   45 23 53 18 49 c1 e2 04 4d 03 53 10 49 3b 32 75
0x00007fff86be60ed:   04 41 ff 62 08 49 83 3a 00 74 6a 4d 3b 53 10 74 

Register to memory mapping:

RAX=0x00007fc309757a00 is an unknown value
RBX=0x00007fff4fc65808 is pointing into the stack for thread: 0x00007fc30a89c000
RCX=0x0000000000000000 is an unknown value
RDX=0x00007fc30bb22ba0 is an unknown value
RSP=0x00007fff4fc65628 is pointing into the stack for thread: 0x00007fc30a89c000
RBP=0x00007fff4fc65630 is pointing into the stack for thread: 0x00007fc30a89c000
RSI=0x00007fff8f92d423: -[NSTitlebarContainerView transparent]+0x5e307 in /System/Library/Frameworks/AppKit.framework/Versions/C/AppKit at 0x00007fff8ef2c000
RDI=0x00007fc309757a00 is an unknown value
R8 =0x00007fff4fc65610 is pointing into the stack for thread: 0x00007fc30a89c000
R9 =0x0000000000000062 is an unknown value
R10=0x00007fff8f92d423: -[NSTitlebarContainerView transparent]+0x5e307 in /System/Library/Frameworks/AppKit.framework/Versions/C/AppKit at 0x00007fff8ef2c000
R11=0x000022d400000000 is an unknown value
R12=0x00007fc309704ad0 is an unknown value
R13=0x00000000000f42fd is an unknown value
R14=0x00007fc309469820 is an unknown value
R15=0x00007fff4fc65768 is pointing into the stack for thread: 0x00007fc30a89c000


Stack: [0x00007fff4fbea000,0x00007fff4fc6a000],  sp=0x00007fff4fc65628,  free space=493k
Native frames: (J=compiled Java code, j=interpreted, Vv=VM code, C=native code)
C  [libobjc.A.dylib+0x10dd]  objc_msgSend+0x1d
C  [CoreFoundation+0x10634]  _CFXNotificationPost+0xc44
C  [Foundation+0x79d1]  -[NSNotificationCenter postNotificationName:object:userInfo:]+0x42
C  [AppKit+0x43ac2]  -[NSSurface _disposeSurface]+0x98
C  [AppKit+0x43526]  -[NSSurface setWindow:]+0x42
C  [AppKit+0x33a10]  -[NSView _setWindow:]+0xa33
C  [AppKit+0x6b091]  -[NSView removeFromSuperview]+0x1c5
C  [AppKit+0x14bea9]  -[NSView removeFromSuperviewWithoutNeedingDisplay]+0x26
C  [liblwjgl.dylib+0xa205]  +[MacOSXKeyableWindow destroyWindow]+0xb5
C  [Foundation+0x92d00]  __NSThreadPerformPerform+0x125
C  [CoreFoundation+0x80a01]  __CFRUNLOOP_IS_CALLING_OUT_TO_A_SOURCE0_PERFORM_FUNCTION__+0x11
C  [CoreFoundation+0x72b8d]  __CFRunLoopDoSources0+0x10d
C  [CoreFoundation+0x721bf]  __CFRunLoopRun+0x39f
C  [CoreFoundation+0x71bd8]  CFRunLoopRunSpecific+0x128
C  [HIToolbox+0x3256f]  RunCurrentEventLoopInMode+0xeb
C  [HIToolbox+0x321ee]  ReceiveNextEventCommon+0xb3
C  [HIToolbox+0x3212b]  _BlockUntilNextEventMatchingListInModeWithFilter+0x47
C  [AppKit+0x919bb]  _DPSNextEvent+0x3d2
C  [AppKit+0x90f68]  -[NSApplication nextEventMatchingMask:untilDate:inMode:dequeue:]+0x15a
C  [libosxapp.dylib+0x24e3]  -[NSApplicationAWT nextEventMatchingMask:untilDate:inMode:dequeue:]+0x7c
C  [AppKit+0x86bf3]  -[NSApplication run]+0x252
C  [libosxapp.dylib+0x2346]  +[NSApplicationAWT runAWTLoopWithApp:]+0x9c
C  [liblwawt.dylib+0xe17d]  -[AWTStarter starter:]+0x369
C  [Foundation+0x92d00]  __NSThreadPerformPerform+0x125
C  [CoreFoundation+0x80a01]  __CFRUNLOOP_IS_CALLING_OUT_TO_A_SOURCE0_PERFORM_FUNCTION__+0x11
C  [CoreFoundation+0x72b8d]  __CFRunLoopDoSources0+0x10d
C  [CoreFoundation+0x721bf]  __CFRunLoopRun+0x39f
C  [CoreFoundation+0x71bd8]  CFRunLoopRunSpecific+0x128
C  [java+0x73b0]  CreateExecutionEnvironment+0x367
C  [java+0x1b5c]  JLI_Launch+0x7a0
C  [java+0x770d]  main+0x65
C  [java+0x13b4]  start+0x34


---------------  P R O C E S S  ---------------

Java Threads: ( => current thread )
  0x00007fc30a017800 JavaThread "AWT-Shutdown" [_thread_blocked, id=13063, stack(0x000000011ad1a000,0x000000011ae1a000)]
  0x00007fc3098b1800 JavaThread "Java2D Queue Flusher" daemon [_thread_blocked, id=68359, stack(0x0000000125c80000,0x0000000125d80000)]
  0x00007fc30b0b5000 JavaThread "Java2D Disposer" daemon [_thread_blocked, id=66571, stack(0x0000000122759000,0x0000000122859000)]
=>0x00007fc30a89c000 JavaThread "AppKit Thread" daemon [_thread_in_native, id=1811, stack(0x00007fff4fbea000,0x00007fff4fc6a000)]
  0x00007fc30a016800 JavaThread "Service Thread" daemon [_thread_blocked, id=17667, stack(0x000000011c8ff000,0x000000011c9ff000)]
  0x00007fc30a016000 JavaThread "C2 CompilerThread1" daemon [_thread_blocked, id=17155, stack(0x000000011c7fc000,0x000000011c8fc000)]
  0x00007fc30a014800 JavaThread "C2 CompilerThread0" daemon [_thread_blocked, id=16643, stack(0x000000011c6f9000,0x000000011c7f9000)]
  0x00007fc30a00a000 JavaThread "Signal Dispatcher" daemon [_thread_blocked, id=16159, stack(0x000000011c5f6000,0x000000011c6f6000)]
  0x00007fc30b003800 JavaThread "Finalizer" daemon [_thread_blocked, id=11523, stack(0x000000011abd1000,0x000000011acd1000)]
  0x00007fc30b003000 JavaThread "Reference Handler" daemon [_thread_blocked, id=11011, stack(0x000000011aace000,0x000000011abce000)]
  0x00007fc30980a000 JavaThread "main" [_thread_in_native, id=4867, stack(0x00000001100ac000,0x00000001101ac000)]

Other Threads:
  0x00007fc30b000000 VMThread [stack: 0x000000011a9cb000,0x000000011aacb000] [id=10499]
  0x00007fc30a013800 WatcherThread [stack: 0x000000011ca02000,0x000000011cb02000] [id=18179]

VM state:not at safepoint (normal execution)

VM Mutex/Monitor currently owned by a thread: None

Heap
 PSYoungGen      total 47104K, used 34855K [0x00000007d5500000, 0x00000007d9300000, 0x0000000800000000)
  eden space 32768K, 99% used [0x00000007d5500000,0x00000007d74f0600,0x00000007d7500000)
  from space 14336K, 14% used [0x00000007d8500000,0x00000007d8719868,0x00000007d9300000)
  to   space 15360K, 0% used [0x00000007d7500000,0x00000007d7500000,0x00000007d8400000)
 ParOldGen       total 87040K, used 67753K [0x0000000780000000, 0x0000000785500000, 0x00000007d5500000)
  object space 87040K, 77% used [0x0000000780000000,0x000000078422a5a0,0x0000000785500000)
 PSPermGen       total 21504K, used 9186K [0x000000077ae00000, 0x000000077c300000, 0x0000000780000000)
  object space 21504K, 42% used [0x000000077ae00000,0x000000077b6f8870,0x000000077c300000)

Card table byte_map: [0x0000000114523000,0x000000011494d000] byte_map_base: 0x000000011094c000

Polling page: 0x00000001101eb000

Code Cache  [0x0000000111463000, 0x00000001116d3000, 0x0000000114463000)
 total_blobs=772 nmethods=316 adapters=410 free_code_cache=47775Kb largest_free_block=48863552

Compilation events (10 events):
Event: 15.936 Thread 0x00007fc30a014800 nmethod 318 0x00000001115ae850 code [0x00000001115ae9a0, 0x00000001115aec18]
Event: 15.959 Thread 0x00007fc30a014800  319             java.nio.DirectIntBufferU::put (18 bytes)
Event: 15.960 Thread 0x00007fc30a014800 nmethod 319 0x00000001115ae5d0 code [0x00000001115ae700, 0x00000001115ae798]
Event: 15.962 Thread 0x00007fc30a014800  320   !         org.lwjgl.opengl.Display::isActive (38 bytes)
Event: 15.964 Thread 0x00007fc30a014800 nmethod 320 0x00000001115b1110 code [0x00000001115b1280, 0x00000001115b1658]
Event: 15.964 Thread 0x00007fc30a014800  321             org.lwjgl.opengl.MacOSXDisplay::isActive (23 bytes)
Event: 15.965 Thread 0x00007fc30a014800 nmethod 321 0x00000001115adf50 code [0x00000001115ae0a0, 0x00000001115ae178]
Event: 16.062 Thread 0x00007fc30a016000 nmethod 317 0x00000001115bf8d0 code [0x00000001115c0240, 0x00000001115c5340]
Event: 19.242 Thread 0x00007fc30a014800  324             java.net.URL::getPort (5 bytes)
Event: 19.242 Thread 0x00007fc30a014800 nmethod 324 0x00000001115add50 code [0x00000001115ade80, 0x00000001115aded8]

GC Heap History (10 events):
Event: 2.741 GC heap before
{Heap before GC invocations=2 (full 0):
 PSYoungGen      total 38912K, used 38699K [0x00000007d5500000, 0x00000007d8000000, 0x0000000800000000)
  eden space 33792K, 99% used [0x00000007d5500000,0x00000007d75d0908,0x00000007d7600000)
  from space 5120K, 99% used [0x00000007d7600000,0x00000007d7afa588,0x00000007d7b00000)
  to   space 5120K, 0% used [0x00000007d7b00000,0x00000007d7b00000,0x00000007d8000000)
 ParOldGen       total 87040K, used 64580K [0x0000000780000000, 0x0000000785500000, 0x00000007d5500000)
  object space 87040K, 74% used [0x0000000780000000,0x0000000783f11190,0x0000000785500000)
 PSPermGen       total 21504K, used 8859K [0x000000077ae00000, 0x000000077c300000, 0x0000000780000000)
  object space 21504K, 41% used [0x000000077ae00000,0x000000077b6a6ce8,0x000000077c300000)
Event: 2.747 GC heap after
Heap after GC invocations=2 (full 0):
 PSYoungGen      total 38912K, used 5088K [0x00000007d5500000, 0x00000007d8000000, 0x0000000800000000)
  eden space 33792K, 0% used [0x00000007d5500000,0x00000007d5500000,0x00000007d7600000)
  from space 5120K, 99% used [0x00000007d7b00000,0x00000007d7ff8030,0x00000007d8000000)
  to   space 5120K, 0% used [0x00000007d7600000,0x00000007d7600000,0x00000007d7b00000)
 ParOldGen       total 87040K, used 67729K [0x0000000780000000, 0x0000000785500000, 0x00000007d5500000)
  object space 87040K, 77% used [0x0000000780000000,0x00000007842245a0,0x0000000785500000)
 PSPermGen       total 21504K, used 8859K [0x000000077ae00000, 0x000000077c300000, 0x0000000780000000)
  object space 21504K, 41% used [0x000000077ae00000,0x000000077b6a6ce8,0x000000077c300000)
}
Event: 5.021 GC heap before
{Heap before GC invocations=3 (full 0):
 PSYoungGen      total 38912K, used 38880K [0x00000007d5500000, 0x00000007d8000000, 0x0000000800000000)
  eden space 33792K, 100% used [0x00000007d5500000,0x00000007d7600000,0x00000007d7600000)
  from space 5120K, 99% used [0x00000007d7b00000,0x00000007d7ff8030,0x00000007d8000000)
  to   space 5120K, 0% used [0x00000007d7600000,0x00000007d7600000,0x00000007d7b00000)
 ParOldGen       total 87040K, used 67729K [0x0000000780000000, 0x0000000785500000, 0x00000007d5500000)
  object space 87040K, 77% used [0x0000000780000000,0x00000007842245a0,0x0000000785500000)
 PSPermGen       total 21504K, used 8968K [0x000000077ae00000, 0x000000077c300000, 0x0000000780000000)
  object space 21504K, 41% used [0x000000077ae00000,0x000000077b6c2328,0x000000077c300000)
Event: 5.026 GC heap after
Heap after GC invocations=3 (full 0):
 PSYoungGen      total 38912K, used 2294K [0x00000007d5500000, 0x00000007d8000000, 0x0000000800000000)
  eden space 33792K, 0% used [0x00000007d5500000,0x00000007d5500000,0x00000007d7600000)
  from space 5120K, 44% used [0x00000007d7600000,0x00000007d783d858,0x00000007d7b00000)
  to   space 5120K, 0% used [0x00000007d7b00000,0x00000007d7b00000,0x00000007d8000000)
 ParOldGen       total 87040K, used 67737K [0x0000000780000000, 0x0000000785500000, 0x00000007d5500000)
  object space 87040K, 77% used [0x0000000780000000,0x00000007842265a0,0x0000000785500000)
 PSPermGen       total 21504K, used 8968K [0x000000077ae00000, 0x000000077c300000, 0x0000000780000000)
  object space 21504K, 41% used [0x000000077ae00000,0x000000077b6c2328,0x000000077c300000)
}
Event: 9.127 GC heap before
{Heap before GC invocations=4 (full 0):
 PSYoungGen      total 38912K, used 36086K [0x00000007d5500000, 0x00000007d8000000, 0x0000000800000000)
  eden space 33792K, 100% used [0x00000007d5500000,0x00000007d7600000,0x00000007d7600000)
  from space 5120K, 44% used [0x00000007d7600000,0x00000007d783d858,0x00000007d7b00000)
  to   space 5120K, 0% used [0x00000007d7b00000,0x00000007d7b00000,0x00000007d8000000)
 ParOldGen       total 87040K, used 67737K [0x0000000780000000, 0x0000000785500000, 0x00000007d5500000)
  object space 87040K, 77% used [0x0000000780000000,0x00000007842265a0,0x0000000785500000)
 PSPermGen       total 21504K, used 9032K [0x000000077ae00000, 0x000000077c300000, 0x0000000780000000)
  object space 21504K, 42% used [0x000000077ae00000,0x000000077b6d2318,0x000000077c300000)
Event: 9.133 GC heap after
Heap after GC invocations=4 (full 0):
 PSYoungGen      total 38912K, used 2534K [0x00000007d5500000, 0x00000007d8000000, 0x0000000800000000)
  eden space 33792K, 0% used [0x00000007d5500000,0x00000007d5500000,0x00000007d7600000)
  from space 5120K, 49% used [0x00000007d7b00000,0x00000007d7d79868,0x00000007d8000000)
  to   space 5120K, 0% used [0x00000007d7600000,0x00000007d7600000,0x00000007d7b00000)
 ParOldGen       total 87040K, used 67745K [0x0000000780000000, 0x0000000785500000, 0x00000007d5500000)
  object space 87040K, 77% used [0x0000000780000000,0x00000007842285a0,0x0000000785500000)
 PSPermGen       total 21504K, used 9032K [0x000000077ae00000, 0x000000077c300000, 0x0000000780000000)
  object space 21504K, 42% used [0x000000077ae00000,0x000000077b6d2318,0x000000077c300000)
}
Event: 12.727 GC heap before
{Heap before GC invocations=5 (full 0):
 PSYoungGen      total 38912K, used 35778K [0x00000007d5500000, 0x00000007d8000000, 0x0000000800000000)
  eden space 33792K, 98% used [0x00000007d5500000,0x00000007d7576f98,0x00000007d7600000)
  from space 5120K, 49% used [0x00000007d7b00000,0x00000007d7d79868,0x00000007d8000000)
  to   space 5120K, 0% used [0x00000007d7600000,0x00000007d7600000,0x00000007d7b00000)
 ParOldGen       total 87040K, used 67745K [0x0000000780000000, 0x0000000785500000, 0x00000007d5500000)
  object space 87040K, 77% used [0x0000000780000000,0x00000007842285a0,0x0000000785500000)
 PSPermGen       total 21504K, used 9110K [0x000000077ae00000, 0x000000077c300000, 0x0000000780000000)
  object space 21504K, 42% used [0x000000077ae00000,0x000000077b6e59b8,0x000000077c300000)
Event: 12.731 GC heap after
Heap after GC invocations=5 (full 0):
 PSYoungGen      total 38400K, used 2566K [0x00000007d5500000, 0x00000007d9480000, 0x0000000800000000)
  eden space 33280K, 0% used [0x00000007d5500000,0x00000007d5500000,0x00000007d7580000)
  from space 5120K, 50% used [0x00000007d7600000,0x00000007d7881868,0x00000007d7b00000)
  to   space 15872K, 0% used [0x00000007d8500000,0x00000007d8500000,0x00000007d9480000)
 ParOldGen       total 87040K, used 67753K [0x0000000780000000, 0x0000000785500000, 0x00000007d5500000)
  object space 87040K, 77% used [0x0000000780000000,0x000000078422a5a0,0x0000000785500000)
 PSPermGen       total 21504K, used 9110K [0x000000077ae00000, 0x000000077c300000, 0x0000000780000000)
  object space 21504K, 42% used [0x000000077ae00000,0x000000077b6e59b8,0x000000077c300000)
}
Event: 13.446 GC heap before
{Heap before GC invocations=6 (full 0):
 PSYoungGen      total 38400K, used 35846K [0x00000007d5500000, 0x00000007d9480000, 0x0000000800000000)
  eden space 33280K, 100% used [0x00000007d5500000,0x00000007d7580000,0x00000007d7580000)
  from space 5120K, 50% used [0x00000007d7600000,0x00000007d7881868,0x00000007d7b00000)
  to   space 15872K, 0% used [0x00000007d8500000,0x00000007d8500000,0x00000007d9480000)
 ParOldGen       total 87040K, used 67753K [0x0000000780000000, 0x0000000785500000, 0x00000007d5500000)
  object space 87040K, 77% used [0x0000000780000000,0x000000078422a5a0,0x0000000785500000)
 PSPermGen       total 21504K, used 9151K [0x000000077ae00000, 0x000000077c300000, 0x0000000780000000)
  object space 21504K, 42% used [0x000000077ae00000,0x000000077b6efcd0,0x000000077c300000)
Event: 13.450 GC heap after
Heap after GC invocations=6 (full 0):
 PSYoungGen      total 47104K, used 2150K [0x00000007d5500000, 0x00000007d9300000, 0x0000000800000000)
  eden space 32768K, 0% used [0x00000007d5500000,0x00000007d5500000,0x00000007d7500000)
  from space 14336K, 14% used [0x00000007d8500000,0x00000007d8719868,0x00000007d9300000)
  to   space 15360K, 0% used [0x00000007d7500000,0x00000007d7500000,0x00000007d8400000)
 ParOldGen       total 87040K, used 67753K [0x0000000780000000, 0x0000000785500000, 0x00000007d5500000)
  object space 87040K, 77% used [0x0000000780000000,0x000000078422a5a0,0x0000000785500000)
 PSPermGen       total 21504K, used 9151K [0x000000077ae00000, 0x000000077c300000, 0x0000000780000000)
  object space 21504K, 42% used [0x000000077ae00000,0x000000077b6efcd0,0x000000077c300000)
}

Deoptimization events (10 events):
Event: 2.558 Thread 0x00007fc30980a000 Uncommon trap: reason=class_check action=maybe_recompile pc=0x00000001114e662c method=java.util.HashMap.put(Ljava/lang/Object;Ljava/lang/Object;)Ljava/lang/Object; @ 137
Event: 2.558 Thread 0x00007fc30980a000 Uncommon trap: reason=class_check action=maybe_recompile pc=0x00000001114e662c method=java.util.HashMap.put(Ljava/lang/Object;Ljava/lang/Object;)Ljava/lang/Object; @ 137
Event: 2.720 Thread 0x00007fc30a89c000 Uncommon trap: reason=null_check action=make_not_entrant pc=0x00000001114c9190 method=java.lang.String.equals(Ljava/lang/Object;)Z @ 8
Event: 2.900 Thread 0x00007fc30980a000 Uncommon trap: reason=unreached action=reinterpret pc=0x000000011154fee4 method=java.awt.image.ComponentColorModel.getDataElements(ILjava/lang/Object;)Ljava/lang/Object; @ 2993
Event: 2.900 Thread 0x00007fc30980a000 Uncommon trap: reason=unreached action=reinterpret pc=0x0000000111535b48 method=sun.awt.image.ByteInterleavedRaster.getDataElements(IILjava/lang/Object;)Ljava/lang/Object; @ 43
Event: 12.703 Thread 0x00007fc30980a000 Uncommon trap: reason=unreached action=reinterpret pc=0x00000001115688b8 method=java.util.HashMap$HashIterator.nextEntry()Ljava/util/HashMap$Entry; @ 86
Event: 12.705 Thread 0x00007fc30980a000 Uncommon trap: reason=unreached action=reinterpret pc=0x000000011155a008 method=sun.misc.URLClassPath$JarLoader.ensureOpen()V @ 4
Event: 12.705 Thread 0x00007fc30980a000 Uncommon trap: reason=bimorphic action=maybe_recompile pc=0x00000001114e5fbc method=java.lang.ThreadLocal.get()Ljava/lang/Object; @ 6
Event: 12.705 Thread 0x00007fc30980a000 Uncommon trap: reason=unreached action=reinterpret pc=0x0000000111572bf8 method=java.net.URL.<init>(Ljava/net/URL;Ljava/lang/String;Ljava/net/URLStreamHandler;)V @ 228
Event: 12.705 Thread 0x00007fc30980a000 Uncommon trap: reason=bimorphic action=maybe_recompile pc=0x00000001114e5fbc method=java.lang.ThreadLocal.get()Ljava/lang/Object; @ 6

Internal exceptions (10 events):
Event: 3.777 Thread 0x00007fc30980a000 Threw 0x00000007d6810f38 at /HUDSON/workspace/7u-2-build-macosx-x86_64/jdk7u79/2331/hotspot/src/share/vm/prims/jvm.cpp:1304
Event: 3.778 Thread 0x00007fc30980a000 Threw 0x00000007d6819378 at /HUDSON/workspace/7u-2-build-macosx-x86_64/jdk7u79/2331/hotspot/src/share/vm/prims/jvm.cpp:1304
Event: 5.438 Thread 0x00007fc30980a000 Threw 0x00000007d58dd4b8 at /HUDSON/workspace/7u-2-build-macosx-x86_64/jdk7u79/2331/hotspot/src/share/vm/prims/jvm.cpp:1304
Event: 5.439 Thread 0x00007fc30980a000 Threw 0x00000007d58e9178 at /HUDSON/workspace/7u-2-build-macosx-x86_64/jdk7u79/2331/hotspot/src/share/vm/prims/jvm.cpp:1304
Event: 5.441 Thread 0x00007fc30980a000 Threw 0x00000007d58ee5e8 at /HUDSON/workspace/7u-2-build-macosx-x86_64/jdk7u79/2331/hotspot/src/share/vm/prims/jvm.cpp:1304
Event: 5.442 Thread 0x00007fc30980a000 Threw 0x00000007d58f3440 at /HUDSON/workspace/7u-2-build-macosx-x86_64/jdk7u79/2331/hotspot/src/share/vm/prims/jvm.cpp:1304
Event: 5.443 Thread 0x00007fc30980a000 Threw 0x00000007d58f81a0 at /HUDSON/workspace/7u-2-build-macosx-x86_64/jdk7u79/2331/hotspot/src/share/vm/prims/jvm.cpp:1304
Event: 12.705 Thread 0x00007fc30980a000 Implicit null exception at 0x000000011155924e to 0x0000000111559ffd
Event: 12.705 Thread 0x00007fc30980a000 Implicit null exception at 0x00000001115721ec to 0x0000000111572bcd
Event: 19.242 Thread 0x00007fc30980a000 Threw 0x00000007d7470d18 at /HUDSON/workspace/7u-2-build-macosx-x86_64/jdk7u79/2331/hotspot/src/share/vm/prims/jvm.cpp:1304

Events (10 events):
Event: 13.450 Executing VM operation: RevokeBias
Event: 13.450 Executing VM operation: RevokeBias done
Event: 13.450 Executing VM operation: RevokeBias
Event: 13.450 Executing VM operation: RevokeBias done
Event: 14.774 Executing VM operation: RevokeBias
Event: 14.774 Executing VM operation: RevokeBias done
Event: 14.774 Thread 0x00007fc30a862000 Thread exited: 0x00007fc30a862000
Event: 15.358 Thread 0x00007fc30a017800 Thread added: 0x00007fc30a017800
Event: 19.242 loading class 0x00007fc309754e70
Event: 19.242 loading class 0x00007fc309754e70 done


Dynamic libraries:
0x000000000110e000 	/System/Library/Frameworks/Cocoa.framework/Versions/A/Cocoa
0x000000000110e000 	/System/Library/Frameworks/Security.framework/Versions/A/Security
0x000000000110e000 	/System/Library/Frameworks/ApplicationServices.framework/Versions/A/ApplicationServices
0x000000000110e000 	/usr/lib/libz.1.dylib
0x000000000110e000 	/usr/lib/libSystem.B.dylib
0x000000000110e000 	/usr/lib/libobjc.A.dylib
0x000000000110e000 	/System/Library/Frameworks/CoreFoundation.framework/Versions/A/CoreFoundation
0x000000000110e000 	/System/Library/Frameworks/Foundation.framework/Versions/C/Foundation
0x000000000110e000 	/System/Library/Frameworks/AppKit.framework/Versions/C/AppKit
0x000000000110e000 	/System/Library/Frameworks/CoreData.framework/Versions/A/CoreData
0x000000000110e000 	/System/Library/PrivateFrameworks/RemoteViewServices.framework/Versions/A/RemoteViewServices
0x000000000110e000 	/System/Library/PrivateFrameworks/UIFoundation.framework/Versions/A/UIFoundation
0x000000000110e000 	/System/Library/Frameworks/IOSurface.framework/Versions/A/IOSurface
0x000000000110e000 	/System/Library/Frameworks/AudioToolbox.framework/Versions/A/AudioToolbox
0x000000000110e000 	/System/Library/Frameworks/AudioUnit.framework/Versions/A/AudioUnit
0x000000000110e000 	/System/Library/PrivateFrameworks/DataDetectorsCore.framework/Versions/A/DataDetectorsCore
0x000000000110e000 	/System/Library/PrivateFrameworks/DesktopServicesPriv.framework/Versions/A/DesktopServicesPriv
0x000000000110e000 	/System/Library/Frameworks/Carbon.framework/Versions/A/Frameworks/HIToolbox.framework/Versions/A/HIToolbox
0x000000000110e000 	/System/Library/Frameworks/QuartzCore.framework/Versions/A/QuartzCore
0x000000000110e000 	/System/Library/Frameworks/Carbon.framework/Versions/A/Frameworks/SpeechRecognition.framework/Versions/A/SpeechRecognition
0x000000000110e000 	/usr/lib/libauto.dylib
0x000000000110e000 	/usr/lib/libicucore.A.dylib
0x000000000110e000 	/usr/lib/libxml2.2.dylib
0x000000000110e000 	/System/Library/PrivateFrameworks/CoreUI.framework/Versions/A/CoreUI
0x000000000110e000 	/System/Library/Frameworks/CoreAudio.framework/Versions/A/CoreAudio
0x000000000110e000 	/System/Library/Frameworks/DiskArbitration.framework/Versions/A/DiskArbitration
0x000000000110e000 	/usr/lib/liblangid.dylib
0x000000000110e000 	/System/Library/PrivateFrameworks/MultitouchSupport.framework/Versions/A/MultitouchSupport
0x000000000110e000 	/System/Library/Frameworks/IOKit.framework/Versions/A/IOKit
0x000000000110e000 	/usr/lib/libDiagnosticMessagesClient.dylib
0x000000000110e000 	/System/Library/Frameworks/CoreServices.framework/Versions/A/CoreServices
0x000000000110e000 	/System/Library/PrivateFrameworks/PerformanceAnalysis.framework/Versions/A/PerformanceAnalysis
0x000000000110e000 	/System/Library/PrivateFrameworks/GenerationalStorage.framework/Versions/A/GenerationalStorage
0x000000000110e000 	/System/Library/Frameworks/OpenGL.framework/Versions/A/OpenGL
0x000000000110e000 	/System/Library/PrivateFrameworks/Sharing.framework/Versions/A/Sharing
0x000000000110e000 	/System/Library/Frameworks/CoreGraphics.framework/Versions/A/CoreGraphics
0x000000000110e000 	/System/Library/Frameworks/CoreText.framework/Versions/A/CoreText
0x000000000110e000 	/System/Library/Frameworks/ImageIO.framework/Versions/A/ImageIO
0x000000000110e000 	/usr/lib/libextension.dylib
0x000000000110e000 	/System/Library/PrivateFrameworks/Backup.framework/Versions/A/Backup
0x000000000110e000 	/usr/lib/libarchive.2.dylib
0x000000000110e000 	/System/Library/Frameworks/CFNetwork.framework/Versions/A/CFNetwork
0x000000000110e000 	/System/Library/Frameworks/SystemConfiguration.framework/Versions/A/SystemConfiguration
0x000000000110e000 	/usr/lib/libCRFSuite.dylib
0x000000000110e000 	/usr/lib/libc++.1.dylib
0x000000000110e000 	/usr/lib/libc++abi.dylib
0x000000000110e000 	/usr/lib/system/libcache.dylib
0x000000000110e000 	/usr/lib/system/libcommonCrypto.dylib
0x000000000110e000 	/usr/lib/system/libcompiler_rt.dylib
0x000000000110e000 	/usr/lib/system/libcopyfile.dylib
0x000000000110e000 	/usr/lib/system/libcorecrypto.dylib
0x000000000110e000 	/usr/lib/system/libdispatch.dylib
0x000000000110e000 	/usr/lib/system/libdyld.dylib
0x000000000110e000 	/usr/lib/system/libkeymgr.dylib
0x000000000110e000 	/usr/lib/system/liblaunch.dylib
0x000000000110e000 	/usr/lib/system/libmacho.dylib
0x000000000110e000 	/usr/lib/system/libquarantine.dylib
0x000000000110e000 	/usr/lib/system/libremovefile.dylib
0x000000000110e000 	/usr/lib/system/libsystem_asl.dylib
0x000000000110e000 	/usr/lib/system/libsystem_blocks.dylib
0x000000000110e000 	/usr/lib/system/libsystem_c.dylib
0x000000000110e000 	/usr/lib/system/libsystem_configuration.dylib
0x000000000110e000 	/usr/lib/system/libsystem_coreservices.dylib
0x000000000110e000 	/usr/lib/system/libsystem_coretls.dylib
0x000000000110e000 	/usr/lib/system/libsystem_dnssd.dylib
0x000000000110e000 	/usr/lib/system/libsystem_info.dylib
0x000000000110e000 	/usr/lib/system/libsystem_kernel.dylib
0x000000000110e000 	/usr/lib/system/libsystem_m.dylib
0x000000000110e000 	/usr/lib/system/libsystem_malloc.dylib
0x000000000110e000 	/usr/lib/system/libsystem_network.dylib
0x000000000110e000 	/usr/lib/system/libsystem_networkextension.dylib
0x000000000110e000 	/usr/lib/system/libsystem_notify.dylib
0x000000000110e000 	/usr/lib/system/libsystem_platform.dylib
0x000000000110e000 	/usr/lib/system/libsystem_pthread.dylib
0x000000000110e000 	/usr/lib/system/libsystem_sandbox.dylib
0x000000000110e000 	/usr/lib/system/libsystem_secinit.dylib
0x000000000110e000 	/usr/lib/system/libsystem_stats.dylib
0x000000000110e000 	/usr/lib/system/libsystem_trace.dylib
0x000000000110e000 	/usr/lib/system/libunc.dylib
0x000000000110e000 	/usr/lib/system/libunwind.dylib
0x000000000110e000 	/usr/lib/system/libxpc.dylib
0x000000000110e000 	/usr/lib/libbz2.1.0.dylib
0x000000000110e000 	/usr/lib/liblzma.5.dylib
0x000000000110e000 	/usr/lib/libbsm.0.dylib
0x000000000110e000 	/usr/lib/libsqlite3.dylib
0x000000000110e000 	/usr/lib/system/libkxld.dylib
0x000000000110e000 	/usr/lib/libxar.1.dylib
0x000000000110e000 	/usr/lib/libpam.2.dylib
0x000000000110e000 	/usr/lib/libOpenScriptingUtil.dylib
0x000000000110e000 	/System/Library/Frameworks/CoreServices.framework/Versions/A/Frameworks/FSEvents.framework/Versions/A/FSEvents
0x000000000110e000 	/System/Library/Frameworks/CoreServices.framework/Versions/A/Frameworks/CarbonCore.framework/Versions/A/CarbonCore
0x000000000110e000 	/System/Library/Frameworks/CoreServices.framework/Versions/A/Frameworks/Metadata.framework/Versions/A/Metadata
0x000000000110e000 	/System/Library/Frameworks/CoreServices.framework/Versions/A/Frameworks/OSServices.framework/Versions/A/OSServices
0x000000000110e000 	/System/Library/Frameworks/CoreServices.framework/Versions/A/Frameworks/SearchKit.framework/Versions/A/SearchKit
0x000000000110e000 	/System/Library/Frameworks/CoreServices.framework/Versions/A/Frameworks/AE.framework/Versions/A/AE
0x000000000110e000 	/System/Library/Frameworks/CoreServices.framework/Versions/A/Frameworks/LaunchServices.framework/Versions/A/LaunchServices
0x000000000110e000 	/System/Library/Frameworks/CoreServices.framework/Versions/A/Frameworks/DictionaryServices.framework/Versions/A/DictionaryServices
0x000000000110e000 	/System/Library/Frameworks/NetFS.framework/Versions/A/NetFS
0x000000000110e000 	/System/Library/PrivateFrameworks/NetAuth.framework/Versions/A/NetAuth
0x000000000110e000 	/System/Library/PrivateFrameworks/login.framework/Versions/A/Frameworks/loginsupport.framework/Versions/A/loginsupport
0x000000000110e000 	/System/Library/PrivateFrameworks/TCC.framework/Versions/A/TCC
0x000000000110e000 	/usr/lib/libmecabra.dylib
0x000000000110e000 	/System/Library/Frameworks/ApplicationServices.framework/Versions/A/Frameworks/ATS.framework/Versions/A/ATS
0x000000000110e000 	/System/Library/Frameworks/ApplicationServices.framework/Versions/A/Frameworks/ColorSync.framework/Versions/A/ColorSync
0x000000000110e000 	/System/Library/Frameworks/ApplicationServices.framework/Versions/A/Frameworks/HIServices.framework/Versions/A/HIServices
0x000000000110e000 	/System/Library/Frameworks/ApplicationServices.framework/Versions/A/Frameworks/LangAnalysis.framework/Versions/A/LangAnalysis
0x000000000110e000 	/System/Library/Frameworks/ApplicationServices.framework/Versions/A/Frameworks/PrintCore.framework/Versions/A/PrintCore
0x000000000110e000 	/System/Library/Frameworks/ApplicationServices.framework/Versions/A/Frameworks/QD.framework/Versions/A/QD
0x000000000110e000 	/System/Library/Frameworks/ApplicationServices.framework/Versions/A/Frameworks/SpeechSynthesis.framework/Versions/A/SpeechSynthesis
0x000000000110e000 	/System/Library/Frameworks/Accelerate.framework/Versions/A/Accelerate
0x000000000110e000 	/System/Library/Frameworks/Accelerate.framework/Versions/A/Frameworks/vImage.framework/Versions/A/vImage
0x000000000110e000 	/System/Library/Frameworks/Accelerate.framework/Versions/A/Frameworks/vecLib.framework/Versions/A/vecLib
0x000000000110e000 	/System/Library/Frameworks/Accelerate.framework/Versions/A/Frameworks/vecLib.framework/Versions/A/libvDSP.dylib
0x000000000110e000 	/System/Library/Frameworks/Accelerate.framework/Versions/A/Frameworks/vecLib.framework/Versions/A/libvMisc.dylib
0x000000000110e000 	/System/Library/Frameworks/Accelerate.framework/Versions/A/Frameworks/vecLib.framework/Versions/A/libLAPACK.dylib
0x000000000110e000 	/System/Library/Frameworks/Accelerate.framework/Versions/A/Frameworks/vecLib.framework/Versions/A/libBLAS.dylib
0x000000000110e000 	/System/Library/Frameworks/Accelerate.framework/Versions/A/Frameworks/vecLib.framework/Versions/A/libLinearAlgebra.dylib
0x000000000110e000 	/System/Library/Frameworks/ApplicationServices.framework/Versions/A/Frameworks/ATS.framework/Versions/A/Resources/libFontParser.dylib
0x000000000110e000 	/System/Library/Frameworks/ApplicationServices.framework/Versions/A/Frameworks/ATS.framework/Versions/A/Resources/libFontRegistry.dylib
0x000000000110e000 	/System/Library/PrivateFrameworks/AppleVPA.framework/Versions/A/AppleVPA
0x000000000110e000 	/System/Library/PrivateFrameworks/AppleJPEG.framework/Versions/A/AppleJPEG
0x000000000110e000 	/System/Library/Frameworks/ImageIO.framework/Versions/A/Resources/libJPEG.dylib
0x000000000110e000 	/System/Library/Frameworks/ImageIO.framework/Versions/A/Resources/libTIFF.dylib
0x000000000110e000 	/System/Library/Frameworks/ImageIO.framework/Versions/A/Resources/libPng.dylib
0x000000000110e000 	/System/Library/Frameworks/ImageIO.framework/Versions/A/Resources/libGIF.dylib
0x000000000110e000 	/System/Library/Frameworks/ImageIO.framework/Versions/A/Resources/libJP2.dylib
0x000000000110e000 	/System/Library/Frameworks/ImageIO.framework/Versions/A/Resources/libRadiance.dylib
0x000000000110e000 	/System/Library/Frameworks/CoreVideo.framework/Versions/A/CoreVideo
0x000000000110e000 	/System/Library/Frameworks/OpenGL.framework/Versions/A/Libraries/libGLU.dylib
0x000000000110e000 	/System/Library/Frameworks/OpenGL.framework/Versions/A/Libraries/libGFXShared.dylib
0x000000000110e000 	/System/Library/Frameworks/OpenGL.framework/Versions/A/Libraries/libGL.dylib
0x000000000110e000 	/System/Library/Frameworks/OpenGL.framework/Versions/A/Libraries/libGLImage.dylib
0x000000000110e000 	/System/Library/Frameworks/OpenGL.framework/Versions/A/Libraries/libCVMSPluginSupport.dylib
0x000000000110e000 	/System/Library/Frameworks/OpenGL.framework/Versions/A/Libraries/libCoreVMClient.dylib
0x000000000110e000 	/usr/lib/libcups.2.dylib
0x000000000110e000 	/System/Library/Frameworks/Kerberos.framework/Versions/A/Kerberos
0x000000000110e000 	/System/Library/Frameworks/GSS.framework/Versions/A/GSS
0x000000000110e000 	/usr/lib/libresolv.9.dylib
0x000000000110e000 	/usr/lib/libiconv.2.dylib
0x000000000110e000 	/System/Library/PrivateFrameworks/Heimdal.framework/Versions/A/Heimdal
0x000000000110e000 	/usr/lib/libheimdal-asn1.dylib
0x000000000110e000 	/System/Library/Frameworks/OpenDirectory.framework/Versions/A/OpenDirectory
0x000000000110e000 	/System/Library/PrivateFrameworks/CommonAuth.framework/Versions/A/CommonAuth
0x000000000110e000 	/System/Library/Frameworks/OpenDirectory.framework/Versions/A/Frameworks/CFOpenDirectory.framework/Versions/A/CFOpenDirectory
0x000000000110e000 	/System/Library/Frameworks/SecurityFoundation.framework/Versions/A/SecurityFoundation
0x000000000110e000 	/System/Library/PrivateFrameworks/LanguageModeling.framework/Versions/A/LanguageModeling
0x000000000110e000 	/usr/lib/libcmph.dylib
0x000000000110e000 	/System/Library/Frameworks/ServiceManagement.framework/Versions/A/ServiceManagement
0x000000000110e000 	/usr/lib/libxslt.1.dylib
0x000000000110e000 	/System/Library/Frameworks/Carbon.framework/Versions/A/Frameworks/Ink.framework/Versions/A/Ink
0x000000000110e000 	/System/Library/Frameworks/QuartzCore.framework/Versions/A/Frameworks/CoreImage.framework/Versions/A/CoreImage
0x000000000110e000 	/System/Library/PrivateFrameworks/CrashReporterSupport.framework/Versions/A/CrashReporterSupport
0x000000000110e000 	/System/Library/Frameworks/OpenCL.framework/Versions/A/OpenCL
0x000000000110e000 	/System/Library/PrivateFrameworks/FaceCore.framework/Versions/A/FaceCore
0x000000000110e000 	/System/Library/PrivateFrameworks/Ubiquity.framework/Versions/A/Ubiquity
0x000000000110e000 	/System/Library/PrivateFrameworks/IconServices.framework/Versions/A/IconServices
0x000000000110e000 	/System/Library/PrivateFrameworks/ChunkingLibrary.framework/Versions/A/ChunkingLibrary
0x000000000110e000 	/System/Library/PrivateFrameworks/Apple80211.framework/Versions/A/Apple80211
0x000000000110e000 	/System/Library/Frameworks/CoreWLAN.framework/Versions/A/CoreWLAN
0x000000000110e000 	/System/Library/Frameworks/IOBluetooth.framework/Versions/A/IOBluetooth
0x000000000110e000 	/System/Library/PrivateFrameworks/CoreWiFi.framework/Versions/A/CoreWiFi
0x000000000110e000 	/System/Library/Frameworks/CoreBluetooth.framework/Versions/A/CoreBluetooth
0x000000000110e000 	/System/Library/PrivateFrameworks/DebugSymbols.framework/Versions/A/DebugSymbols
0x000000000110e000 	/System/Library/PrivateFrameworks/CoreSymbolication.framework/Versions/A/CoreSymbolication
0x000000000110e000 	/System/Library/PrivateFrameworks/Symbolication.framework/Versions/A/Symbolication
0x000000000110e000 	/System/Library/PrivateFrameworks/SpeechRecognitionCore.framework/Versions/A/SpeechRecognitionCore
0x0000000110a00000 	/Library/Java/JavaVirtualMachines/jdk1.7.0_79.jdk/Contents/Home/jre/lib/server/libjvm.dylib
0x000000000110e000 	/usr/lib/libstdc++.6.dylib
0x00000001101ae000 	/Library/Java/JavaVirtualMachines/jdk1.7.0_79.jdk/Contents/Home/jre/lib/libverify.dylib
0x00000001101bb000 	/Library/Java/JavaVirtualMachines/jdk1.7.0_79.jdk/Contents/Home/jre/lib/libjava.dylib
0x00000001101f5000 	/Library/Java/JavaVirtualMachines/jdk1.7.0_79.jdk/Contents/Home/jre/lib/libzip.dylib
0x000000011acd3000 	/System/Library/Frameworks/JavaVM.framework/Frameworks/JavaRuntimeSupport.framework/JavaRuntimeSupport
0x000000011aceb000 	/System/Library/Frameworks/JavaVM.framework/Versions/A/Frameworks/JavaNativeFoundation.framework/Versions/A/JavaNativeFoundation
0x000000011ad00000 	/System/Library/Frameworks/JavaVM.framework/Versions/A/JavaVM
0x000000000110e000 	/System/Library/Frameworks/Carbon.framework/Versions/A/Carbon
0x000000011ad0d000 	/System/Library/PrivateFrameworks/JavaLaunching.framework/Versions/A/JavaLaunching
0x000000000110e000 	/System/Library/Frameworks/Carbon.framework/Versions/A/Frameworks/CommonPanels.framework/Versions/A/CommonPanels
0x000000000110e000 	/System/Library/Frameworks/Carbon.framework/Versions/A/Frameworks/Help.framework/Versions/A/Help
0x000000000110e000 	/System/Library/Frameworks/Carbon.framework/Versions/A/Frameworks/ImageCapture.framework/Versions/A/ImageCapture
0x000000000110e000 	/System/Library/Frameworks/Carbon.framework/Versions/A/Frameworks/OpenScripting.framework/Versions/A/OpenScripting
0x000000000110e000 	/System/Library/Frameworks/Carbon.framework/Versions/A/Frameworks/Print.framework/Versions/A/Print
0x000000000110e000 	/System/Library/Frameworks/Carbon.framework/Versions/A/Frameworks/SecurityHI.framework/Versions/A/SecurityHI
0x000000011cb66000 	/Library/Java/JavaVirtualMachines/jdk1.7.0_79.jdk/Contents/Home/jre/lib/libawt.dylib
0x000000011cc15000 	/Library/Java/JavaVirtualMachines/jdk1.7.0_79.jdk/Contents/Home/jre/lib/./libmlib_image.dylib
0x000000011cce1000 	/Library/Java/JavaVirtualMachines/jdk1.7.0_79.jdk/Contents/Home/jre/lib/lwawt/liblwawt.dylib
0x000000011cd97000 	/Library/Java/JavaVirtualMachines/jdk1.7.0_79.jdk/Contents/Home/jre/lib/libosxapp.dylib
0x000000000110e000 	/System/Library/Frameworks/ExceptionHandling.framework/Versions/A/ExceptionHandling
0x000000000110e000 	/System/Library/PrivateFrameworks/CoreServicesInternal.framework/Versions/A/CoreServicesInternal
0x000000000110e000 	/System/Library/PrivateFrameworks/CloudDocs.framework/Versions/A/CloudDocs
0x000000000110e000 	/System/Library/PrivateFrameworks/CoreDuet.framework/Versions/A/CoreDuet
0x000000000110e000 	/System/Library/Frameworks/CloudKit.framework/Versions/A/CloudKit
0x000000000110e000 	/System/Library/PrivateFrameworks/ProtocolBuffer.framework/Versions/A/ProtocolBuffer
0x000000000110e000 	/System/Library/PrivateFrameworks/CoreDuetDaemonProtocol.framework/Versions/A/CoreDuetDaemonProtocol
0x000000000110e000 	/System/Library/PrivateFrameworks/CoreDuetDebugLogging.framework/Versions/A/CoreDuetDebugLogging
0x000000000110e000 	/System/Library/PrivateFrameworks/MMCS.framework/Versions/A/MMCS
0x000000000110e000 	/System/Library/Frameworks/CoreLocation.framework/Versions/A/CoreLocation
0x000000000110e000 	/System/Library/PrivateFrameworks/ProtectedCloudStorage.framework/Versions/A/ProtectedCloudStorage
0x000000000110e000 	/System/Library/PrivateFrameworks/GeoServices.framework/Versions/A/GeoServices
0x000000000110e000 	/System/Library/Frameworks/CoreGraphics.framework/Versions/A/Resources/libCGCMS.A.dylib
0x000000000110e000 	/System/Library/Frameworks/CoreGraphics.framework/Versions/A/Resources/libRIP.A.dylib
0x000000000110e000 	/System/Library/Frameworks/CoreGraphics.framework/Versions/A/Resources/libCGXType.A.dylib
0x000000000110e000 	/System/Library/Frameworks/OpenCL.framework/Versions/A/Libraries/libcldcpuengine.dylib
0x000000000110e000 	/System/Library/PrivateFrameworks/DiskImages.framework/Versions/A/DiskImages
0x000000000110e000 	/System/Library/Frameworks/DiscRecording.framework/Versions/A/DiscRecording
0x000000000110e000 	/usr/lib/libcsfde.dylib
0x000000000110e000 	/usr/lib/libcurl.4.dylib
0x000000000110e000 	/System/Library/PrivateFrameworks/MediaKit.framework/Versions/A/MediaKit
0x000000000110e000 	/usr/lib/libCoreStorage.dylib
0x000000000110e000 	/System/Library/PrivateFrameworks/EFILogin.framework/Versions/A/EFILogin
0x000000000110e000 	/usr/lib/libutil.dylib
0x000000000110e000 	/System/Library/PrivateFrameworks/FindMyDevice.framework/Versions/A/FindMyDevice
0x000000000110e000 	/System/Library/Frameworks/LDAP.framework/Versions/A/LDAP
0x000000000110e000 	/usr/lib/libsasl2.2.dylib
0x000000000110e000 	/System/Library/PrivateFrameworks/CoreDaemon.framework/Versions/B/CoreDaemon
0x000000000110e000 	/usr/lib/libcrypto.0.9.8.dylib
0x000000000110e000 	/System/Library/PrivateFrameworks/AppleSRP.framework/Versions/A/AppleSRP
0x000000000110e000 	/System/Library/PrivateFrameworks/TrustEvaluationAgent.framework/Versions/A/TrustEvaluationAgent
0x000000011ff25000 	cl_kernels
0x000000011ff27000 	/System/Library/Frameworks/OpenCL.framework/Versions/A/Libraries/ImageFormats/unorm8_bgra.dylib
0x000000011ff17000 	cl_kernels
0x000000000110e000 	/System/Library/PrivateFrameworks/FamilyControls.framework/Versions/A/FamilyControls
0x000000000110e000 	/System/Library/PrivateFrameworks/CommerceKit.framework/Versions/A/Frameworks/CommerceCore.framework/Versions/A/CommerceCore
0x000000000110e000 	/System/Library/PrivateFrameworks/SystemAdministration.framework/Versions/A/SystemAdministration
0x000000000110e000 	/System/Library/PrivateFrameworks/AppContainer.framework/Versions/A/AppContainer
0x000000000110e000 	/System/Library/PrivateFrameworks/SecCodeWrapper.framework/Versions/A/SecCodeWrapper
0x000000000110e000 	/System/Library/Frameworks/DirectoryService.framework/Versions/A/DirectoryService
0x000000000110e000 	/System/Library/PrivateFrameworks/LoginUIKit.framework/Versions/A/Frameworks/LoginUICore.framework/Versions/A/LoginUICore
0x000000000110e000 	/usr/lib/libodfde.dylib
0x00000001211ab000 	/Library/Java/JavaVirtualMachines/jdk1.7.0_79.jdk/Contents/Home/jre/lib/libfontmanager.dylib
0x0000000121212000 	/Users/alexanderrisvang/Documents/AndroidDevelopment/OOSE2015/native/liblwjgl.dylib
0x000000011f390000 	/Library/Java/JavaVirtualMachines/jdk1.7.0_79.jdk/Contents/Home/jre/lib/libjawt.dylib
0x000000011f393000 	/Library/Java/JavaVirtualMachines/jdk1.7.0_79.jdk/Contents/Home/jre/lib/libnio.dylib
0x000000011f3a2000 	/Library/Java/JavaVirtualMachines/jdk1.7.0_79.jdk/Contents/Home/jre/lib/./libnet.dylib
0x000000000110e000 	/System/Library/Frameworks/OpenGL.framework/Versions/A/Resources/GLEngine.bundle/GLEngine
0x000000000110e000 	/System/Library/Frameworks/OpenGL.framework/Versions/A/Libraries/libGLProgrammability.dylib
0x0000000000000000 	/System/Library/Extensions/AppleIntelBDWGraphicsGLDriver.bundle/Contents/MacOS/AppleIntelBDWGraphicsGLDriver
0x000000000110e000 	/System/Library/PrivateFrameworks/IOAccelerator.framework/Versions/A/IOAccelerator
0x000000000110e000 	/System/Library/PrivateFrameworks/GPUSupport.framework/Versions/A/Libraries/libGPUSupportMercury.dylib
0x000000000110e000 	/System/Library/Frameworks/OpenGL.framework/Versions/A/Resources/GLRendererFloat.bundle/GLRendererFloat
0x0000000121e9a000 	/Users/alexanderrisvang/Documents/AndroidDevelopment/OOSE2015/native/libjinput-osx.dylib
0x0000000121e9f000 	/System/Library/Extensions/IOHIDFamily.kext/Contents/PlugIns/IOHIDLib.plugin/Contents/MacOS/IOHIDLib
0x0000000121ece000 	/Users/alexanderrisvang/Documents/AndroidDevelopment/OOSE2015/native/openal.dylib
0x0000000121f52000 	/System/Library/Components/CoreAudio.component/Contents/MacOS/CoreAudio
0x000000012222b000 	/System/Library/Extensions/AppleHDA.kext/Contents/PlugIns/AppleHDAHALPlugIn.bundle/Contents/MacOS/AppleHDAHALPlugIn
0x00000001225bc000 	/Library/Java/JavaVirtualMachines/jdk1.7.0_79.jdk/Contents/Home/jre/lib/libjpeg.dylib
0x000000011e480000 	/Library/Java/JavaVirtualMachines/jdk1.7.0_79.jdk/Contents/Home/jre/lib/libkcms.dylib

VM Arguments:
jvm_args: -Djava.library.path=/Users/alexanderrisvang/Documents/AndroidDevelopment/OOSE2015/native -Dfile.encoding=UTF-8 
java_command: example.SimpleSlickGame
Launcher Type: SUN_STANDARD

Environment Variables:
PATH=/usr/bin:/bin:/usr/sbin:/sbin
SHELL=/bin/bash
DISPLAY=/private/tmp/com.apple.launchd.AbbsPSMwuv/org.macosforge.xquartz:0

Signal Handlers:
SIGSEGV: [libjvm.dylib+0x52daf1], sa_mask[0]=0xfffefeff, sa_flags=0x00000043
SIGBUS: [libjvm.dylib+0x52daf1], sa_mask[0]=0xfffefeff, sa_flags=0x00000042
SIGFPE: [libjvm.dylib+0x41f34e], sa_mask[0]=0xfffefeff, sa_flags=0x00000042
SIGPIPE: [libjvm.dylib+0x41f34e], sa_mask[0]=0xfffefeff, sa_flags=0x00000042
SIGXFSZ: [libjvm.dylib+0x41f34e], sa_mask[0]=0xfffefeff, sa_flags=0x00000042
SIGILL: [libjvm.dylib+0x41f34e], sa_mask[0]=0xfffefeff, sa_flags=0x00000042
SIGUSR1: SIG_DFL, sa_mask[0]=0x00000000, sa_flags=0x00000000
SIGUSR2: [libjvm.dylib+0x41ee40], sa_mask[0]=0x00000004, sa_flags=0x00000042
SIGHUP: [libjvm.dylib+0x41d0d1], sa_mask[0]=0xfffefeff, sa_flags=0x00000042
SIGINT: [libjvm.dylib+0x41d0d1], sa_mask[0]=0xfffefeff, sa_flags=0x00000042
SIGTERM: [libjvm.dylib+0x41d0d1], sa_mask[0]=0xfffefeff, sa_flags=0x00000042
SIGQUIT: [libjvm.dylib+0x41d0d1], sa_mask[0]=0xfffefeff, sa_flags=0x00000042


---------------  S Y S T E M  ---------------

OS:Bsduname:Darwin 14.3.0 Darwin Kernel Version 14.3.0: Mon Mar 23 11:59:05 PDT 2015; root:xnu-2782.20.48~5/RELEASE_X86_64 x86_64
rlimit: STACK 8192k, CORE 0k, NPROC 709, NOFILE 10240, AS infinity
load average:2.24 1.86 1.76

CPU:total 4 (2 cores per cpu, 2 threads per core) family 6 model 61 stepping 4, cmov, cx8, fxsr, mmx, sse, sse2, sse3, ssse3, sse4.1, sse4.2, popcnt, avx, avx2, aes, erms, ht, tsc, tscinvbit

Memory: 4k page, physical 8388608k(2097152k free)

/proc/meminfo:


vm_info: Java HotSpot(TM) 64-Bit Server VM (24.79-b02) for bsd-amd64 JRE (1.7.0_79-b15), built on Apr 10 2015 11:35:04 by "java_re" with gcc 4.2.1 (Based on Apple Inc. build 5658) (LLVM build 2336.11.00)

time: Fri May  8 16:06:58 2015
elapsed time: 19 seconds

